Building DAG of jobs...
Using shell: /usr/local/bin/bash
Provided cluster nodes: 5000
Job counts:
	count	jobs
	5	add_hdrr_coords
	1	all
	1	compress_no_sibs_vcf
	1	consolidate_subchrs
	1	create_no_sibs_vcf
	1	index_no_sibs_vcf
	1	remove_missing_no_sibs_vcf
	11
Select jobs to execute...

[Sun Mar 14 16:48:32 2021]
rule add_hdrr_coords:
    input: ../introgression/release-102/segmented/11_2/11_21065274_21099126_-1.data.txt
    output: ../introgression/release-102/cleaned/11_2/11_21065274_21099126_-1.txt
    jobid: 4583
    wildcards: chr=11, subchr=2, segment=11_21065274_21099126, strand=-1

input=../introgression/release-102/segmented/11_2/11_21065274_21099126_-1.data.txt; output=../introgression/release-102/cleaned/11_2/11_21065274_21099126_-1.txt; tmp_file=../tmp/11_21065274_21099126_-1.data.txt ; tac $input > $tmp_file ; Rscript --no-save --no-restore --no-environ --no-site-file code/scripts/introgression/20201015_add-hdrr-coords-to-emf-data_rc.R $tmp_file $input $output
Submitted job 4583 with external jobid 'Job <2467761> is submitted to default queue <research-rh74>.'.

[Sun Mar 14 16:48:32 2021]
rule add_hdrr_coords:
    input: ../introgression/release-102/segmented/1_2/1_16795958_16835713_1.data.txt
    output: ../introgression/release-102/cleaned/1_2/1_16795958_16835713_1.txt
    jobid: 7353
    wildcards: chr=1, subchr=2, segment=1_16795958_16835713, strand=1

input=../introgression/release-102/segmented/1_2/1_16795958_16835713_1.data.txt; output=../introgression/release-102/cleaned/1_2/1_16795958_16835713_1.txt; Rscript --no-save --no-restore --no-environ --no-site-file code/scripts/introgression/20200908_add-hdrr-coords-to-emf-data.R $input $output
Submitted job 7353 with external jobid 'Job <2467762> is submitted to default queue <research-rh74>.'.

[Sun Mar 14 16:48:33 2021]
rule add_hdrr_coords:
    input: ../introgression/release-102/segmented/20_1/20_6365114_6370294_-1.data.txt
    output: ../introgression/release-102/cleaned/20_1/20_6365114_6370294_-1.txt
    jobid: 2103
    wildcards: chr=20, subchr=1, segment=20_6365114_6370294, strand=-1

input=../introgression/release-102/segmented/20_1/20_6365114_6370294_-1.data.txt; output=../introgression/release-102/cleaned/20_1/20_6365114_6370294_-1.txt; tmp_file=../tmp/20_6365114_6370294_-1.data.txt ; tac $input > $tmp_file ; Rscript --no-save --no-restore --no-environ --no-site-file code/scripts/introgression/20201015_add-hdrr-coords-to-emf-data_rc.R $tmp_file $input $output
Submitted job 2103 with external jobid 'Job <2467763> is submitted to default queue <research-rh74>.'.

[Sun Mar 14 16:48:33 2021]
rule add_hdrr_coords:
    input: ../introgression/release-102/segmented/17_1/17_2139440_2153945_-1.data.txt
    output: ../introgression/release-102/cleaned/17_1/17_2139440_2153945_-1.txt
    jobid: 3996
    wildcards: chr=17, subchr=1, segment=17_2139440_2153945, strand=-1

input=../introgression/release-102/segmented/17_1/17_2139440_2153945_-1.data.txt; output=../introgression/release-102/cleaned/17_1/17_2139440_2153945_-1.txt; tmp_file=../tmp/17_2139440_2153945_-1.data.txt ; tac $input > $tmp_file ; Rscript --no-save --no-restore --no-environ --no-site-file code/scripts/introgression/20201015_add-hdrr-coords-to-emf-data_rc.R $tmp_file $input $output
Submitted job 3996 with external jobid 'Job <2467764> is submitted to default queue <research-rh74>.'.

[Sun Mar 14 16:48:33 2021]
rule add_hdrr_coords:
    input: ../introgression/release-102/segmented/24_2/24_16480574_16483416_-1.data.txt
    output: ../introgression/release-102/cleaned/24_2/24_16480574_16483416_-1.txt
    jobid: 3503
    wildcards: chr=24, subchr=2, segment=24_16480574_16483416, strand=-1

input=../introgression/release-102/segmented/24_2/24_16480574_16483416_-1.data.txt; output=../introgression/release-102/cleaned/24_2/24_16480574_16483416_-1.txt; tmp_file=../tmp/24_16480574_16483416_-1.data.txt ; tac $input > $tmp_file ; Rscript --no-save --no-restore --no-environ --no-site-file code/scripts/introgression/20201015_add-hdrr-coords-to-emf-data_rc.R $tmp_file $input $output
Submitted job 3503 with external jobid 'Job <2467765> is submitted to default queue <research-rh74>.'.

[Sun Mar 14 16:48:33 2021]
rule consolidate_subchrs:
    input: ../introgression/release-102/cleaned/3_1
    output: ../introgression/release-102/consolidated/3_1.txt
    jobid: 8958
    wildcards: chr=3, subchr=1

Rscript --no-save --no-restore --no-environ --no-site-file code/scripts/introgression/20201015_consolidate_chr_dat.R ../introgression/release-102/cleaned/3_1 ../introgression/release-102/consolidated/3_1.txt
Submitted job 8958 with external jobid 'Job <2467766> is submitted to default queue <research-rh74>.'.

[Sun Mar 14 16:48:33 2021]
rule create_no_sibs_vcf:
    input: /nfs/research1/birney/projects/medaka/inbred_panel/medaka-alignments-release-94/vcf/medaka_inbred_panel_ensembl_new_reference_release_94.vcf
    output: ../introgression/vcfs/ill_no-sibs.vcf
    jobid: 9009


        bcftools view --samples-file data/20200227_cram2line_no-sibs_cram-only.txt --output-type u /nfs/research1/birney/projects/medaka/inbred_panel/medaka-alignments-release-94/vcf/medaka_inbred_panel_ensembl_new_reference_release_94.vcf |            bcftools reheader                 --samples data/20200206_cram_id_to_line_id.txt                 --output ../introgression/vcfs/ill_no-sibs.vcf
        
Submitted job 9009 with external jobid 'Job <2467767> is submitted to default queue <research-rh74>.'.
[Sun Mar 14 16:49:01 2021]
Error in rule add_hdrr_coords:
    jobid: 7353
    output: ../introgression/release-102/cleaned/1_2/1_16795958_16835713_1.txt
    shell:
        input=../introgression/release-102/segmented/1_2/1_16795958_16835713_1.data.txt; output=../introgression/release-102/cleaned/1_2/1_16795958_16835713_1.txt; Rscript --no-save --no-restore --no-environ --no-site-file code/scripts/introgression/20200908_add-hdrr-coords-to-emf-data.R $input $output
        (one of the commands exited with non-zero exit code; note that snakemake uses bash strict mode!)
    cluster_jobid: Job <2467762> is submitted to default queue <research-rh74>.

Error executing rule add_hdrr_coords on cluster (jobid: 7353, external: Job <2467762> is submitted to default queue <research-rh74>., jobscript: /hps/research1/birney/users/ian/mikk_paper/mikk_genome/.snakemake/tmp.l776lckl/snakejob.add_hdrr_coords.7353.sh). For error details see the cluster log and the log files of the involved rule(s).
Job failed, going on with independent jobs.
[Sun Mar 14 16:49:01 2021]
Error in rule add_hdrr_coords:
    jobid: 2103
    output: ../introgression/release-102/cleaned/20_1/20_6365114_6370294_-1.txt
    shell:
        input=../introgression/release-102/segmented/20_1/20_6365114_6370294_-1.data.txt; output=../introgression/release-102/cleaned/20_1/20_6365114_6370294_-1.txt; tmp_file=../tmp/20_6365114_6370294_-1.data.txt ; tac $input > $tmp_file ; Rscript --no-save --no-restore --no-environ --no-site-file code/scripts/introgression/20201015_add-hdrr-coords-to-emf-data_rc.R $tmp_file $input $output
        (one of the commands exited with non-zero exit code; note that snakemake uses bash strict mode!)
    cluster_jobid: Job <2467763> is submitted to default queue <research-rh74>.

Error executing rule add_hdrr_coords on cluster (jobid: 2103, external: Job <2467763> is submitted to default queue <research-rh74>., jobscript: /hps/research1/birney/users/ian/mikk_paper/mikk_genome/.snakemake/tmp.l776lckl/snakejob.add_hdrr_coords.2103.sh). For error details see the cluster log and the log files of the involved rule(s).
Job failed, going on with independent jobs.
[Sun Mar 14 16:49:01 2021]
Error in rule add_hdrr_coords:
    jobid: 3996
    output: ../introgression/release-102/cleaned/17_1/17_2139440_2153945_-1.txt
    shell:
        input=../introgression/release-102/segmented/17_1/17_2139440_2153945_-1.data.txt; output=../introgression/release-102/cleaned/17_1/17_2139440_2153945_-1.txt; tmp_file=../tmp/17_2139440_2153945_-1.data.txt ; tac $input > $tmp_file ; Rscript --no-save --no-restore --no-environ --no-site-file code/scripts/introgression/20201015_add-hdrr-coords-to-emf-data_rc.R $tmp_file $input $output
        (one of the commands exited with non-zero exit code; note that snakemake uses bash strict mode!)
    cluster_jobid: Job <2467764> is submitted to default queue <research-rh74>.

Error executing rule add_hdrr_coords on cluster (jobid: 3996, external: Job <2467764> is submitted to default queue <research-rh74>., jobscript: /hps/research1/birney/users/ian/mikk_paper/mikk_genome/.snakemake/tmp.l776lckl/snakejob.add_hdrr_coords.3996.sh). For error details see the cluster log and the log files of the involved rule(s).
Job failed, going on with independent jobs.
[Sun Mar 14 16:49:01 2021]
Error in rule add_hdrr_coords:
    jobid: 3503
    output: ../introgression/release-102/cleaned/24_2/24_16480574_16483416_-1.txt
    shell:
        input=../introgression/release-102/segmented/24_2/24_16480574_16483416_-1.data.txt; output=../introgression/release-102/cleaned/24_2/24_16480574_16483416_-1.txt; tmp_file=../tmp/24_16480574_16483416_-1.data.txt ; tac $input > $tmp_file ; Rscript --no-save --no-restore --no-environ --no-site-file code/scripts/introgression/20201015_add-hdrr-coords-to-emf-data_rc.R $tmp_file $input $output
        (one of the commands exited with non-zero exit code; note that snakemake uses bash strict mode!)
    cluster_jobid: Job <2467765> is submitted to default queue <research-rh74>.

Error executing rule add_hdrr_coords on cluster (jobid: 3503, external: Job <2467765> is submitted to default queue <research-rh74>., jobscript: /hps/research1/birney/users/ian/mikk_paper/mikk_genome/.snakemake/tmp.l776lckl/snakejob.add_hdrr_coords.3503.sh). For error details see the cluster log and the log files of the involved rule(s).
Job failed, going on with independent jobs.
[Sun Mar 14 16:49:11 2021]
Error in rule add_hdrr_coords:
    jobid: 4583
    output: ../introgression/release-102/cleaned/11_2/11_21065274_21099126_-1.txt
    shell:
        input=../introgression/release-102/segmented/11_2/11_21065274_21099126_-1.data.txt; output=../introgression/release-102/cleaned/11_2/11_21065274_21099126_-1.txt; tmp_file=../tmp/11_21065274_21099126_-1.data.txt ; tac $input > $tmp_file ; Rscript --no-save --no-restore --no-environ --no-site-file code/scripts/introgression/20201015_add-hdrr-coords-to-emf-data_rc.R $tmp_file $input $output
        (one of the commands exited with non-zero exit code; note that snakemake uses bash strict mode!)
    cluster_jobid: Job <2467761> is submitted to default queue <research-rh74>.

Error executing rule add_hdrr_coords on cluster (jobid: 4583, external: Job <2467761> is submitted to default queue <research-rh74>., jobscript: /hps/research1/birney/users/ian/mikk_paper/mikk_genome/.snakemake/tmp.l776lckl/snakejob.add_hdrr_coords.4583.sh). For error details see the cluster log and the log files of the involved rule(s).
Job failed, going on with independent jobs.
[Sun Mar 14 16:51:33 2021]
Finished job 8958.
1 of 11 steps (9%) done
[Sun Mar 14 17:56:49 2021]
Finished job 9009.
2 of 11 steps (18%) done
Select jobs to execute...

[Sun Mar 14 17:56:50 2021]
rule compress_no_sibs_vcf:
    input: ../introgression/vcfs/ill_no-sibs.vcf
    output: ../introgression/vcfs/ill_no-sibs.vcf.gz
    jobid: 9010


        bcftools view             --output-type z
            --output ../introgression/vcfs/ill_no-sibs.vcf.gz             ../introgression/vcfs/ill_no-sibs.vcf
        
Submitted job 9010 with external jobid 'Job <2469082> is submitted to default queue <research-rh74>.'.
[Sun Mar 14 17:56:59 2021]
Error in rule compress_no_sibs_vcf:
    jobid: 9010
    output: ../introgression/vcfs/ill_no-sibs.vcf.gz
    shell:
        
        bcftools view             --output-type z
            --output ../introgression/vcfs/ill_no-sibs.vcf.gz             ../introgression/vcfs/ill_no-sibs.vcf
        
        (one of the commands exited with non-zero exit code; note that snakemake uses bash strict mode!)
    cluster_jobid: Job <2469082> is submitted to default queue <research-rh74>.

Error executing rule compress_no_sibs_vcf on cluster (jobid: 9010, external: Job <2469082> is submitted to default queue <research-rh74>., jobscript: /hps/research1/birney/users/ian/mikk_paper/mikk_genome/.snakemake/tmp.l776lckl/snakejob.compress_no_sibs_vcf.9010.sh). For error details see the cluster log and the log files of the involved rule(s).
Job failed, going on with independent jobs.
Exiting because a job execution failed. Look above for error message
Complete log: /hps/research1/birney/users/ian/mikk_paper/mikk_genome/.snakemake/log/2021-03-14T164707.576280.snakemake.log
