Building DAG of jobs...
Using shell: /usr/local/bin/bash
Provided cluster nodes: 5000
Job counts:
	count	jobs
	1	all
	1	kaga_call_haplotypes
	1	kaga_genotype
	1	kaga_index_bam
	4
Select jobs to execute...

[Wed Mar 24 08:24:20 2021]
rule kaga_call_haplotypes:
    input: ../introgression/bams/kaga_marked.bam, ../refs/Oryzias_latipes.ASM223467v1.dna.toplevel.fa
    output: ../introgression/vcfs/kaga.g.vcf.gz
    jobid: 7


        gatk --java-options "-Xmx12g" HaplotypeCaller              -R ../refs/Oryzias_latipes.ASM223467v1.dna.toplevel.fa             -I ../introgression/bams/kaga_marked.bam             -O ../introgression/vcfs/kaga.g.vcf.gz             -ERC GVCF
        
Submitted job 7 with external jobid 'Job <4476517> is submitted to default queue <research-rh74>.'.

[Wed Mar 24 08:24:21 2021]
rule kaga_index_bam:
    input: ../introgression/bams/kaga_marked.bam
    output: ../introgression/bams/kaga_marked.bai
    jobid: 6


        java -jar /usr/picard/picard.jar BuildBamIndex             I=../introgression/bams/kaga_marked.bam
        
Submitted job 6 with external jobid 'Job <4476521> is submitted to default queue <research-rh74>.'.
[Wed Mar 24 08:24:39 2021]
Error in rule kaga_call_haplotypes:
    jobid: 7
    output: ../introgression/vcfs/kaga.g.vcf.gz
    shell:
        
        gatk --java-options "-Xmx12g" HaplotypeCaller              -R ../refs/Oryzias_latipes.ASM223467v1.dna.toplevel.fa             -I ../introgression/bams/kaga_marked.bam             -O ../introgression/vcfs/kaga.g.vcf.gz             -ERC GVCF
        
        (one of the commands exited with non-zero exit code; note that snakemake uses bash strict mode!)
    cluster_jobid: Job <4476517> is submitted to default queue <research-rh74>.

Error executing rule kaga_call_haplotypes on cluster (jobid: 7, external: Job <4476517> is submitted to default queue <research-rh74>., jobscript: /hps/research1/birney/users/ian/mikk_paper/mikk_genome/.snakemake/tmp.wydmyqip/snakejob.kaga_call_haplotypes.7.sh). For error details see the cluster log and the log files of the involved rule(s).
Job failed, going on with independent jobs.
[Wed Mar 24 08:26:30 2021]
Finished job 6.
1 of 4 steps (25%) done
Exiting because a job execution failed. Look above for error message
Complete log: /hps/research1/birney/users/ian/mikk_paper/mikk_genome/.snakemake/log/2021-03-24T082414.454989.snakemake.log
