Building DAG of jobs...
Using shell: /usr/local/bin/bash
Provided cluster nodes: 5000
Job counts:
	count	jobs
	1	all
	1	combine_all_mikk_freq_tables
	3	combine_chr_freq_tables
	5
Select jobs to execute...

[Mon Mar 15 13:50:36 2021]
rule combine_chr_freq_tables:
    input: ../introgression/freq_tables/mikk_all
    output: ../introgression/freq_tables/mikk_all.txt
    jobid: 9183
    wildcards: group=all


        Rscript --no-save --no-restore --no-environ --no-site-file code/scripts/introgression/20210315_combine_chr_freq_tables.R all ../introgression/freq_tables/mikk_all ../introgression/freq_tables/mikk_all.txt
        
Submitted job 9183 with external jobid 'Job <2561202> is submitted to default queue <research-rh74>.'.

[Mon Mar 15 13:50:37 2021]
rule combine_chr_freq_tables:
    input: ../introgression/freq_tables/mikk_1
    output: ../introgression/freq_tables/mikk_1.txt
    jobid: 9184
    wildcards: group=1


        Rscript --no-save --no-restore --no-environ --no-site-file code/scripts/introgression/20210315_combine_chr_freq_tables.R 1 ../introgression/freq_tables/mikk_1 ../introgression/freq_tables/mikk_1.txt
        
Submitted job 9184 with external jobid 'Job <2561203> is submitted to default queue <research-rh74>.'.

[Mon Mar 15 13:50:37 2021]
rule combine_chr_freq_tables:
    input: ../introgression/freq_tables/mikk_2
    output: ../introgression/freq_tables/mikk_2.txt
    jobid: 9185
    wildcards: group=2


        Rscript --no-save --no-restore --no-environ --no-site-file code/scripts/introgression/20210315_combine_chr_freq_tables.R 2 ../introgression/freq_tables/mikk_2 ../introgression/freq_tables/mikk_2.txt
        
Submitted job 9185 with external jobid 'Job <2561204> is submitted to default queue <research-rh74>.'.
[Mon Mar 15 13:51:26 2021]
Finished job 9184.
1 of 5 steps (20%) done
[Mon Mar 15 13:51:36 2021]
Finished job 9183.
2 of 5 steps (40%) done
[Mon Mar 15 13:51:36 2021]
Finished job 9185.
3 of 5 steps (60%) done
Select jobs to execute...

[Mon Mar 15 13:51:37 2021]
rule combine_all_mikk_freq_tables:
    input: ../introgression/freq_tables/mikk_all.txt, ../introgression/freq_tables/mikk_1.txt, ../introgression/freq_tables/mikk_2.txt
    output: ../introgression/freq_tables/all.txt
    jobid: 9186


        Rscript --no-save --no-restore --no-environ --no-site-file code/scripts/introgression/20210315_combine_all_mikk_freq_tables.R ../introgression/freq_tables/mikk_all.txt ../introgression/freq_tables/mikk_1.txt ../introgression/freq_tables/mikk_2.txt ../introgression/freq_tables/all.txt
        
Submitted job 9186 with external jobid 'Job <2561233> is submitted to default queue <research-rh74>.'.
[Mon Mar 15 14:18:11 2021]
Error in rule combine_all_mikk_freq_tables:
    jobid: 9186
    output: ../introgression/freq_tables/all.txt
    shell:
        
        Rscript --no-save --no-restore --no-environ --no-site-file code/scripts/introgression/20210315_combine_all_mikk_freq_tables.R ../introgression/freq_tables/mikk_all.txt ../introgression/freq_tables/mikk_1.txt ../introgression/freq_tables/mikk_2.txt ../introgression/freq_tables/all.txt
        
        (one of the commands exited with non-zero exit code; note that snakemake uses bash strict mode!)
    cluster_jobid: Job <2561233> is submitted to default queue <research-rh74>.

Error executing rule combine_all_mikk_freq_tables on cluster (jobid: 9186, external: Job <2561233> is submitted to default queue <research-rh74>., jobscript: /hps/research1/birney/users/ian/mikk_paper/mikk_genome/.snakemake/tmp.ry64oxmu/snakejob.combine_all_mikk_freq_tables.9186.sh). For error details see the cluster log and the log files of the involved rule(s).
Job failed, going on with independent jobs.
Exiting because a job execution failed. Look above for error message
Complete log: /hps/research1/birney/users/ian/mikk_paper/mikk_genome/.snakemake/log/2021-03-15T134625.690593.snakemake.log
