Building DAG of jobs...
Using shell: /usr/local/bin/bash
Provided cluster nodes: 5000
Job counts:
	count	jobs
	1	add_kaga_read_groups
	1	all
	3	combine_sliding_windows_data_131
	48	emf_2_geno_extract_131
	1	mark_kaga_duplicates
	288	run_abba_baba_sliding_131
	342
Select jobs to execute...

[Tue Mar 23 19:31:28 2021]
rule emf_2_geno_extract_131:
    input: ../introgression/genos/final_full-run/22.txt, data/sv_analysis/20210323_full-run_except_131-2.txt
    output: ../introgression/genos/final_131-2/22.txt
    jobid: 9471
    wildcards: line_131_sib=131-2, chr=22


        Rscript --no-save --no-restore --no-environ --no-site-file code/scripts/introgression/20201022_remove_sibs.R ../introgression/genos/final_full-run/22.txt data/sv_analysis/20210323_full-run_except_131-2.txt ../introgression/genos/final_131-2/22.txt
        
Submitted job 9471 with external jobid 'Job <4253561> is submitted to default queue <research-rh74>.'.

[Tue Mar 23 19:31:28 2021]
rule emf_2_geno_extract_131:
    input: ../introgression/genos/final_full-run/17.txt, data/sv_analysis/20210323_full-run_except_131-2.txt
    output: ../introgression/genos/final_131-2/17.txt
    jobid: 9486
    wildcards: line_131_sib=131-2, chr=17


        Rscript --no-save --no-restore --no-environ --no-site-file code/scripts/introgression/20201022_remove_sibs.R ../introgression/genos/final_full-run/17.txt data/sv_analysis/20210323_full-run_except_131-2.txt ../introgression/genos/final_131-2/17.txt
        
Submitted job 9486 with external jobid 'Job <4253562> is submitted to default queue <research-rh74>.'.

[Tue Mar 23 19:31:28 2021]
rule emf_2_geno_extract_131:
    input: ../introgression/genos/final_full-run/24.txt, data/sv_analysis/20210323_full-run_except_131-2.txt
    output: ../introgression/genos/final_131-2/24.txt
    jobid: 9479
    wildcards: line_131_sib=131-2, chr=24


        Rscript --no-save --no-restore --no-environ --no-site-file code/scripts/introgression/20201022_remove_sibs.R ../introgression/genos/final_full-run/24.txt data/sv_analysis/20210323_full-run_except_131-2.txt ../introgression/genos/final_131-2/24.txt
        
Submitted job 9479 with external jobid 'Job <4253566> is submitted to default queue <research-rh74>.'.

[Tue Mar 23 19:31:29 2021]
rule emf_2_geno_extract_131:
    input: ../introgression/genos/final_full-run/7.txt, data/sv_analysis/20210323_full-run_except_131-4.txt
    output: ../introgression/genos/final_131-4/7.txt
    jobid: 9501
    wildcards: line_131_sib=131-4, chr=7


        Rscript --no-save --no-restore --no-environ --no-site-file code/scripts/introgression/20201022_remove_sibs.R ../introgression/genos/final_full-run/7.txt data/sv_analysis/20210323_full-run_except_131-4.txt ../introgression/genos/final_131-4/7.txt
        
Submitted job 9501 with external jobid 'Job <4253570> is submitted to default queue <research-rh74>.'.

[Tue Mar 23 19:31:29 2021]
rule emf_2_geno_extract_131:
    input: ../introgression/genos/final_full-run/19.txt, data/sv_analysis/20210323_full-run_except_131-4.txt
    output: ../introgression/genos/final_131-4/19.txt
    jobid: 9494
    wildcards: line_131_sib=131-4, chr=19


        Rscript --no-save --no-restore --no-environ --no-site-file code/scripts/introgression/20201022_remove_sibs.R ../introgression/genos/final_full-run/19.txt data/sv_analysis/20210323_full-run_except_131-4.txt ../introgression/genos/final_131-4/19.txt
        
Submitted job 9494 with external jobid 'Job <4253572> is submitted to default queue <research-rh74>.'.

[Tue Mar 23 19:31:29 2021]
rule emf_2_geno_extract_131:
    input: ../introgression/genos/final_full-run/2.txt, data/sv_analysis/20210323_full-run_except_131-4.txt
    output: ../introgression/genos/final_131-4/2.txt
    jobid: 9516
    wildcards: line_131_sib=131-4, chr=2


        Rscript --no-save --no-restore --no-environ --no-site-file code/scripts/introgression/20201022_remove_sibs.R ../introgression/genos/final_full-run/2.txt data/sv_analysis/20210323_full-run_except_131-4.txt ../introgression/genos/final_131-4/2.txt
        
Submitted job 9516 with external jobid 'Job <4253576> is submitted to default queue <research-rh74>.'.

[Tue Mar 23 19:31:29 2021]
rule emf_2_geno_extract_131:
    input: ../introgression/genos/final_full-run/1.txt, data/sv_analysis/20210323_full-run_except_131-4.txt
    output: ../introgression/genos/final_131-4/1.txt
    jobid: 9509
    wildcards: line_131_sib=131-4, chr=1


        Rscript --no-save --no-restore --no-environ --no-site-file code/scripts/introgression/20201022_remove_sibs.R ../introgression/genos/final_full-run/1.txt data/sv_analysis/20210323_full-run_except_131-4.txt ../introgression/genos/final_131-4/1.txt
        
Submitted job 9509 with external jobid 'Job <4253579> is submitted to default queue <research-rh74>.'.

[Tue Mar 23 19:31:29 2021]
rule emf_2_geno_extract_131:
    input: ../introgression/genos/final_full-run/5.txt, data/sv_analysis/20210323_full-run_except_131-2.txt
    output: ../introgression/genos/final_131-2/5.txt
    jobid: 9472
    wildcards: line_131_sib=131-2, chr=5


        Rscript --no-save --no-restore --no-environ --no-site-file code/scripts/introgression/20201022_remove_sibs.R ../introgression/genos/final_full-run/5.txt data/sv_analysis/20210323_full-run_except_131-2.txt ../introgression/genos/final_131-2/5.txt
        
Submitted job 9472 with external jobid 'Job <4253583> is submitted to default queue <research-rh74>.'.

[Tue Mar 23 19:31:29 2021]
rule emf_2_geno_extract_131:
    input: ../introgression/genos/final_full-run/15.txt, data/sv_analysis/20210323_full-run_except_131-2.txt
    output: ../introgression/genos/final_131-2/15.txt
    jobid: 9487
    wildcards: line_131_sib=131-2, chr=15


        Rscript --no-save --no-restore --no-environ --no-site-file code/scripts/introgression/20201022_remove_sibs.R ../introgression/genos/final_full-run/15.txt data/sv_analysis/20210323_full-run_except_131-2.txt ../introgression/genos/final_131-2/15.txt
        
Submitted job 9487 with external jobid 'Job <4253585> is submitted to default queue <research-rh74>.'.

[Tue Mar 23 19:31:29 2021]
rule emf_2_geno_extract_131:
    input: ../introgression/genos/final_full-run/4.txt, data/sv_analysis/20210323_full-run_except_131-2.txt
    output: ../introgression/genos/final_131-2/4.txt
    jobid: 9480
    wildcards: line_131_sib=131-2, chr=4


        Rscript --no-save --no-restore --no-environ --no-site-file code/scripts/introgression/20201022_remove_sibs.R ../introgression/genos/final_full-run/4.txt data/sv_analysis/20210323_full-run_except_131-2.txt ../introgression/genos/final_131-2/4.txt
        
Submitted job 9480 with external jobid 'Job <4253590> is submitted to default queue <research-rh74>.'.

[Tue Mar 23 19:31:30 2021]
rule emf_2_geno_extract_131:
    input: ../introgression/genos/final_full-run/22.txt, data/sv_analysis/20210323_full-run_except_131-4.txt
    output: ../introgression/genos/final_131-4/22.txt
    jobid: 9495
    wildcards: line_131_sib=131-4, chr=22


        Rscript --no-save --no-restore --no-environ --no-site-file code/scripts/introgression/20201022_remove_sibs.R ../introgression/genos/final_full-run/22.txt data/sv_analysis/20210323_full-run_except_131-4.txt ../introgression/genos/final_131-4/22.txt
        
Submitted job 9495 with external jobid 'Job <4253593> is submitted to default queue <research-rh74>.'.

[Tue Mar 23 19:31:30 2021]
rule emf_2_geno_extract_131:
    input: ../introgression/genos/final_full-run/6.txt, data/sv_analysis/20210323_full-run_except_131-4.txt
    output: ../introgression/genos/final_131-4/6.txt
    jobid: 9502
    wildcards: line_131_sib=131-4, chr=6


        Rscript --no-save --no-restore --no-environ --no-site-file code/scripts/introgression/20201022_remove_sibs.R ../introgression/genos/final_full-run/6.txt data/sv_analysis/20210323_full-run_except_131-4.txt ../introgression/genos/final_131-4/6.txt
        
Submitted job 9502 with external jobid 'Job <4253598> is submitted to default queue <research-rh74>.'.

[Tue Mar 23 19:31:30 2021]
rule emf_2_geno_extract_131:
    input: ../introgression/genos/final_full-run/17.txt, data/sv_analysis/20210323_full-run_except_131-4.txt
    output: ../introgression/genos/final_131-4/17.txt
    jobid: 9510
    wildcards: line_131_sib=131-4, chr=17


        Rscript --no-save --no-restore --no-environ --no-site-file code/scripts/introgression/20201022_remove_sibs.R ../introgression/genos/final_full-run/17.txt data/sv_analysis/20210323_full-run_except_131-4.txt ../introgression/genos/final_131-4/17.txt
        
Submitted job 9510 with external jobid 'Job <4253607> is submitted to default queue <research-rh74>.'.

[Tue Mar 23 19:31:30 2021]
rule emf_2_geno_extract_131:
    input: ../introgression/genos/final_full-run/8.txt, data/sv_analysis/20210323_full-run_except_131-2.txt
    output: ../introgression/genos/final_131-2/8.txt
    jobid: 9473
    wildcards: line_131_sib=131-2, chr=8


        Rscript --no-save --no-restore --no-environ --no-site-file code/scripts/introgression/20201022_remove_sibs.R ../introgression/genos/final_full-run/8.txt data/sv_analysis/20210323_full-run_except_131-2.txt ../introgression/genos/final_131-2/8.txt
        
Submitted job 9473 with external jobid 'Job <4253613> is submitted to default queue <research-rh74>.'.

[Tue Mar 23 19:31:31 2021]
rule emf_2_geno_extract_131:
    input: ../introgression/genos/final_full-run/12.txt, data/sv_analysis/20210323_full-run_except_131-2.txt
    output: ../introgression/genos/final_131-2/12.txt
    jobid: 9488
    wildcards: line_131_sib=131-2, chr=12


        Rscript --no-save --no-restore --no-environ --no-site-file code/scripts/introgression/20201022_remove_sibs.R ../introgression/genos/final_full-run/12.txt data/sv_analysis/20210323_full-run_except_131-2.txt ../introgression/genos/final_131-2/12.txt
        
Submitted job 9488 with external jobid 'Job <4253617> is submitted to default queue <research-rh74>.'.

[Tue Mar 23 19:31:31 2021]
rule emf_2_geno_extract_131:
    input: ../introgression/genos/final_full-run/18.txt, data/sv_analysis/20210323_full-run_except_131-2.txt
    output: ../introgression/genos/final_131-2/18.txt
    jobid: 9481
    wildcards: line_131_sib=131-2, chr=18


        Rscript --no-save --no-restore --no-environ --no-site-file code/scripts/introgression/20201022_remove_sibs.R ../introgression/genos/final_full-run/18.txt data/sv_analysis/20210323_full-run_except_131-2.txt ../introgression/genos/final_131-2/18.txt
        
Submitted job 9481 with external jobid 'Job <4253618> is submitted to default queue <research-rh74>.'.

[Tue Mar 23 19:31:31 2021]
rule emf_2_geno_extract_131:
    input: ../introgression/genos/final_full-run/24.txt, data/sv_analysis/20210323_full-run_except_131-4.txt
    output: ../introgression/genos/final_131-4/24.txt
    jobid: 9503
    wildcards: line_131_sib=131-4, chr=24


        Rscript --no-save --no-restore --no-environ --no-site-file code/scripts/introgression/20201022_remove_sibs.R ../introgression/genos/final_full-run/24.txt data/sv_analysis/20210323_full-run_except_131-4.txt ../introgression/genos/final_131-4/24.txt
        
Submitted job 9503 with external jobid 'Job <4253619> is submitted to default queue <research-rh74>.'.

[Tue Mar 23 19:31:31 2021]
rule emf_2_geno_extract_131:
    input: ../introgression/genos/final_full-run/15.txt, data/sv_analysis/20210323_full-run_except_131-4.txt
    output: ../introgression/genos/final_131-4/15.txt
    jobid: 9511
    wildcards: line_131_sib=131-4, chr=15


        Rscript --no-save --no-restore --no-environ --no-site-file code/scripts/introgression/20201022_remove_sibs.R ../introgression/genos/final_full-run/15.txt data/sv_analysis/20210323_full-run_except_131-4.txt ../introgression/genos/final_131-4/15.txt
        
Submitted job 9511 with external jobid 'Job <4253620> is submitted to default queue <research-rh74>.'.

[Tue Mar 23 19:31:31 2021]
rule emf_2_geno_extract_131:
    input: ../introgression/genos/final_full-run/5.txt, data/sv_analysis/20210323_full-run_except_131-4.txt
    output: ../introgression/genos/final_131-4/5.txt
    jobid: 9496
    wildcards: line_131_sib=131-4, chr=5


        Rscript --no-save --no-restore --no-environ --no-site-file code/scripts/introgression/20201022_remove_sibs.R ../introgression/genos/final_full-run/5.txt data/sv_analysis/20210323_full-run_except_131-4.txt ../introgression/genos/final_131-4/5.txt
        
Submitted job 9496 with external jobid 'Job <4253621> is submitted to default queue <research-rh74>.'.

[Tue Mar 23 19:31:31 2021]
rule add_kaga_read_groups:
    input: ../introgression/sams/kaga.sam
    output: ../introgression/bams/kaga_with_read_groups.bam
    jobid: 9954


        java -jar /usr/picard/picard.jar AddOrReplaceReadGroups             I=../introgression/sams/kaga.sam             O=../introgression/bams/kaga_with_read_groups.bam             RGID=4             RGLB=lib1             RGPL=ILLUMINA             RGPU=unit1             RGSM=Kaga
        
Submitted job 9954 with external jobid 'Job <4253622> is submitted to default queue <research-rh74>.'.

[Tue Mar 23 19:31:32 2021]
rule emf_2_geno_extract_131:
    input: ../introgression/genos/final_full-run/9.txt, data/sv_analysis/20210323_full-run_except_131-2.txt
    output: ../introgression/genos/final_131-2/9.txt
    jobid: 9474
    wildcards: line_131_sib=131-2, chr=9


        Rscript --no-save --no-restore --no-environ --no-site-file code/scripts/introgression/20201022_remove_sibs.R ../introgression/genos/final_full-run/9.txt data/sv_analysis/20210323_full-run_except_131-2.txt ../introgression/genos/final_131-2/9.txt
        
Submitted job 9474 with external jobid 'Job <4253623> is submitted to default queue <research-rh74>.'.

[Tue Mar 23 19:31:32 2021]
rule emf_2_geno_extract_131:
    input: ../introgression/genos/final_full-run/3.txt, data/sv_analysis/20210323_full-run_except_131-2.txt
    output: ../introgression/genos/final_131-2/3.txt
    jobid: 9489
    wildcards: line_131_sib=131-2, chr=3


        Rscript --no-save --no-restore --no-environ --no-site-file code/scripts/introgression/20201022_remove_sibs.R ../introgression/genos/final_full-run/3.txt data/sv_analysis/20210323_full-run_except_131-2.txt ../introgression/genos/final_131-2/3.txt
        
Submitted job 9489 with external jobid 'Job <4253624> is submitted to default queue <research-rh74>.'.

[Tue Mar 23 19:31:32 2021]
rule emf_2_geno_extract_131:
    input: ../introgression/genos/final_full-run/21.txt, data/sv_analysis/20210323_full-run_except_131-2.txt
    output: ../introgression/genos/final_131-2/21.txt
    jobid: 9482
    wildcards: line_131_sib=131-2, chr=21


        Rscript --no-save --no-restore --no-environ --no-site-file code/scripts/introgression/20201022_remove_sibs.R ../introgression/genos/final_full-run/21.txt data/sv_analysis/20210323_full-run_except_131-2.txt ../introgression/genos/final_131-2/21.txt
        
Submitted job 9482 with external jobid 'Job <4253625> is submitted to default queue <research-rh74>.'.

[Tue Mar 23 19:31:32 2021]
rule emf_2_geno_extract_131:
    input: ../introgression/genos/final_full-run/8.txt, data/sv_analysis/20210323_full-run_except_131-4.txt
    output: ../introgression/genos/final_131-4/8.txt
    jobid: 9497
    wildcards: line_131_sib=131-4, chr=8


        Rscript --no-save --no-restore --no-environ --no-site-file code/scripts/introgression/20201022_remove_sibs.R ../introgression/genos/final_full-run/8.txt data/sv_analysis/20210323_full-run_except_131-4.txt ../introgression/genos/final_131-4/8.txt
        
Submitted job 9497 with external jobid 'Job <4253626> is submitted to default queue <research-rh74>.'.

[Tue Mar 23 19:31:32 2021]
rule emf_2_geno_extract_131:
    input: ../introgression/genos/final_full-run/4.txt, data/sv_analysis/20210323_full-run_except_131-4.txt
    output: ../introgression/genos/final_131-4/4.txt
    jobid: 9504
    wildcards: line_131_sib=131-4, chr=4


        Rscript --no-save --no-restore --no-environ --no-site-file code/scripts/introgression/20201022_remove_sibs.R ../introgression/genos/final_full-run/4.txt data/sv_analysis/20210323_full-run_except_131-4.txt ../introgression/genos/final_131-4/4.txt
        
Submitted job 9504 with external jobid 'Job <4253627> is submitted to default queue <research-rh74>.'.

[Tue Mar 23 19:31:32 2021]
rule emf_2_geno_extract_131:
    input: ../introgression/genos/final_full-run/12.txt, data/sv_analysis/20210323_full-run_except_131-4.txt
    output: ../introgression/genos/final_131-4/12.txt
    jobid: 9512
    wildcards: line_131_sib=131-4, chr=12


        Rscript --no-save --no-restore --no-environ --no-site-file code/scripts/introgression/20201022_remove_sibs.R ../introgression/genos/final_full-run/12.txt data/sv_analysis/20210323_full-run_except_131-4.txt ../introgression/genos/final_131-4/12.txt
        
Submitted job 9512 with external jobid 'Job <4253628> is submitted to default queue <research-rh74>.'.

[Tue Mar 23 19:31:32 2021]
rule emf_2_geno_extract_131:
    input: ../introgression/genos/final_full-run/23.txt, data/sv_analysis/20210323_full-run_except_131-2.txt
    output: ../introgression/genos/final_131-2/23.txt
    jobid: 9475
    wildcards: line_131_sib=131-2, chr=23


        Rscript --no-save --no-restore --no-environ --no-site-file code/scripts/introgression/20201022_remove_sibs.R ../introgression/genos/final_full-run/23.txt data/sv_analysis/20210323_full-run_except_131-2.txt ../introgression/genos/final_131-2/23.txt
        
Submitted job 9475 with external jobid 'Job <4253629> is submitted to default queue <research-rh74>.'.

[Tue Mar 23 19:31:33 2021]
rule emf_2_geno_extract_131:
    input: ../introgression/genos/final_full-run/16.txt, data/sv_analysis/20210323_full-run_except_131-2.txt
    output: ../introgression/genos/final_131-2/16.txt
    jobid: 9490
    wildcards: line_131_sib=131-2, chr=16


        Rscript --no-save --no-restore --no-environ --no-site-file code/scripts/introgression/20201022_remove_sibs.R ../introgression/genos/final_full-run/16.txt data/sv_analysis/20210323_full-run_except_131-2.txt ../introgression/genos/final_131-2/16.txt
        
Submitted job 9490 with external jobid 'Job <4253631> is submitted to default queue <research-rh74>.'.

[Tue Mar 23 19:31:33 2021]
rule emf_2_geno_extract_131:
    input: ../introgression/genos/final_full-run/10.txt, data/sv_analysis/20210323_full-run_except_131-2.txt
    output: ../introgression/genos/final_131-2/10.txt
    jobid: 9483
    wildcards: line_131_sib=131-2, chr=10


        Rscript --no-save --no-restore --no-environ --no-site-file code/scripts/introgression/20201022_remove_sibs.R ../introgression/genos/final_full-run/10.txt data/sv_analysis/20210323_full-run_except_131-2.txt ../introgression/genos/final_131-2/10.txt
        
Submitted job 9483 with external jobid 'Job <4253633> is submitted to default queue <research-rh74>.'.

[Tue Mar 23 19:31:33 2021]
rule emf_2_geno_extract_131:
    input: ../introgression/genos/final_full-run/9.txt, data/sv_analysis/20210323_full-run_except_131-4.txt
    output: ../introgression/genos/final_131-4/9.txt
    jobid: 9498
    wildcards: line_131_sib=131-4, chr=9


        Rscript --no-save --no-restore --no-environ --no-site-file code/scripts/introgression/20201022_remove_sibs.R ../introgression/genos/final_full-run/9.txt data/sv_analysis/20210323_full-run_except_131-4.txt ../introgression/genos/final_131-4/9.txt
        
Submitted job 9498 with external jobid 'Job <4253634> is submitted to default queue <research-rh74>.'.

[Tue Mar 23 19:31:33 2021]
rule emf_2_geno_extract_131:
    input: ../introgression/genos/final_full-run/18.txt, data/sv_analysis/20210323_full-run_except_131-4.txt
    output: ../introgression/genos/final_131-4/18.txt
    jobid: 9505
    wildcards: line_131_sib=131-4, chr=18


        Rscript --no-save --no-restore --no-environ --no-site-file code/scripts/introgression/20201022_remove_sibs.R ../introgression/genos/final_full-run/18.txt data/sv_analysis/20210323_full-run_except_131-4.txt ../introgression/genos/final_131-4/18.txt
        
Submitted job 9505 with external jobid 'Job <4253636> is submitted to default queue <research-rh74>.'.

[Tue Mar 23 19:31:33 2021]
rule emf_2_geno_extract_131:
    input: ../introgression/genos/final_full-run/3.txt, data/sv_analysis/20210323_full-run_except_131-4.txt
    output: ../introgression/genos/final_131-4/3.txt
    jobid: 9513
    wildcards: line_131_sib=131-4, chr=3


        Rscript --no-save --no-restore --no-environ --no-site-file code/scripts/introgression/20201022_remove_sibs.R ../introgression/genos/final_full-run/3.txt data/sv_analysis/20210323_full-run_except_131-4.txt ../introgression/genos/final_131-4/3.txt
        
Submitted job 9513 with external jobid 'Job <4253637> is submitted to default queue <research-rh74>.'.

[Tue Mar 23 19:31:33 2021]
rule emf_2_geno_extract_131:
    input: ../introgression/genos/final_full-run/14.txt, data/sv_analysis/20210323_full-run_except_131-2.txt
    output: ../introgression/genos/final_131-2/14.txt
    jobid: 9469
    wildcards: line_131_sib=131-2, chr=14


        Rscript --no-save --no-restore --no-environ --no-site-file code/scripts/introgression/20201022_remove_sibs.R ../introgression/genos/final_full-run/14.txt data/sv_analysis/20210323_full-run_except_131-2.txt ../introgression/genos/final_131-2/14.txt
        
Submitted job 9469 with external jobid 'Job <4253638> is submitted to default queue <research-rh74>.'.

[Tue Mar 23 19:31:33 2021]
rule emf_2_geno_extract_131:
    input: ../introgression/genos/final_full-run/20.txt, data/sv_analysis/20210323_full-run_except_131-2.txt
    output: ../introgression/genos/final_131-2/20.txt
    jobid: 9476
    wildcards: line_131_sib=131-2, chr=20


        Rscript --no-save --no-restore --no-environ --no-site-file code/scripts/introgression/20201022_remove_sibs.R ../introgression/genos/final_full-run/20.txt data/sv_analysis/20210323_full-run_except_131-2.txt ../introgression/genos/final_131-2/20.txt
        
Submitted job 9476 with external jobid 'Job <4253641> is submitted to default queue <research-rh74>.'.

[Tue Mar 23 19:31:33 2021]
rule emf_2_geno_extract_131:
    input: ../introgression/genos/final_full-run/13.txt, data/sv_analysis/20210323_full-run_except_131-2.txt
    output: ../introgression/genos/final_131-2/13.txt
    jobid: 9491
    wildcards: line_131_sib=131-2, chr=13


        Rscript --no-save --no-restore --no-environ --no-site-file code/scripts/introgression/20201022_remove_sibs.R ../introgression/genos/final_full-run/13.txt data/sv_analysis/20210323_full-run_except_131-2.txt ../introgression/genos/final_131-2/13.txt
        
Submitted job 9491 with external jobid 'Job <4253644> is submitted to default queue <research-rh74>.'.

[Tue Mar 23 19:31:34 2021]
rule emf_2_geno_extract_131:
    input: ../introgression/genos/final_full-run/11.txt, data/sv_analysis/20210323_full-run_except_131-2.txt
    output: ../introgression/genos/final_131-2/11.txt
    jobid: 9484
    wildcards: line_131_sib=131-2, chr=11


        Rscript --no-save --no-restore --no-environ --no-site-file code/scripts/introgression/20201022_remove_sibs.R ../introgression/genos/final_full-run/11.txt data/sv_analysis/20210323_full-run_except_131-2.txt ../introgression/genos/final_131-2/11.txt
        
Submitted job 9484 with external jobid 'Job <4253647> is submitted to default queue <research-rh74>.'.

[Tue Mar 23 19:31:34 2021]
rule emf_2_geno_extract_131:
    input: ../introgression/genos/final_full-run/23.txt, data/sv_analysis/20210323_full-run_except_131-4.txt
    output: ../introgression/genos/final_131-4/23.txt
    jobid: 9499
    wildcards: line_131_sib=131-4, chr=23


        Rscript --no-save --no-restore --no-environ --no-site-file code/scripts/introgression/20201022_remove_sibs.R ../introgression/genos/final_full-run/23.txt data/sv_analysis/20210323_full-run_except_131-4.txt ../introgression/genos/final_131-4/23.txt
        
Submitted job 9499 with external jobid 'Job <4253650> is submitted to default queue <research-rh74>.'.

[Tue Mar 23 19:31:34 2021]
rule emf_2_geno_extract_131:
    input: ../introgression/genos/final_full-run/21.txt, data/sv_analysis/20210323_full-run_except_131-4.txt
    output: ../introgression/genos/final_131-4/21.txt
    jobid: 9506
    wildcards: line_131_sib=131-4, chr=21


        Rscript --no-save --no-restore --no-environ --no-site-file code/scripts/introgression/20201022_remove_sibs.R ../introgression/genos/final_full-run/21.txt data/sv_analysis/20210323_full-run_except_131-4.txt ../introgression/genos/final_131-4/21.txt
        
Submitted job 9506 with external jobid 'Job <4253653> is submitted to default queue <research-rh74>.'.

[Tue Mar 23 19:31:34 2021]
rule emf_2_geno_extract_131:
    input: ../introgression/genos/final_full-run/16.txt, data/sv_analysis/20210323_full-run_except_131-4.txt
    output: ../introgression/genos/final_131-4/16.txt
    jobid: 9514
    wildcards: line_131_sib=131-4, chr=16


        Rscript --no-save --no-restore --no-environ --no-site-file code/scripts/introgression/20201022_remove_sibs.R ../introgression/genos/final_full-run/16.txt data/sv_analysis/20210323_full-run_except_131-4.txt ../introgression/genos/final_131-4/16.txt
        
Submitted job 9514 with external jobid 'Job <4253657> is submitted to default queue <research-rh74>.'.

[Tue Mar 23 19:31:34 2021]
rule emf_2_geno_extract_131:
    input: ../introgression/genos/final_full-run/19.txt, data/sv_analysis/20210323_full-run_except_131-2.txt
    output: ../introgression/genos/final_131-2/19.txt
    jobid: 9470
    wildcards: line_131_sib=131-2, chr=19


        Rscript --no-save --no-restore --no-environ --no-site-file code/scripts/introgression/20201022_remove_sibs.R ../introgression/genos/final_full-run/19.txt data/sv_analysis/20210323_full-run_except_131-2.txt ../introgression/genos/final_131-2/19.txt
        
Submitted job 9470 with external jobid 'Job <4253659> is submitted to default queue <research-rh74>.'.

[Tue Mar 23 19:31:34 2021]
rule emf_2_geno_extract_131:
    input: ../introgression/genos/final_full-run/7.txt, data/sv_analysis/20210323_full-run_except_131-2.txt
    output: ../introgression/genos/final_131-2/7.txt
    jobid: 9477
    wildcards: line_131_sib=131-2, chr=7


        Rscript --no-save --no-restore --no-environ --no-site-file code/scripts/introgression/20201022_remove_sibs.R ../introgression/genos/final_full-run/7.txt data/sv_analysis/20210323_full-run_except_131-2.txt ../introgression/genos/final_131-2/7.txt
        
Submitted job 9477 with external jobid 'Job <4253662> is submitted to default queue <research-rh74>.'.

[Tue Mar 23 19:31:34 2021]
rule emf_2_geno_extract_131:
    input: ../introgression/genos/final_full-run/2.txt, data/sv_analysis/20210323_full-run_except_131-2.txt
    output: ../introgression/genos/final_131-2/2.txt
    jobid: 9492
    wildcards: line_131_sib=131-2, chr=2


        Rscript --no-save --no-restore --no-environ --no-site-file code/scripts/introgression/20201022_remove_sibs.R ../introgression/genos/final_full-run/2.txt data/sv_analysis/20210323_full-run_except_131-2.txt ../introgression/genos/final_131-2/2.txt
        
Submitted job 9492 with external jobid 'Job <4253665> is submitted to default queue <research-rh74>.'.

[Tue Mar 23 19:31:34 2021]
rule emf_2_geno_extract_131:
    input: ../introgression/genos/final_full-run/1.txt, data/sv_analysis/20210323_full-run_except_131-2.txt
    output: ../introgression/genos/final_131-2/1.txt
    jobid: 9485
    wildcards: line_131_sib=131-2, chr=1


        Rscript --no-save --no-restore --no-environ --no-site-file code/scripts/introgression/20201022_remove_sibs.R ../introgression/genos/final_full-run/1.txt data/sv_analysis/20210323_full-run_except_131-2.txt ../introgression/genos/final_131-2/1.txt
        
Submitted job 9485 with external jobid 'Job <4253669> is submitted to default queue <research-rh74>.'.

[Tue Mar 23 19:31:34 2021]
rule emf_2_geno_extract_131:
    input: ../introgression/genos/final_full-run/20.txt, data/sv_analysis/20210323_full-run_except_131-4.txt
    output: ../introgression/genos/final_131-4/20.txt
    jobid: 9500
    wildcards: line_131_sib=131-4, chr=20


        Rscript --no-save --no-restore --no-environ --no-site-file code/scripts/introgression/20201022_remove_sibs.R ../introgression/genos/final_full-run/20.txt data/sv_analysis/20210323_full-run_except_131-4.txt ../introgression/genos/final_131-4/20.txt
        
Submitted job 9500 with external jobid 'Job <4253672> is submitted to default queue <research-rh74>.'.

[Tue Mar 23 19:31:35 2021]
rule emf_2_geno_extract_131:
    input: ../introgression/genos/final_full-run/10.txt, data/sv_analysis/20210323_full-run_except_131-4.txt
    output: ../introgression/genos/final_131-4/10.txt
    jobid: 9507
    wildcards: line_131_sib=131-4, chr=10


        Rscript --no-save --no-restore --no-environ --no-site-file code/scripts/introgression/20201022_remove_sibs.R ../introgression/genos/final_full-run/10.txt data/sv_analysis/20210323_full-run_except_131-4.txt ../introgression/genos/final_131-4/10.txt
        
Submitted job 9507 with external jobid 'Job <4253675> is submitted to default queue <research-rh74>.'.

[Tue Mar 23 19:31:35 2021]
rule emf_2_geno_extract_131:
    input: ../introgression/genos/final_full-run/13.txt, data/sv_analysis/20210323_full-run_except_131-4.txt
    output: ../introgression/genos/final_131-4/13.txt
    jobid: 9515
    wildcards: line_131_sib=131-4, chr=13


        Rscript --no-save --no-restore --no-environ --no-site-file code/scripts/introgression/20201022_remove_sibs.R ../introgression/genos/final_full-run/13.txt data/sv_analysis/20210323_full-run_except_131-4.txt ../introgression/genos/final_131-4/13.txt
        
Submitted job 9515 with external jobid 'Job <4253679> is submitted to default queue <research-rh74>.'.

[Tue Mar 23 19:31:35 2021]
rule emf_2_geno_extract_131:
    input: ../introgression/genos/final_full-run/6.txt, data/sv_analysis/20210323_full-run_except_131-2.txt
    output: ../introgression/genos/final_131-2/6.txt
    jobid: 9478
    wildcards: line_131_sib=131-2, chr=6


        Rscript --no-save --no-restore --no-environ --no-site-file code/scripts/introgression/20201022_remove_sibs.R ../introgression/genos/final_full-run/6.txt data/sv_analysis/20210323_full-run_except_131-2.txt ../introgression/genos/final_131-2/6.txt
        
Submitted job 9478 with external jobid 'Job <4253686> is submitted to default queue <research-rh74>.'.

[Tue Mar 23 19:31:35 2021]
rule emf_2_geno_extract_131:
    input: ../introgression/genos/final_full-run/14.txt, data/sv_analysis/20210323_full-run_except_131-4.txt
    output: ../introgression/genos/final_131-4/14.txt
    jobid: 9493
    wildcards: line_131_sib=131-4, chr=14


        Rscript --no-save --no-restore --no-environ --no-site-file code/scripts/introgression/20201022_remove_sibs.R ../introgression/genos/final_full-run/14.txt data/sv_analysis/20210323_full-run_except_131-4.txt ../introgression/genos/final_131-4/14.txt
        
Submitted job 9493 with external jobid 'Job <4253691> is submitted to default queue <research-rh74>.'.

[Tue Mar 23 19:31:35 2021]
rule emf_2_geno_extract_131:
    input: ../introgression/genos/final_full-run/11.txt, data/sv_analysis/20210323_full-run_except_131-4.txt
    output: ../introgression/genos/final_131-4/11.txt
    jobid: 9508
    wildcards: line_131_sib=131-4, chr=11


        Rscript --no-save --no-restore --no-environ --no-site-file code/scripts/introgression/20201022_remove_sibs.R ../introgression/genos/final_full-run/11.txt data/sv_analysis/20210323_full-run_except_131-4.txt ../introgression/genos/final_131-4/11.txt
        
Submitted job 9508 with external jobid 'Job <4253697> is submitted to default queue <research-rh74>.'.
[Tue Mar 23 19:32:20 2021]
Finished job 9471.
1 of 342 steps (0.29%) done
Select jobs to execute...
[Tue Mar 23 19:32:20 2021]
Finished job 9479.
2 of 342 steps (0.58%) done
[Tue Mar 23 19:32:21 2021]
Finished job 9494.
3 of 342 steps (0.88%) done
[Tue Mar 23 19:32:21 2021]
Finished job 9487.
4 of 342 steps (1%) done
[Tue Mar 23 19:32:21 2021]
Finished job 9495.
5 of 342 steps (1%) done

[Tue Mar 23 19:32:21 2021]
rule run_abba_baba_sliding_131:
    input: ../introgression/genos/final_131-2/22.txt, data/introgression/131-2.pop.txt
    output: data/introgression/abba_sliding_131-2_wsize_1000000_msites_250/melastigma_hni_22.txt
    jobid: 9687
    wildcards: line_131_sib=131-2, p1=melastigma, p2=hni, chr=22

[Tue Mar 23 19:32:21 2021]
Finished job 9502.
6 of 342 steps (2%) done
RuleException in line 655 of /hps/research1/birney/users/ian/mikk_paper/mikk_genome/code/snakemake/introgression/Snakefile:
NameError: The name 'line_131_sib' is unknown in this context. Did you mean 'wildcards.line_131_sib'?
  File "/nfs/research1/birney/users/brettell/anaconda3/envs/snakemake/lib/python3.9/site-packages/snakemake/executors/__init__.py", line 136, in run_jobs
  File "/nfs/research1/birney/users/brettell/anaconda3/envs/snakemake/lib/python3.9/site-packages/snakemake/executors/__init__.py", line 935, in run
  File "/nfs/research1/birney/users/brettell/anaconda3/envs/snakemake/lib/python3.9/site-packages/snakemake/executors/__init__.py", line 722, in _run
  File "/nfs/research1/birney/users/brettell/anaconda3/envs/snakemake/lib/python3.9/site-packages/snakemake/executors/__init__.py", line 230, in _run
  File "/nfs/research1/birney/users/brettell/anaconda3/envs/snakemake/lib/python3.9/site-packages/snakemake/executors/__init__.py", line 156, in _run
  File "/nfs/research1/birney/users/brettell/anaconda3/envs/snakemake/lib/python3.9/site-packages/snakemake/executors/__init__.py", line 162, in printjob
