Building DAG of jobs...
Using shell: /usr/local/bin/bash
Provided cluster nodes: 5000
Job counts:
	count	jobs
	1	add_hdrr_coords
	1	all
	2
Select jobs to execute...

[Fri Mar 12 14:32:00 2021]
rule add_hdrr_coords:
    input: ../introgression/release-102/segmented/8_1/8_9347018_9571211_-1.data.txt
    output: ../introgression/release-102/cleaned/8_1/8_9347018_9571211_-1.txt
    jobid: 2
    wildcards: chr=8, subchr=1, segment=8_9347018_9571211, strand=-1

input=../introgression/release-102/segmented/8_1/8_9347018_9571211_-1.data.txt; output=../introgression/release-102/cleaned/8_1/8_9347018_9571211_-1.txt; tmp_file=../tmp/8_9347018_9571211_-1.data.txt ; tac $input > $tmp_file ; Rscript --no-save --no-restore --no-environ --no-site-file code/scripts/introgression/20201015_add-hdrr-coords-to-emf-data_rc.R $tmp_file $input $output
Submitted job 2 with external jobid 'Job <2349032> is submitted to default queue <research-rh74>.'.
[Fri Mar 12 14:33:20 2021]
Error in rule add_hdrr_coords:
    jobid: 2
    output: ../introgression/release-102/cleaned/8_1/8_9347018_9571211_-1.txt
    shell:
        input=../introgression/release-102/segmented/8_1/8_9347018_9571211_-1.data.txt; output=../introgression/release-102/cleaned/8_1/8_9347018_9571211_-1.txt; tmp_file=../tmp/8_9347018_9571211_-1.data.txt ; tac $input > $tmp_file ; Rscript --no-save --no-restore --no-environ --no-site-file code/scripts/introgression/20201015_add-hdrr-coords-to-emf-data_rc.R $tmp_file $input $output
        (one of the commands exited with non-zero exit code; note that snakemake uses bash strict mode!)
    cluster_jobid: Job <2349032> is submitted to default queue <research-rh74>.

Error executing rule add_hdrr_coords on cluster (jobid: 2, external: Job <2349032> is submitted to default queue <research-rh74>., jobscript: /hps/research1/birney/users/ian/mikk_paper/mikk_genome/.snakemake/tmp.lbd9rte0/snakejob.add_hdrr_coords.2.sh). For error details see the cluster log and the log files of the involved rule(s).
Job failed, going on with independent jobs.
Exiting because a job execution failed. Look above for error message
Complete log: /hps/research1/birney/users/ian/mikk_paper/mikk_genome/.snakemake/log/2021-03-12T143158.071264.snakemake.log
