Building DAG of jobs...
Using shell: /usr/local/bin/bash
Provided cluster nodes: 5000
Job counts:
	count	jobs
	1	all
	3	combine_sliding_windows_data_131
	1	mark_kaga_duplicates
	288	run_abba_baba_sliding_131
	293
Select jobs to execute...

[Tue Mar 23 21:01:26 2021]
rule run_abba_baba_sliding_131:
    input: ../introgression/genos/final_131-2/5.txt
    output: data/introgression/abba_sliding_131-2_wsize_1000000_msites_250/melastigma_hsok_5.txt
    jobid: 9711
    wildcards: line_131_sib=131-2, p1=melastigma, p2=hsok, chr=5

RuleException in line 655 of /hps/research1/birney/users/ian/mikk_paper/mikk_genome/code/snakemake/introgression/Snakefile:
'InputFiles' object has no attribute 'data'
  File "/nfs/research1/birney/users/brettell/anaconda3/envs/snakemake/lib/python3.9/site-packages/snakemake/executors/__init__.py", line 136, in run_jobs
  File "/nfs/research1/birney/users/brettell/anaconda3/envs/snakemake/lib/python3.9/site-packages/snakemake/executors/__init__.py", line 935, in run
  File "/nfs/research1/birney/users/brettell/anaconda3/envs/snakemake/lib/python3.9/site-packages/snakemake/executors/__init__.py", line 722, in _run
  File "/nfs/research1/birney/users/brettell/anaconda3/envs/snakemake/lib/python3.9/site-packages/snakemake/executors/__init__.py", line 230, in _run
  File "/nfs/research1/birney/users/brettell/anaconda3/envs/snakemake/lib/python3.9/site-packages/snakemake/executors/__init__.py", line 156, in _run
  File "/nfs/research1/birney/users/brettell/anaconda3/envs/snakemake/lib/python3.9/site-packages/snakemake/executors/__init__.py", line 162, in printjob
