Building DAG of jobs...
Using shell: /usr/local/bin/bash
Provided cluster nodes: 5000
Job counts:
	count	jobs
	4	add_kaga_read_groups
	4	align_kaga_to_hdrr
	1	all
	6	download_kaga_reads
	15
Select jobs to execute...
Downloading from remote: ftp.sra.ebi.ac.uk/vol1/fastq/DRR002/DRR002227/DRR002227_1.fastq.gz
Finished download.

[Wed Mar 24 10:15:58 2021]
rule download_kaga_reads:
    input: ftp.sra.ebi.ac.uk/vol1/fastq/DRR002/DRR002227/DRR002227_1.fastq.gz
    output: ../introgression/fastas/DRR002227_1.fastq.gz
    jobid: 5
    wildcards: kaga_sample=DRR002227, read=1


        mv ftp.sra.ebi.ac.uk/vol1/fastq/DRR002/DRR002227/DRR002227_1.fastq.gz ../introgression/fastas/DRR002227_1.fastq.gz
        
Submitted job 5 with external jobid 'Job <4503945> is submitted to default queue <research-rh74>.'.

[Wed Mar 24 10:15:58 2021]
rule download_kaga_reads:
    input: ftp.sra.ebi.ac.uk/vol1/fastq/DRR002/DRR002225/DRR002225_2.fastq.gz
    output: ../introgression/fastas/DRR002225_2.fastq.gz
    jobid: 2
    wildcards: kaga_sample=DRR002225, read=2


        mv ftp.sra.ebi.ac.uk/vol1/fastq/DRR002/DRR002225/DRR002225_2.fastq.gz ../introgression/fastas/DRR002225_2.fastq.gz
        
Submitted job 2 with external jobid 'Job <4503946> is submitted to default queue <research-rh74>.'.
Downloading from remote: ftp.sra.ebi.ac.uk/vol1/fastq/DRR002/DRR002225/DRR002225_1.fastq.gz
[Wed Mar 24 10:16:14 2021]
Finished job 5.
1 of 15 steps (7%) done
[Wed Mar 24 10:16:14 2021]
Finished job 2.
2 of 15 steps (13%) done
Finished download.

[Wed Mar 24 10:18:43 2021]
rule download_kaga_reads:
    input: ftp.sra.ebi.ac.uk/vol1/fastq/DRR002/DRR002225/DRR002225_1.fastq.gz
    output: ../introgression/fastas/DRR002225_1.fastq.gz
    jobid: 1
    wildcards: kaga_sample=DRR002225, read=1


        mv ftp.sra.ebi.ac.uk/vol1/fastq/DRR002/DRR002225/DRR002225_1.fastq.gz ../introgression/fastas/DRR002225_1.fastq.gz
        
Submitted job 1 with external jobid 'Job <4504460> is submitted to default queue <research-rh74>.'.
Downloading from remote: ftp.sra.ebi.ac.uk/vol1/fastq/DRR002/DRR002226/DRR002226_2.fastq.gz
[Wed Mar 24 10:18:54 2021]
Finished job 1.
3 of 15 steps (20%) done
Finished download.

[Wed Mar 24 10:20:33 2021]
rule download_kaga_reads:
    input: ftp.sra.ebi.ac.uk/vol1/fastq/DRR002/DRR002226/DRR002226_2.fastq.gz
    output: ../introgression/fastas/DRR002226_2.fastq.gz
    jobid: 4
    wildcards: kaga_sample=DRR002226, read=2


        mv ftp.sra.ebi.ac.uk/vol1/fastq/DRR002/DRR002226/DRR002226_2.fastq.gz ../introgression/fastas/DRR002226_2.fastq.gz
        
Submitted job 4 with external jobid 'Job <4505298> is submitted to default queue <research-rh74>.'.
Downloading from remote: ftp.sra.ebi.ac.uk/vol1/fastq/DRR002/DRR002227/DRR002227_2.fastq.gz
[Wed Mar 24 10:20:44 2021]
Finished job 4.
4 of 15 steps (27%) done
Finished download.

[Wed Mar 24 10:21:03 2021]
rule download_kaga_reads:
    input: ftp.sra.ebi.ac.uk/vol1/fastq/DRR002/DRR002227/DRR002227_2.fastq.gz
    output: ../introgression/fastas/DRR002227_2.fastq.gz
    jobid: 6
    wildcards: kaga_sample=DRR002227, read=2


        mv ftp.sra.ebi.ac.uk/vol1/fastq/DRR002/DRR002227/DRR002227_2.fastq.gz ../introgression/fastas/DRR002227_2.fastq.gz
        
Submitted job 6 with external jobid 'Job <4505384> is submitted to default queue <research-rh74>.'.
Downloading from remote: ftp.sra.ebi.ac.uk/vol1/fastq/DRR002/DRR002228/DRR002228_2.fastq.gz
[Wed Mar 24 10:21:14 2021]
Finished job 6.
5 of 15 steps (33%) done
Finished download.

[Wed Mar 24 10:31:57 2021]
rule download_kaga_reads:
    input: ftp.sra.ebi.ac.uk/vol1/fastq/DRR002/DRR002228/DRR002228_2.fastq.gz
    output: ../introgression/fastas/DRR002228_2.fastq.gz
    jobid: 8
    wildcards: kaga_sample=DRR002228, read=2


        mv ftp.sra.ebi.ac.uk/vol1/fastq/DRR002/DRR002228/DRR002228_2.fastq.gz ../introgression/fastas/DRR002228_2.fastq.gz
        
Submitted job 8 with external jobid 'Job <4508781> is submitted to default queue <research-rh74>.'.
Select jobs to execute...

[Wed Mar 24 10:31:58 2021]
rule align_kaga_to_hdrr:
    input: ../introgression/fastas/DRR002226_1.fastq.gz, ../introgression/fastas/DRR002226_2.fastq.gz
    output: ../introgression/sams/DRR002226.sam
    jobid: 10
    wildcards: kaga_sample=DRR002226


        /minimap2-2.17_x64-linux/minimap2 -ax sr ../refs/Oryzias_latipes.ASM223467v1.dna.toplevel.fa ../introgression/fastas/DRR002226_1.fastq.gz ../introgression/fastas/DRR002226_2.fastq.gz > ../introgression/sams/DRR002226.sam
        
Submitted job 10 with external jobid 'Job <4508783> is submitted to default queue <research-rh74>.'.

[Wed Mar 24 10:31:58 2021]
rule align_kaga_to_hdrr:
    input: ../introgression/fastas/DRR002227_1.fastq.gz, ../introgression/fastas/DRR002227_2.fastq.gz
    output: ../introgression/sams/DRR002227.sam
    jobid: 11
    wildcards: kaga_sample=DRR002227


        /minimap2-2.17_x64-linux/minimap2 -ax sr ../refs/Oryzias_latipes.ASM223467v1.dna.toplevel.fa ../introgression/fastas/DRR002227_1.fastq.gz ../introgression/fastas/DRR002227_2.fastq.gz > ../introgression/sams/DRR002227.sam
        
Submitted job 11 with external jobid 'Job <4508784> is submitted to default queue <research-rh74>.'.

[Wed Mar 24 10:31:58 2021]
rule align_kaga_to_hdrr:
    input: ../introgression/fastas/DRR002225_1.fastq.gz, ../introgression/fastas/DRR002225_2.fastq.gz
    output: ../introgression/sams/DRR002225.sam
    jobid: 9
    wildcards: kaga_sample=DRR002225


        /minimap2-2.17_x64-linux/minimap2 -ax sr ../refs/Oryzias_latipes.ASM223467v1.dna.toplevel.fa ../introgression/fastas/DRR002225_1.fastq.gz ../introgression/fastas/DRR002225_2.fastq.gz > ../introgression/sams/DRR002225.sam
        
Submitted job 9 with external jobid 'Job <4508785> is submitted to default queue <research-rh74>.'.
[Wed Mar 24 10:32:05 2021]
Finished job 8.
6 of 15 steps (40%) done
Select jobs to execute...

[Wed Mar 24 10:32:06 2021]
rule align_kaga_to_hdrr:
    input: ../introgression/fastas/DRR002228_1.fastq.gz, ../introgression/fastas/DRR002228_2.fastq.gz
    output: ../introgression/sams/DRR002228.sam
    jobid: 12
    wildcards: kaga_sample=DRR002228


        /minimap2-2.17_x64-linux/minimap2 -ax sr ../refs/Oryzias_latipes.ASM223467v1.dna.toplevel.fa ../introgression/fastas/DRR002228_1.fastq.gz ../introgression/fastas/DRR002228_2.fastq.gz > ../introgression/sams/DRR002228.sam
        
Submitted job 12 with external jobid 'Job <4508791> is submitted to default queue <research-rh74>.'.
[Wed Mar 24 10:50:00 2021]
Finished job 11.
7 of 15 steps (47%) done
Select jobs to execute...

[Wed Mar 24 10:50:01 2021]
rule add_kaga_read_groups:
    input: ../introgression/sams/DRR002227.sam
    output: ../introgression/sams/DRR002227_withRGs.sam
    jobid: 15
    wildcards: kaga_sample=DRR002227


        java -jar /usr/picard/picard.jar AddOrReplaceReadGroups             I=../introgression/sams/DRR002227.sam             O=../introgression/sams/DRR002227_withRGs.sam             RGID=DRR002227             RGLB=lib1             RGPL=ILLUMINA             RGPU=unit1             RGSM=kaga
        
Submitted job 15 with external jobid 'Job <4511544> is submitted to default queue <research-rh74>.'.
[Wed Mar 24 11:32:01 2021]
Finished job 15.
8 of 15 steps (53%) done
[Wed Mar 24 14:49:46 2021]
Finished job 12.
9 of 15 steps (60%) done
Select jobs to execute...

[Wed Mar 24 14:49:47 2021]
rule add_kaga_read_groups:
    input: ../introgression/sams/DRR002228.sam
    output: ../introgression/sams/DRR002228_withRGs.sam
    jobid: 16
    wildcards: kaga_sample=DRR002228


        java -jar /usr/picard/picard.jar AddOrReplaceReadGroups             I=../introgression/sams/DRR002228.sam             O=../introgression/sams/DRR002228_withRGs.sam             RGID=DRR002228             RGLB=lib1             RGPL=ILLUMINA             RGPU=unit1             RGSM=kaga
        
Submitted job 16 with external jobid 'Job <4575156> is submitted to default queue <research-rh74>.'.
[Wed Mar 24 18:58:07 2021]
Finished job 9.
10 of 15 steps (67%) done
Select jobs to execute...

[Wed Mar 24 18:58:08 2021]
rule add_kaga_read_groups:
    input: ../introgression/sams/DRR002225.sam
    output: ../introgression/sams/DRR002225_withRGs.sam
    jobid: 13
    wildcards: kaga_sample=DRR002225


        java -jar /usr/picard/picard.jar AddOrReplaceReadGroups             I=../introgression/sams/DRR002225.sam             O=../introgression/sams/DRR002225_withRGs.sam             RGID=DRR002225             RGLB=lib1             RGPL=ILLUMINA             RGPU=unit1             RGSM=kaga
        
Submitted job 13 with external jobid 'Job <4622122> is submitted to default queue <research-rh74>.'.
[Wed Mar 24 19:55:00 2021]
Finished job 10.
11 of 15 steps (73%) done
Select jobs to execute...

[Wed Mar 24 19:55:01 2021]
rule add_kaga_read_groups:
    input: ../introgression/sams/DRR002226.sam
    output: ../introgression/sams/DRR002226_withRGs.sam
    jobid: 14
    wildcards: kaga_sample=DRR002226


        java -jar /usr/picard/picard.jar AddOrReplaceReadGroups             I=../introgression/sams/DRR002226.sam             O=../introgression/sams/DRR002226_withRGs.sam             RGID=DRR002226             RGLB=lib1             RGPL=ILLUMINA             RGPU=unit1             RGSM=kaga
        
Submitted job 14 with external jobid 'Job <4635316> is submitted to default queue <research-rh74>.'.
[Wed Mar 24 22:40:00 2021]
Finished job 16.
12 of 15 steps (80%) done
[Thu Mar 25 05:15:34 2021]
Finished job 13.
13 of 15 steps (87%) done
[Thu Mar 25 08:09:41 2021]
Finished job 14.
14 of 15 steps (93%) done
Select jobs to execute...

[Thu Mar 25 08:09:43 2021]
localrule all:
    input: ../introgression/fastas/DRR002225_1.fastq.gz, ../introgression/fastas/DRR002225_2.fastq.gz, ../introgression/fastas/DRR002226_1.fastq.gz, ../introgression/fastas/DRR002226_2.fastq.gz, ../introgression/fastas/DRR002227_1.fastq.gz, ../introgression/fastas/DRR002227_2.fastq.gz, ../introgression/fastas/DRR002228_1.fastq.gz, ../introgression/fastas/DRR002228_2.fastq.gz, ../introgression/sams/DRR002225.sam, ../introgression/sams/DRR002226.sam, ../introgression/sams/DRR002227.sam, ../introgression/sams/DRR002228.sam, ../introgression/sams/DRR002225_withRGs.sam, ../introgression/sams/DRR002226_withRGs.sam, ../introgression/sams/DRR002227_withRGs.sam, ../introgression/sams/DRR002228_withRGs.sam
    jobid: 0

[Thu Mar 25 08:09:43 2021]
Finished job 0.
15 of 15 steps (100%) done
Complete log: /hps/research1/birney/users/ian/mikk_paper/mikk_genome/.snakemake/log/2021-03-24T101513.376521.snakemake.log
