Building DAG of jobs...
Using shell: /usr/local/bin/bash
Provided cluster nodes: 5000
Job counts:
	count	jobs
	1	all
	1	combine_all_mikk_freq_tables
	2
Select jobs to execute...

[Mon Mar 15 14:33:27 2021]
rule combine_all_mikk_freq_tables:
    input: ../introgression/freq_tables/mikk_all.txt, ../introgression/freq_tables/mikk_1.txt, ../introgression/freq_tables/mikk_2.txt
    output: ../introgression/freq_tables/all.txt
    jobid: 9186


        Rscript --no-save --no-restore --no-environ --no-site-file code/scripts/introgression/20210315_combine_all_mikk_freq_tables.R ../introgression/freq_tables/mikk_all.txt ../introgression/freq_tables/mikk_1.txt ../introgression/freq_tables/mikk_2.txt ../introgression/freq_tables/all.txt
        
Submitted job 9186 with external jobid 'Job <2564739> is submitted to default queue <research-rh74>.'.
[Mon Mar 15 14:34:37 2021]
Error in rule combine_all_mikk_freq_tables:
    jobid: 9186
    output: ../introgression/freq_tables/all.txt
    shell:
        
        Rscript --no-save --no-restore --no-environ --no-site-file code/scripts/introgression/20210315_combine_all_mikk_freq_tables.R ../introgression/freq_tables/mikk_all.txt ../introgression/freq_tables/mikk_1.txt ../introgression/freq_tables/mikk_2.txt ../introgression/freq_tables/all.txt
        
        (one of the commands exited with non-zero exit code; note that snakemake uses bash strict mode!)
    cluster_jobid: Job <2564739> is submitted to default queue <research-rh74>.

Error executing rule combine_all_mikk_freq_tables on cluster (jobid: 9186, external: Job <2564739> is submitted to default queue <research-rh74>., jobscript: /hps/research1/birney/users/ian/mikk_paper/mikk_genome/.snakemake/tmp.qk9snbkb/snakejob.combine_all_mikk_freq_tables.9186.sh). For error details see the cluster log and the log files of the involved rule(s).
Job failed, going on with independent jobs.
Exiting because a job execution failed. Look above for error message
Complete log: /hps/research1/birney/users/ian/mikk_paper/mikk_genome/.snakemake/log/2021-03-15T142936.466265.snakemake.log
