Building DAG of jobs...
Using shell: /usr/local/bin/bash
Provided cluster nodes: 5000
Job counts:
	count	jobs
	1	all
	6	run_abba_baba
	7
Select jobs to execute...

[Mon Mar 15 14:58:56 2021]
rule run_abba_baba:
    input: ../introgression/freq_tables/all.txt
    output: ../introgression/abba_baba/rlists/P1_javanicus_P2_hsok_P3_mikk.RData
    jobid: 9192
    wildcards: p1=javanicus, p2=hsok, p3=mikk


        Rscript --no-save --no-restore --no-environ --no-site-file code/scripts/introgression/run_abbababa.R javanicus hsok mikk ../introgression/freq_tables/all.txt ../introgression/abba_baba/rlists/P1_javanicus_P2_hsok_P3_mikk.RData
        
Submitted job 9192 with external jobid 'Job <2565606> is submitted to default queue <research-rh74>.'.

[Mon Mar 15 14:58:56 2021]
rule run_abba_baba:
    input: ../introgression/freq_tables/all.txt
    output: ../introgression/abba_baba/rlists/P1_javanicus_P2_hdrr_P3_mikk.RData
    jobid: 9190
    wildcards: p1=javanicus, p2=hdrr, p3=mikk


        Rscript --no-save --no-restore --no-environ --no-site-file code/scripts/introgression/run_abbababa.R javanicus hdrr mikk ../introgression/freq_tables/all.txt ../introgression/abba_baba/rlists/P1_javanicus_P2_hdrr_P3_mikk.RData
        
Submitted job 9190 with external jobid 'Job <2565607> is submitted to default queue <research-rh74>.'.

[Mon Mar 15 14:58:56 2021]
rule run_abba_baba:
    input: ../introgression/freq_tables/all.txt
    output: ../introgression/abba_baba/rlists/P1_melastigma_P2_hni_P3_mikk.RData
    jobid: 9188
    wildcards: p1=melastigma, p2=hni, p3=mikk


        Rscript --no-save --no-restore --no-environ --no-site-file code/scripts/introgression/run_abbababa.R melastigma hni mikk ../introgression/freq_tables/all.txt ../introgression/abba_baba/rlists/P1_melastigma_P2_hni_P3_mikk.RData
        
Submitted job 9188 with external jobid 'Job <2565608> is submitted to default queue <research-rh74>.'.

[Mon Mar 15 14:58:56 2021]
rule run_abba_baba:
    input: ../introgression/freq_tables/all.txt
    output: ../introgression/abba_baba/rlists/P1_melastigma_P2_hsok_P3_mikk.RData
    jobid: 9189
    wildcards: p1=melastigma, p2=hsok, p3=mikk


        Rscript --no-save --no-restore --no-environ --no-site-file code/scripts/introgression/run_abbababa.R melastigma hsok mikk ../introgression/freq_tables/all.txt ../introgression/abba_baba/rlists/P1_melastigma_P2_hsok_P3_mikk.RData
        
Submitted job 9189 with external jobid 'Job <2565609> is submitted to default queue <research-rh74>.'.

[Mon Mar 15 14:58:56 2021]
rule run_abba_baba:
    input: ../introgression/freq_tables/all.txt
    output: ../introgression/abba_baba/rlists/P1_melastigma_P2_hdrr_P3_mikk.RData
    jobid: 9187
    wildcards: p1=melastigma, p2=hdrr, p3=mikk


        Rscript --no-save --no-restore --no-environ --no-site-file code/scripts/introgression/run_abbababa.R melastigma hdrr mikk ../introgression/freq_tables/all.txt ../introgression/abba_baba/rlists/P1_melastigma_P2_hdrr_P3_mikk.RData
        
Submitted job 9187 with external jobid 'Job <2565610> is submitted to default queue <research-rh74>.'.

[Mon Mar 15 14:58:56 2021]
rule run_abba_baba:
    input: ../introgression/freq_tables/all.txt
    output: ../introgression/abba_baba/rlists/P1_javanicus_P2_hni_P3_mikk.RData
    jobid: 9191
    wildcards: p1=javanicus, p2=hni, p3=mikk


        Rscript --no-save --no-restore --no-environ --no-site-file code/scripts/introgression/run_abbababa.R javanicus hni mikk ../introgression/freq_tables/all.txt ../introgression/abba_baba/rlists/P1_javanicus_P2_hni_P3_mikk.RData
        
Submitted job 9191 with external jobid 'Job <2565611> is submitted to default queue <research-rh74>.'.
[Mon Mar 15 15:00:15 2021]
Error in rule run_abba_baba:
    jobid: 9192
    output: ../introgression/abba_baba/rlists/P1_javanicus_P2_hsok_P3_mikk.RData
    shell:
        
        Rscript --no-save --no-restore --no-environ --no-site-file code/scripts/introgression/run_abbababa.R javanicus hsok mikk ../introgression/freq_tables/all.txt ../introgression/abba_baba/rlists/P1_javanicus_P2_hsok_P3_mikk.RData
        
        (one of the commands exited with non-zero exit code; note that snakemake uses bash strict mode!)
    cluster_jobid: Job <2565606> is submitted to default queue <research-rh74>.

Error executing rule run_abba_baba on cluster (jobid: 9192, external: Job <2565606> is submitted to default queue <research-rh74>., jobscript: /hps/research1/birney/users/ian/mikk_paper/mikk_genome/.snakemake/tmp.7112obfz/snakejob.run_abba_baba.9192.sh). For error details see the cluster log and the log files of the involved rule(s).
Job failed, going on with independent jobs.
[Mon Mar 15 15:00:15 2021]
Error in rule run_abba_baba:
    jobid: 9188
    output: ../introgression/abba_baba/rlists/P1_melastigma_P2_hni_P3_mikk.RData
    shell:
        
        Rscript --no-save --no-restore --no-environ --no-site-file code/scripts/introgression/run_abbababa.R melastigma hni mikk ../introgression/freq_tables/all.txt ../introgression/abba_baba/rlists/P1_melastigma_P2_hni_P3_mikk.RData
        
        (one of the commands exited with non-zero exit code; note that snakemake uses bash strict mode!)
    cluster_jobid: Job <2565608> is submitted to default queue <research-rh74>.

Error executing rule run_abba_baba on cluster (jobid: 9188, external: Job <2565608> is submitted to default queue <research-rh74>., jobscript: /hps/research1/birney/users/ian/mikk_paper/mikk_genome/.snakemake/tmp.7112obfz/snakejob.run_abba_baba.9188.sh). For error details see the cluster log and the log files of the involved rule(s).
Job failed, going on with independent jobs.
[Mon Mar 15 15:00:15 2021]
Error in rule run_abba_baba:
    jobid: 9189
    output: ../introgression/abba_baba/rlists/P1_melastigma_P2_hsok_P3_mikk.RData
    shell:
        
        Rscript --no-save --no-restore --no-environ --no-site-file code/scripts/introgression/run_abbababa.R melastigma hsok mikk ../introgression/freq_tables/all.txt ../introgression/abba_baba/rlists/P1_melastigma_P2_hsok_P3_mikk.RData
        
        (one of the commands exited with non-zero exit code; note that snakemake uses bash strict mode!)
    cluster_jobid: Job <2565609> is submitted to default queue <research-rh74>.

Error executing rule run_abba_baba on cluster (jobid: 9189, external: Job <2565609> is submitted to default queue <research-rh74>., jobscript: /hps/research1/birney/users/ian/mikk_paper/mikk_genome/.snakemake/tmp.7112obfz/snakejob.run_abba_baba.9189.sh). For error details see the cluster log and the log files of the involved rule(s).
Job failed, going on with independent jobs.
[Mon Mar 15 15:00:15 2021]
Error in rule run_abba_baba:
    jobid: 9187
    output: ../introgression/abba_baba/rlists/P1_melastigma_P2_hdrr_P3_mikk.RData
    shell:
        
        Rscript --no-save --no-restore --no-environ --no-site-file code/scripts/introgression/run_abbababa.R melastigma hdrr mikk ../introgression/freq_tables/all.txt ../introgression/abba_baba/rlists/P1_melastigma_P2_hdrr_P3_mikk.RData
        
        (one of the commands exited with non-zero exit code; note that snakemake uses bash strict mode!)
    cluster_jobid: Job <2565610> is submitted to default queue <research-rh74>.

Error executing rule run_abba_baba on cluster (jobid: 9187, external: Job <2565610> is submitted to default queue <research-rh74>., jobscript: /hps/research1/birney/users/ian/mikk_paper/mikk_genome/.snakemake/tmp.7112obfz/snakejob.run_abba_baba.9187.sh). For error details see the cluster log and the log files of the involved rule(s).
Job failed, going on with independent jobs.
[Mon Mar 15 15:00:15 2021]
Error in rule run_abba_baba:
    jobid: 9191
    output: ../introgression/abba_baba/rlists/P1_javanicus_P2_hni_P3_mikk.RData
    shell:
        
        Rscript --no-save --no-restore --no-environ --no-site-file code/scripts/introgression/run_abbababa.R javanicus hni mikk ../introgression/freq_tables/all.txt ../introgression/abba_baba/rlists/P1_javanicus_P2_hni_P3_mikk.RData
        
        (one of the commands exited with non-zero exit code; note that snakemake uses bash strict mode!)
    cluster_jobid: Job <2565611> is submitted to default queue <research-rh74>.

Error executing rule run_abba_baba on cluster (jobid: 9191, external: Job <2565611> is submitted to default queue <research-rh74>., jobscript: /hps/research1/birney/users/ian/mikk_paper/mikk_genome/.snakemake/tmp.7112obfz/snakejob.run_abba_baba.9191.sh). For error details see the cluster log and the log files of the involved rule(s).
Job failed, going on with independent jobs.
[Mon Mar 15 15:00:25 2021]
Error in rule run_abba_baba:
    jobid: 9190
    output: ../introgression/abba_baba/rlists/P1_javanicus_P2_hdrr_P3_mikk.RData
    shell:
        
        Rscript --no-save --no-restore --no-environ --no-site-file code/scripts/introgression/run_abbababa.R javanicus hdrr mikk ../introgression/freq_tables/all.txt ../introgression/abba_baba/rlists/P1_javanicus_P2_hdrr_P3_mikk.RData
        
        (one of the commands exited with non-zero exit code; note that snakemake uses bash strict mode!)
    cluster_jobid: Job <2565607> is submitted to default queue <research-rh74>.

Error executing rule run_abba_baba on cluster (jobid: 9190, external: Job <2565607> is submitted to default queue <research-rh74>., jobscript: /hps/research1/birney/users/ian/mikk_paper/mikk_genome/.snakemake/tmp.7112obfz/snakejob.run_abba_baba.9190.sh). For error details see the cluster log and the log files of the involved rule(s).
Job failed, going on with independent jobs.
Exiting because a job execution failed. Look above for error message
Cancelling snakemake on user request.
