Building DAG of jobs...
Using shell: /usr/local/bin/bash
Provided cluster nodes: 5000
Job counts:
	count	jobs
	1	all
	1	split_mikk_file
	2
Select jobs to execute...

[Mon Mar 15 09:54:55 2021]
rule split_mikk_file:
    input: data/20200914_samples_no-sibs.txt
    output: data/introgression/20200914_abbababa_mikk_1.txt, data/introgression/20200914_abbababa_mikk_2.txt
    jobid: 9032

Submitted job 9032 with external jobid 'Job <2517744> is submitted to default queue <research-rh74>.'.
[Mon Mar 15 09:55:05 2021]
Error in rule split_mikk_file:
    jobid: 9032
    output: data/introgression/20200914_abbababa_mikk_1.txt, data/introgression/20200914_abbababa_mikk_2.txt
    cluster_jobid: Job <2517744> is submitted to default queue <research-rh74>.

Error executing rule split_mikk_file on cluster (jobid: 9032, external: Job <2517744> is submitted to default queue <research-rh74>., jobscript: /hps/research1/birney/users/ian/mikk_paper/mikk_genome/.snakemake/tmp.b33gdeix/snakejob.split_mikk_file.9032.sh). For error details see the cluster log and the log files of the involved rule(s).
Job failed, going on with independent jobs.
Exiting because a job execution failed. Look above for error message
Complete log: /hps/research1/birney/users/ian/mikk_paper/mikk_genome/.snakemake/log/2021-03-15T095215.571084.snakemake.log
