Building DAG of jobs...
Using shell: /usr/local/bin/bash
Provided cluster nodes: 5000
Job counts:
	count	jobs
	1	all
	1	kaga_call_haplotypes
	1	kaga_genotype
	1	kaga_index_vcf
	1	kaga_merge_chr_vcfs
	5
Select jobs to execute...

[Sat Mar 27 12:41:36 2021]
rule kaga_call_haplotypes:
    input: ../introgression/bams/merged/kaga.bam, ../introgression/bams/merged/kaga.bai
    output: ../introgression/vcfs/gvcfs/kaga_MT.g.vcf.gz
    jobid: 51
    wildcards: chr=MT


        gatk --java-options "-Xmx12g" HaplotypeCaller              -R ../refs/Oryzias_latipes.ASM223467v1.dna.toplevel.fa             -I ../introgression/bams/merged/kaga.bam             -O ../introgression/vcfs/gvcfs/kaga_MT.g.vcf.gz             -L MT             -ERC GVCF             --tmp-dir ../tmp
        
Submitted job 51 with external jobid 'Job <5729626> is submitted to default queue <research-rh74>.'.
[Sat Mar 27 12:59:49 2021]
Finished job 51.
1 of 5 steps (20%) done
Select jobs to execute...

[Sat Mar 27 12:59:50 2021]
rule kaga_genotype:
    input: ../introgression/vcfs/gvcfs/kaga_MT.g.vcf.gz
    output: ../introgression/vcfs/final/kaga_MT.vcf.gz
    jobid: 76
    wildcards: chr=MT


        gatk --java-options "-Xmx12g" GenotypeGVCFs             -R ../refs/Oryzias_latipes.ASM223467v1.dna.toplevel.fa             -V ../introgression/vcfs/gvcfs/kaga_MT.g.vcf.gz             -O ../introgression/vcfs/final/kaga_MT.vcf.gz
        
Submitted job 76 with external jobid 'Job <5733784> is submitted to default queue <research-rh74>.'.
[Sat Mar 27 13:00:10 2021]
Finished job 76.
2 of 5 steps (40%) done
Select jobs to execute...

[Sat Mar 27 13:00:10 2021]
rule kaga_index_vcf:
    input: ../introgression/vcfs/final/kaga_MT.vcf.gz
    output: ../introgression/vcfs/final/kaga_MT.vcf.gz.tbi
    jobid: 101
    wildcards: chr=MT


        bcftools index --tbi ../introgression/vcfs/final/kaga_MT.vcf.gz
        
Submitted job 101 with external jobid 'Job <5733859> is submitted to default queue <research-rh74>.'.
[Sat Mar 27 13:00:30 2021]
Finished job 101.
3 of 5 steps (60%) done
Select jobs to execute...

[Sat Mar 27 13:00:31 2021]
rule kaga_merge_chr_vcfs:
    input: ../introgression/vcfs/final/kaga_1.vcf.gz, ../introgression/vcfs/final/kaga_2.vcf.gz, ../introgression/vcfs/final/kaga_3.vcf.gz, ../introgression/vcfs/final/kaga_4.vcf.gz, ../introgression/vcfs/final/kaga_5.vcf.gz, ../introgression/vcfs/final/kaga_6.vcf.gz, ../introgression/vcfs/final/kaga_7.vcf.gz, ../introgression/vcfs/final/kaga_8.vcf.gz, ../introgression/vcfs/final/kaga_9.vcf.gz, ../introgression/vcfs/final/kaga_10.vcf.gz, ../introgression/vcfs/final/kaga_11.vcf.gz, ../introgression/vcfs/final/kaga_12.vcf.gz, ../introgression/vcfs/final/kaga_13.vcf.gz, ../introgression/vcfs/final/kaga_14.vcf.gz, ../introgression/vcfs/final/kaga_15.vcf.gz, ../introgression/vcfs/final/kaga_16.vcf.gz, ../introgression/vcfs/final/kaga_17.vcf.gz, ../introgression/vcfs/final/kaga_18.vcf.gz, ../introgression/vcfs/final/kaga_19.vcf.gz, ../introgression/vcfs/final/kaga_20.vcf.gz, ../introgression/vcfs/final/kaga_21.vcf.gz, ../introgression/vcfs/final/kaga_22.vcf.gz, ../introgression/vcfs/final/kaga_23.vcf.gz, ../introgression/vcfs/final/kaga_24.vcf.gz, ../introgression/vcfs/final/kaga_MT.vcf.gz, ../introgression/vcfs/final/kaga_1.vcf.gz.tbi, ../introgression/vcfs/final/kaga_2.vcf.gz.tbi, ../introgression/vcfs/final/kaga_3.vcf.gz.tbi, ../introgression/vcfs/final/kaga_4.vcf.gz.tbi, ../introgression/vcfs/final/kaga_5.vcf.gz.tbi, ../introgression/vcfs/final/kaga_6.vcf.gz.tbi, ../introgression/vcfs/final/kaga_7.vcf.gz.tbi, ../introgression/vcfs/final/kaga_8.vcf.gz.tbi, ../introgression/vcfs/final/kaga_9.vcf.gz.tbi, ../introgression/vcfs/final/kaga_10.vcf.gz.tbi, ../introgression/vcfs/final/kaga_11.vcf.gz.tbi, ../introgression/vcfs/final/kaga_12.vcf.gz.tbi, ../introgression/vcfs/final/kaga_13.vcf.gz.tbi, ../introgression/vcfs/final/kaga_14.vcf.gz.tbi, ../introgression/vcfs/final/kaga_15.vcf.gz.tbi, ../introgression/vcfs/final/kaga_16.vcf.gz.tbi, ../introgression/vcfs/final/kaga_17.vcf.gz.tbi, ../introgression/vcfs/final/kaga_18.vcf.gz.tbi, ../introgression/vcfs/final/kaga_19.vcf.gz.tbi, ../introgression/vcfs/final/kaga_20.vcf.gz.tbi, ../introgression/vcfs/final/kaga_21.vcf.gz.tbi, ../introgression/vcfs/final/kaga_22.vcf.gz.tbi, ../introgression/vcfs/final/kaga_23.vcf.gz.tbi, ../introgression/vcfs/final/kaga_24.vcf.gz.tbi, ../introgression/vcfs/final/kaga_MT.vcf.gz.tbi
    output: ../introgression/vcfs/merged/kaga.vcf.gz
    jobid: 102


        java -jar /usr/picard/picard.jar MergeVcfs             I=../introgression/vcfs/final/kaga_1.vcf.gz I=../introgression/vcfs/final/kaga_2.vcf.gz I=../introgression/vcfs/final/kaga_3.vcf.gz I=../introgression/vcfs/final/kaga_4.vcf.gz I=../introgression/vcfs/final/kaga_5.vcf.gz I=../introgression/vcfs/final/kaga_6.vcf.gz I=../introgression/vcfs/final/kaga_7.vcf.gz I=../introgression/vcfs/final/kaga_8.vcf.gz I=../introgression/vcfs/final/kaga_9.vcf.gz I=../introgression/vcfs/final/kaga_10.vcf.gz I=../introgression/vcfs/final/kaga_11.vcf.gz I=../introgression/vcfs/final/kaga_12.vcf.gz I=../introgression/vcfs/final/kaga_13.vcf.gz I=../introgression/vcfs/final/kaga_14.vcf.gz I=../introgression/vcfs/final/kaga_15.vcf.gz I=../introgression/vcfs/final/kaga_16.vcf.gz I=../introgression/vcfs/final/kaga_17.vcf.gz I=../introgression/vcfs/final/kaga_18.vcf.gz I=../introgression/vcfs/final/kaga_19.vcf.gz I=../introgression/vcfs/final/kaga_20.vcf.gz I=../introgression/vcfs/final/kaga_21.vcf.gz I=../introgression/vcfs/final/kaga_22.vcf.gz I=../introgression/vcfs/final/kaga_23.vcf.gz I=../introgression/vcfs/final/kaga_24.vcf.gz I=../introgression/vcfs/final/kaga_MT.vcf.gz             O=../introgression/vcfs/merged/kaga.vcf.gz             TMP_DIR=../tmp
        
Submitted job 102 with external jobid 'Job <5733925> is submitted to default queue <research-rh74>.'.
[Sat Mar 27 13:05:21 2021]
Finished job 102.
4 of 5 steps (80%) done
Select jobs to execute...

[Sat Mar 27 13:05:22 2021]
localrule all:
    input: ../introgression/fastas/DRR002225_1.fastq.gz, ../introgression/fastas/DRR002225_2.fastq.gz, ../introgression/fastas/DRR002226_1.fastq.gz, ../introgression/fastas/DRR002226_2.fastq.gz, ../introgression/fastas/DRR002227_1.fastq.gz, ../introgression/fastas/DRR002227_2.fastq.gz, ../introgression/fastas/DRR002228_1.fastq.gz, ../introgression/fastas/DRR002228_2.fastq.gz, ../introgression/sams/DRR002225.sam, ../introgression/sams/DRR002226.sam, ../introgression/sams/DRR002227.sam, ../introgression/sams/DRR002228.sam, ../introgression/sams/DRR002225_withRGs.sam, ../introgression/sams/DRR002226_withRGs.sam, ../introgression/sams/DRR002227_withRGs.sam, ../introgression/sams/DRR002228_withRGs.sam, ../introgression/bams/sorted/DRR002225.bam, ../introgression/bams/sorted/DRR002226.bam, ../introgression/bams/sorted/DRR002227.bam, ../introgression/bams/sorted/DRR002228.bam, ../introgression/bams/marked/DRR002225.bam, ../introgression/bams/marked/DRR002226.bam, ../introgression/bams/marked/DRR002227.bam, ../introgression/bams/marked/DRR002228.bam, ../introgression/bams/merged/kaga.bam, ../introgression/bams/merged/kaga.bai, ../introgression/vcfs/gvcfs/kaga_1.g.vcf.gz, ../introgression/vcfs/gvcfs/kaga_3.g.vcf.gz, ../introgression/vcfs/gvcfs/kaga_20.g.vcf.gz, ../introgression/vcfs/gvcfs/kaga_23.g.vcf.gz, ../introgression/vcfs/gvcfs/kaga_12.g.vcf.gz, ../introgression/vcfs/gvcfs/kaga_10.g.vcf.gz, ../introgression/vcfs/gvcfs/kaga_2.g.vcf.gz, ../introgression/vcfs/gvcfs/kaga_9.g.vcf.gz, ../introgression/vcfs/gvcfs/kaga_22.g.vcf.gz, ../introgression/vcfs/gvcfs/kaga_21.g.vcf.gz, ../introgression/vcfs/gvcfs/kaga_5.g.vcf.gz, ../introgression/vcfs/gvcfs/kaga_16.g.vcf.gz, ../introgression/vcfs/gvcfs/kaga_11.g.vcf.gz, ../introgression/vcfs/gvcfs/kaga_7.g.vcf.gz, ../introgression/vcfs/gvcfs/kaga_15.g.vcf.gz, ../introgression/vcfs/gvcfs/kaga_8.g.vcf.gz, ../introgression/vcfs/gvcfs/kaga_17.g.vcf.gz, ../introgression/vcfs/gvcfs/kaga_4.g.vcf.gz, ../introgression/vcfs/gvcfs/kaga_6.g.vcf.gz, ../introgression/vcfs/gvcfs/kaga_19.g.vcf.gz, ../introgression/vcfs/gvcfs/kaga_18.g.vcf.gz, ../introgression/vcfs/gvcfs/kaga_24.g.vcf.gz, ../introgression/vcfs/gvcfs/kaga_14.g.vcf.gz, ../introgression/vcfs/gvcfs/kaga_13.g.vcf.gz, ../introgression/vcfs/gvcfs/kaga_MT.g.vcf.gz, ../introgression/vcfs/final/kaga_1.vcf.gz, ../introgression/vcfs/final/kaga_3.vcf.gz, ../introgression/vcfs/final/kaga_20.vcf.gz, ../introgression/vcfs/final/kaga_23.vcf.gz, ../introgression/vcfs/final/kaga_12.vcf.gz, ../introgression/vcfs/final/kaga_10.vcf.gz, ../introgression/vcfs/final/kaga_2.vcf.gz, ../introgression/vcfs/final/kaga_9.vcf.gz, ../introgression/vcfs/final/kaga_22.vcf.gz, ../introgression/vcfs/final/kaga_21.vcf.gz, ../introgression/vcfs/final/kaga_5.vcf.gz, ../introgression/vcfs/final/kaga_16.vcf.gz, ../introgression/vcfs/final/kaga_11.vcf.gz, ../introgression/vcfs/final/kaga_7.vcf.gz, ../introgression/vcfs/final/kaga_15.vcf.gz, ../introgression/vcfs/final/kaga_8.vcf.gz, ../introgression/vcfs/final/kaga_17.vcf.gz, ../introgression/vcfs/final/kaga_4.vcf.gz, ../introgression/vcfs/final/kaga_6.vcf.gz, ../introgression/vcfs/final/kaga_19.vcf.gz, ../introgression/vcfs/final/kaga_18.vcf.gz, ../introgression/vcfs/final/kaga_24.vcf.gz, ../introgression/vcfs/final/kaga_14.vcf.gz, ../introgression/vcfs/final/kaga_13.vcf.gz, ../introgression/vcfs/final/kaga_MT.vcf.gz, ../introgression/vcfs/final/kaga_1.vcf.gz.tbi, ../introgression/vcfs/final/kaga_3.vcf.gz.tbi, ../introgression/vcfs/final/kaga_20.vcf.gz.tbi, ../introgression/vcfs/final/kaga_23.vcf.gz.tbi, ../introgression/vcfs/final/kaga_12.vcf.gz.tbi, ../introgression/vcfs/final/kaga_10.vcf.gz.tbi, ../introgression/vcfs/final/kaga_2.vcf.gz.tbi, ../introgression/vcfs/final/kaga_9.vcf.gz.tbi, ../introgression/vcfs/final/kaga_22.vcf.gz.tbi, ../introgression/vcfs/final/kaga_21.vcf.gz.tbi, ../introgression/vcfs/final/kaga_5.vcf.gz.tbi, ../introgression/vcfs/final/kaga_16.vcf.gz.tbi, ../introgression/vcfs/final/kaga_11.vcf.gz.tbi, ../introgression/vcfs/final/kaga_7.vcf.gz.tbi, ../introgression/vcfs/final/kaga_15.vcf.gz.tbi, ../introgression/vcfs/final/kaga_8.vcf.gz.tbi, ../introgression/vcfs/final/kaga_17.vcf.gz.tbi, ../introgression/vcfs/final/kaga_4.vcf.gz.tbi, ../introgression/vcfs/final/kaga_6.vcf.gz.tbi, ../introgression/vcfs/final/kaga_19.vcf.gz.tbi, ../introgression/vcfs/final/kaga_18.vcf.gz.tbi, ../introgression/vcfs/final/kaga_24.vcf.gz.tbi, ../introgression/vcfs/final/kaga_14.vcf.gz.tbi, ../introgression/vcfs/final/kaga_13.vcf.gz.tbi, ../introgression/vcfs/final/kaga_MT.vcf.gz.tbi, ../introgression/vcfs/merged/kaga.vcf.gz
    jobid: 0

[Sat Mar 27 13:05:22 2021]
Finished job 0.
5 of 5 steps (100%) done
Complete log: /hps/research1/birney/users/ian/mikk_paper/mikk_genome/.snakemake/log/2021-03-27T124128.799604.snakemake.log
