Building DAG of jobs...
Job counts:
	count	jobs
	1	all
	48	combine_emf_and_maf
	2	extract_allele_freqs
	48	split_by_chr
	99

[Mon Mar 15 11:00:37 2021]
rule extract_allele_freqs:
    input: ../introgression/vcfs/ill_no-sibs_no-missing_bi-snps_with-af_1.vcf.gz
    output: ../introgression/mafs/mikk_1.txt
    jobid: 9035
    wildcards: group=1


        bcftools query             --format '%CHROM	%POS	%REF	%ALT	%INFO/AF
'             --output-file ../introgression/mafs/mikk_1.txt             ../introgression/vcfs/ill_no-sibs_no-missing_bi-snps_with-af_1.vcf.gz
        

[Mon Mar 15 11:00:37 2021]
rule extract_allele_freqs:
    input: ../introgression/vcfs/ill_no-sibs_no-missing_bi-snps_with-af_2.vcf.gz
    output: ../introgression/mafs/mikk_2.txt
    jobid: 9036
    wildcards: group=2


        bcftools query             --format '%CHROM	%POS	%REF	%ALT	%INFO/AF
'             --output-file ../introgression/mafs/mikk_2.txt             ../introgression/vcfs/ill_no-sibs_no-missing_bi-snps_with-af_2.vcf.gz
        

[Mon Mar 15 11:00:37 2021]
rule split_by_chr:
    input: ../introgression/mafs/mikk_1.txt
    output: ../introgression/mafs/split_by_chr_1/13.txt
    jobid: 9041
    wildcards: group=1, chr=13

RuleException in line 244 of /hps/research1/birney/users/ian/mikk_paper/mikk_genome/code/snakemake/introgression/Snakefile:
NameError: The name 'print $1"' is unknown in this context. Please make sure that you defined that variable. Also note that braces not used for variable access have to be escaped by repeating them, i.e. {{print $1}}
  File "/nfs/research1/birney/users/brettell/anaconda3/envs/snakemake/lib/python3.9/site-packages/snakemake/executors/__init__.py", line 136, in run_jobs
  File "/nfs/research1/birney/users/brettell/anaconda3/envs/snakemake/lib/python3.9/site-packages/snakemake/executors/__init__.py", line 145, in run
  File "/nfs/research1/birney/users/brettell/anaconda3/envs/snakemake/lib/python3.9/site-packages/snakemake/executors/__init__.py", line 156, in _run
  File "/nfs/research1/birney/users/brettell/anaconda3/envs/snakemake/lib/python3.9/site-packages/snakemake/executors/__init__.py", line 176, in printjob
  File "/nfs/research1/birney/users/brettell/anaconda3/envs/snakemake/lib/python3.9/site-packages/snakemake/executors/__init__.py", line 162, in printjob
