Building DAG of jobs...
Using shell: /usr/local/bin/bash
Provided cluster nodes: 5000
Job counts:
	count	jobs
	5	add_hdrr_coords
	1	all
	57	consolidate_subchrs
	63
Select jobs to execute...

[Fri Mar 12 18:39:02 2021]
rule consolidate_subchrs:
    input: ../introgression/release-102/cleaned/6_1
    output: ../introgression/release-102/consolidated/6_1.txt
    jobid: 8960
    wildcards: chr=6, subchr=1

Rscript --no-save --no-restore --no-environ --no-site-file code/scripts/introgression/20201015_consolidate_chr_dat.R ../introgression/release-102/cleaned/6_1 ../introgression/release-102/consolidated/6_1.txt
Submitted job 8960 with external jobid 'Job <2390652> is submitted to default queue <research-rh74>.'.

[Fri Mar 12 18:39:02 2021]
rule consolidate_subchrs:
    input: ../introgression/release-102/cleaned/22_1
    output: ../introgression/release-102/consolidated/22_1.txt
    jobid: 8953
    wildcards: chr=22, subchr=1

Rscript --no-save --no-restore --no-environ --no-site-file code/scripts/introgression/20201015_consolidate_chr_dat.R ../introgression/release-102/cleaned/22_1 ../introgression/release-102/consolidated/22_1.txt
Submitted job 8953 with external jobid 'Job <2390653> is submitted to default queue <research-rh74>.'.

[Fri Mar 12 18:39:02 2021]
rule consolidate_subchrs:
    input: ../introgression/release-102/cleaned/10_3
    output: ../introgression/release-102/consolidated/10_3.txt
    jobid: 8968
    wildcards: chr=10, subchr=3

Rscript --no-save --no-restore --no-environ --no-site-file code/scripts/introgression/20201015_consolidate_chr_dat.R ../introgression/release-102/cleaned/10_3 ../introgression/release-102/consolidated/10_3.txt
Submitted job 8968 with external jobid 'Job <2390654> is submitted to default queue <research-rh74>.'.

[Fri Mar 12 18:39:02 2021]
rule consolidate_subchrs:
    input: ../introgression/release-102/cleaned/24_2
    output: ../introgression/release-102/consolidated/24_2.txt
    jobid: 8975
    wildcards: chr=24, subchr=2

Rscript --no-save --no-restore --no-environ --no-site-file code/scripts/introgression/20201015_consolidate_chr_dat.R ../introgression/release-102/cleaned/24_2 ../introgression/release-102/consolidated/24_2.txt
Submitted job 8975 with external jobid 'Job <2390655> is submitted to default queue <research-rh74>.'.

[Fri Mar 12 18:39:02 2021]
rule consolidate_subchrs:
    input: ../introgression/release-102/cleaned/15_1
    output: ../introgression/release-102/consolidated/15_1.txt
    jobid: 8983
    wildcards: chr=15, subchr=1

Rscript --no-save --no-restore --no-environ --no-site-file code/scripts/introgression/20201015_consolidate_chr_dat.R ../introgression/release-102/cleaned/15_1 ../introgression/release-102/consolidated/15_1.txt
Submitted job 8983 with external jobid 'Job <2390656> is submitted to default queue <research-rh74>.'.

[Fri Mar 12 18:39:02 2021]
rule consolidate_subchrs:
    input: ../introgression/release-102/cleaned/21_1
    output: ../introgression/release-102/consolidated/21_1.txt
    jobid: 8990
    wildcards: chr=21, subchr=1

Rscript --no-save --no-restore --no-environ --no-site-file code/scripts/introgression/20201015_consolidate_chr_dat.R ../introgression/release-102/cleaned/21_1 ../introgression/release-102/consolidated/21_1.txt
Submitted job 8990 with external jobid 'Job <2390657> is submitted to default queue <research-rh74>.'.

[Fri Mar 12 18:39:02 2021]
rule consolidate_subchrs:
    input: ../introgression/release-102/cleaned/9_2
    output: ../introgression/release-102/consolidated/9_2.txt
    jobid: 8998
    wildcards: chr=9, subchr=2

Rscript --no-save --no-restore --no-environ --no-site-file code/scripts/introgression/20201015_consolidate_chr_dat.R ../introgression/release-102/cleaned/9_2 ../introgression/release-102/consolidated/9_2.txt
Submitted job 8998 with external jobid 'Job <2390658> is submitted to default queue <research-rh74>.'.

[Fri Mar 12 18:39:02 2021]
rule consolidate_subchrs:
    input: ../introgression/release-102/cleaned/12_1
    output: ../introgression/release-102/consolidated/12_1.txt
    jobid: 9005
    wildcards: chr=12, subchr=1

Rscript --no-save --no-restore --no-environ --no-site-file code/scripts/introgression/20201015_consolidate_chr_dat.R ../introgression/release-102/cleaned/12_1 ../introgression/release-102/consolidated/12_1.txt
Submitted job 9005 with external jobid 'Job <2390659> is submitted to default queue <research-rh74>.'.

[Fri Mar 12 18:39:03 2021]
rule add_hdrr_coords:
    input: ../introgression/release-102/segmented/17_1/17_2139440_2153945_-1.data.txt
    output: ../introgression/release-102/cleaned/17_1/17_2139440_2153945_-1.txt
    jobid: 3996
    wildcards: chr=17, subchr=1, segment=17_2139440_2153945, strand=-1

input=../introgression/release-102/segmented/17_1/17_2139440_2153945_-1.data.txt; output=../introgression/release-102/cleaned/17_1/17_2139440_2153945_-1.txt; tmp_file=../tmp/17_2139440_2153945_-1.data.txt ; tac $input > $tmp_file ; Rscript --no-save --no-restore --no-environ --no-site-file code/scripts/introgression/20201015_add-hdrr-coords-to-emf-data_rc.R $tmp_file $input $output
Submitted job 3996 with external jobid 'Job <2390660> is submitted to default queue <research-rh74>.'.

[Fri Mar 12 18:39:03 2021]
rule consolidate_subchrs:
    input: ../introgression/release-102/cleaned/16_2
    output: ../introgression/release-102/consolidated/16_2.txt
    jobid: 8954
    wildcards: chr=16, subchr=2

Rscript --no-save --no-restore --no-environ --no-site-file code/scripts/introgression/20201015_consolidate_chr_dat.R ../introgression/release-102/cleaned/16_2 ../introgression/release-102/consolidated/16_2.txt
Submitted job 8954 with external jobid 'Job <2390661> is submitted to default queue <research-rh74>.'.

[Fri Mar 12 18:39:03 2021]
rule consolidate_subchrs:
    input: ../introgression/release-102/cleaned/15_2
    output: ../introgression/release-102/consolidated/15_2.txt
    jobid: 8961
    wildcards: chr=15, subchr=2

Rscript --no-save --no-restore --no-environ --no-site-file code/scripts/introgression/20201015_consolidate_chr_dat.R ../introgression/release-102/cleaned/15_2 ../introgression/release-102/consolidated/15_2.txt
Submitted job 8961 with external jobid 'Job <2390662> is submitted to default queue <research-rh74>.'.

[Fri Mar 12 18:39:03 2021]
rule consolidate_subchrs:
    input: ../introgression/release-102/cleaned/2_1
    output: ../introgression/release-102/consolidated/2_1.txt
    jobid: 8969
    wildcards: chr=2, subchr=1

Rscript --no-save --no-restore --no-environ --no-site-file code/scripts/introgression/20201015_consolidate_chr_dat.R ../introgression/release-102/cleaned/2_1 ../introgression/release-102/consolidated/2_1.txt
Submitted job 8969 with external jobid 'Job <2390663> is submitted to default queue <research-rh74>.'.

[Fri Mar 12 18:39:03 2021]
rule consolidate_subchrs:
    input: ../introgression/release-102/cleaned/21_2
    output: ../introgression/release-102/consolidated/21_2.txt
    jobid: 8976
    wildcards: chr=21, subchr=2

Rscript --no-save --no-restore --no-environ --no-site-file code/scripts/introgression/20201015_consolidate_chr_dat.R ../introgression/release-102/cleaned/21_2 ../introgression/release-102/consolidated/21_2.txt
Submitted job 8976 with external jobid 'Job <2390664> is submitted to default queue <research-rh74>.'.

[Fri Mar 12 18:39:03 2021]
rule consolidate_subchrs:
    input: ../introgression/release-102/cleaned/10_1
    output: ../introgression/release-102/consolidated/10_1.txt
    jobid: 8984
    wildcards: chr=10, subchr=1

Rscript --no-save --no-restore --no-environ --no-site-file code/scripts/introgression/20201015_consolidate_chr_dat.R ../introgression/release-102/cleaned/10_1 ../introgression/release-102/consolidated/10_1.txt
Submitted job 8984 with external jobid 'Job <2390665> is submitted to default queue <research-rh74>.'.

[Fri Mar 12 18:39:03 2021]
rule consolidate_subchrs:
    input: ../introgression/release-102/cleaned/3_3
    output: ../introgression/release-102/consolidated/3_3.txt
    jobid: 8991
    wildcards: chr=3, subchr=3

Rscript --no-save --no-restore --no-environ --no-site-file code/scripts/introgression/20201015_consolidate_chr_dat.R ../introgression/release-102/cleaned/3_3 ../introgression/release-102/consolidated/3_3.txt
Submitted job 8991 with external jobid 'Job <2390666> is submitted to default queue <research-rh74>.'.

[Fri Mar 12 18:39:03 2021]
rule consolidate_subchrs:
    input: ../introgression/release-102/cleaned/11_1
    output: ../introgression/release-102/consolidated/11_1.txt
    jobid: 8999
    wildcards: chr=11, subchr=1

Rscript --no-save --no-restore --no-environ --no-site-file code/scripts/introgression/20201015_consolidate_chr_dat.R ../introgression/release-102/cleaned/11_1 ../introgression/release-102/consolidated/11_1.txt
Submitted job 8999 with external jobid 'Job <2390667> is submitted to default queue <research-rh74>.'.

[Fri Mar 12 18:39:04 2021]
rule consolidate_subchrs:
    input: ../introgression/release-102/cleaned/2_2
    output: ../introgression/release-102/consolidated/2_2.txt
    jobid: 9006
    wildcards: chr=2, subchr=2

Rscript --no-save --no-restore --no-environ --no-site-file code/scripts/introgression/20201015_consolidate_chr_dat.R ../introgression/release-102/cleaned/2_2 ../introgression/release-102/consolidated/2_2.txt
Submitted job 9006 with external jobid 'Job <2390668> is submitted to default queue <research-rh74>.'.

[Fri Mar 12 18:39:04 2021]
rule consolidate_subchrs:
    input: ../introgression/release-102/cleaned/5_2
    output: ../introgression/release-102/consolidated/5_2.txt
    jobid: 8955
    wildcards: chr=5, subchr=2

Rscript --no-save --no-restore --no-environ --no-site-file code/scripts/introgression/20201015_consolidate_chr_dat.R ../introgression/release-102/cleaned/5_2 ../introgression/release-102/consolidated/5_2.txt
Submitted job 8955 with external jobid 'Job <2390669> is submitted to default queue <research-rh74>.'.

[Fri Mar 12 18:39:04 2021]
rule consolidate_subchrs:
    input: ../introgression/release-102/cleaned/1_3
    output: ../introgression/release-102/consolidated/1_3.txt
    jobid: 8962
    wildcards: chr=1, subchr=3

Rscript --no-save --no-restore --no-environ --no-site-file code/scripts/introgression/20201015_consolidate_chr_dat.R ../introgression/release-102/cleaned/1_3 ../introgression/release-102/consolidated/1_3.txt
Submitted job 8962 with external jobid 'Job <2390670> is submitted to default queue <research-rh74>.'.

[Fri Mar 12 18:39:04 2021]
rule consolidate_subchrs:
    input: ../introgression/release-102/cleaned/8_2
    output: ../introgression/release-102/consolidated/8_2.txt
    jobid: 8970
    wildcards: chr=8, subchr=2

Rscript --no-save --no-restore --no-environ --no-site-file code/scripts/introgression/20201015_consolidate_chr_dat.R ../introgression/release-102/cleaned/8_2 ../introgression/release-102/consolidated/8_2.txt
Submitted job 8970 with external jobid 'Job <2390671> is submitted to default queue <research-rh74>.'.

[Fri Mar 12 18:39:04 2021]
rule consolidate_subchrs:
    input: ../introgression/release-102/cleaned/1_1
    output: ../introgression/release-102/consolidated/1_1.txt
    jobid: 8977
    wildcards: chr=1, subchr=1

Rscript --no-save --no-restore --no-environ --no-site-file code/scripts/introgression/20201015_consolidate_chr_dat.R ../introgression/release-102/cleaned/1_1 ../introgression/release-102/consolidated/1_1.txt
Submitted job 8977 with external jobid 'Job <2390672> is submitted to default queue <research-rh74>.'.

[Fri Mar 12 18:39:04 2021]
rule consolidate_subchrs:
    input: ../introgression/release-102/cleaned/13_1
    output: ../introgression/release-102/consolidated/13_1.txt
    jobid: 8985
    wildcards: chr=13, subchr=1

Rscript --no-save --no-restore --no-environ --no-site-file code/scripts/introgression/20201015_consolidate_chr_dat.R ../introgression/release-102/cleaned/13_1 ../introgression/release-102/consolidated/13_1.txt
Submitted job 8985 with external jobid 'Job <2390673> is submitted to default queue <research-rh74>.'.

[Fri Mar 12 18:39:04 2021]
rule consolidate_subchrs:
    input: ../introgression/release-102/cleaned/10_2
    output: ../introgression/release-102/consolidated/10_2.txt
    jobid: 8992
    wildcards: chr=10, subchr=2

Rscript --no-save --no-restore --no-environ --no-site-file code/scripts/introgression/20201015_consolidate_chr_dat.R ../introgression/release-102/cleaned/10_2 ../introgression/release-102/consolidated/10_2.txt
Submitted job 8992 with external jobid 'Job <2390674> is submitted to default queue <research-rh74>.'.

[Fri Mar 12 18:39:04 2021]
rule consolidate_subchrs:
    input: ../introgression/release-102/cleaned/18_1
    output: ../introgression/release-102/consolidated/18_1.txt
    jobid: 9000
    wildcards: chr=18, subchr=1

Rscript --no-save --no-restore --no-environ --no-site-file code/scripts/introgression/20201015_consolidate_chr_dat.R ../introgression/release-102/cleaned/18_1 ../introgression/release-102/consolidated/18_1.txt
Submitted job 9000 with external jobid 'Job <2390675> is submitted to default queue <research-rh74>.'.

[Fri Mar 12 18:39:05 2021]
rule consolidate_subchrs:
    input: ../introgression/release-102/cleaned/14_2
    output: ../introgression/release-102/consolidated/14_2.txt
    jobid: 9007
    wildcards: chr=14, subchr=2

Rscript --no-save --no-restore --no-environ --no-site-file code/scripts/introgression/20201015_consolidate_chr_dat.R ../introgression/release-102/cleaned/14_2 ../introgression/release-102/consolidated/14_2.txt
Submitted job 9007 with external jobid 'Job <2390676> is submitted to default queue <research-rh74>.'.

[Fri Mar 12 18:39:05 2021]
rule consolidate_subchrs:
    input: ../introgression/release-102/cleaned/23_2
    output: ../introgression/release-102/consolidated/23_2.txt
    jobid: 8963
    wildcards: chr=23, subchr=2

Rscript --no-save --no-restore --no-environ --no-site-file code/scripts/introgression/20201015_consolidate_chr_dat.R ../introgression/release-102/cleaned/23_2 ../introgression/release-102/consolidated/23_2.txt
Submitted job 8963 with external jobid 'Job <2390677> is submitted to default queue <research-rh74>.'.

[Fri Mar 12 18:39:05 2021]
rule add_hdrr_coords:
    input: ../introgression/release-102/segmented/11_2/11_21065274_21099126_-1.data.txt
    output: ../introgression/release-102/cleaned/11_2/11_21065274_21099126_-1.txt
    jobid: 4583
    wildcards: chr=11, subchr=2, segment=11_21065274_21099126, strand=-1

input=../introgression/release-102/segmented/11_2/11_21065274_21099126_-1.data.txt; output=../introgression/release-102/cleaned/11_2/11_21065274_21099126_-1.txt; tmp_file=../tmp/11_21065274_21099126_-1.data.txt ; tac $input > $tmp_file ; Rscript --no-save --no-restore --no-environ --no-site-file code/scripts/introgression/20201015_add-hdrr-coords-to-emf-data_rc.R $tmp_file $input $output
Submitted job 4583 with external jobid 'Job <2390678> is submitted to default queue <research-rh74>.'.

[Fri Mar 12 18:39:05 2021]
rule add_hdrr_coords:
    input: ../introgression/release-102/segmented/24_2/24_16480574_16483416_-1.data.txt
    output: ../introgression/release-102/cleaned/24_2/24_16480574_16483416_-1.txt
    jobid: 3503
    wildcards: chr=24, subchr=2, segment=24_16480574_16483416, strand=-1

input=../introgression/release-102/segmented/24_2/24_16480574_16483416_-1.data.txt; output=../introgression/release-102/cleaned/24_2/24_16480574_16483416_-1.txt; tmp_file=../tmp/24_16480574_16483416_-1.data.txt ; tac $input > $tmp_file ; Rscript --no-save --no-restore --no-environ --no-site-file code/scripts/introgression/20201015_add-hdrr-coords-to-emf-data_rc.R $tmp_file $input $output
Submitted job 3503 with external jobid 'Job <2390679> is submitted to default queue <research-rh74>.'.

[Fri Mar 12 18:39:05 2021]
rule consolidate_subchrs:
    input: ../introgression/release-102/cleaned/5_1
    output: ../introgression/release-102/consolidated/5_1.txt
    jobid: 8956
    wildcards: chr=5, subchr=1

Rscript --no-save --no-restore --no-environ --no-site-file code/scripts/introgression/20201015_consolidate_chr_dat.R ../introgression/release-102/cleaned/5_1 ../introgression/release-102/consolidated/5_1.txt
Submitted job 8956 with external jobid 'Job <2390680> is submitted to default queue <research-rh74>.'.

[Fri Mar 12 18:39:05 2021]
rule consolidate_subchrs:
    input: ../introgression/release-102/cleaned/7_1
    output: ../introgression/release-102/consolidated/7_1.txt
    jobid: 8971
    wildcards: chr=7, subchr=1

Rscript --no-save --no-restore --no-environ --no-site-file code/scripts/introgression/20201015_consolidate_chr_dat.R ../introgression/release-102/cleaned/7_1 ../introgression/release-102/consolidated/7_1.txt
Submitted job 8971 with external jobid 'Job <2390681> is submitted to default queue <research-rh74>.'.

[Fri Mar 12 18:39:05 2021]
rule consolidate_subchrs:
    input: ../introgression/release-102/cleaned/17_1
    output: ../introgression/release-102/consolidated/17_1.txt
    jobid: 8978
    wildcards: chr=17, subchr=1

Rscript --no-save --no-restore --no-environ --no-site-file code/scripts/introgression/20201015_consolidate_chr_dat.R ../introgression/release-102/cleaned/17_1 ../introgression/release-102/consolidated/17_1.txt
Submitted job 8978 with external jobid 'Job <2390682> is submitted to default queue <research-rh74>.'.

[Fri Mar 12 18:39:05 2021]
rule consolidate_subchrs:
    input: ../introgression/release-102/cleaned/23_1
    output: ../introgression/release-102/consolidated/23_1.txt
    jobid: 8986
    wildcards: chr=23, subchr=1

Rscript --no-save --no-restore --no-environ --no-site-file code/scripts/introgression/20201015_consolidate_chr_dat.R ../introgression/release-102/cleaned/23_1 ../introgression/release-102/consolidated/23_1.txt
Submitted job 8986 with external jobid 'Job <2390683> is submitted to default queue <research-rh74>.'.

[Fri Mar 12 18:39:06 2021]
rule consolidate_subchrs:
    input: ../introgression/release-102/cleaned/22_2
    output: ../introgression/release-102/consolidated/22_2.txt
    jobid: 8993
    wildcards: chr=22, subchr=2

Rscript --no-save --no-restore --no-environ --no-site-file code/scripts/introgression/20201015_consolidate_chr_dat.R ../introgression/release-102/cleaned/22_2 ../introgression/release-102/consolidated/22_2.txt
Submitted job 8993 with external jobid 'Job <2390684> is submitted to default queue <research-rh74>.'.

[Fri Mar 12 18:39:06 2021]
rule consolidate_subchrs:
    input: ../introgression/release-102/cleaned/5_3
    output: ../introgression/release-102/consolidated/5_3.txt
    jobid: 9001
    wildcards: chr=5, subchr=3

Rscript --no-save --no-restore --no-environ --no-site-file code/scripts/introgression/20201015_consolidate_chr_dat.R ../introgression/release-102/cleaned/5_3 ../introgression/release-102/consolidated/5_3.txt
Submitted job 9001 with external jobid 'Job <2390685> is submitted to default queue <research-rh74>.'.

[Fri Mar 12 18:39:06 2021]
rule consolidate_subchrs:
    input: ../introgression/release-102/cleaned/4_3
    output: ../introgression/release-102/consolidated/4_3.txt
    jobid: 9008
    wildcards: chr=4, subchr=3

Rscript --no-save --no-restore --no-environ --no-site-file code/scripts/introgression/20201015_consolidate_chr_dat.R ../introgression/release-102/cleaned/4_3 ../introgression/release-102/consolidated/4_3.txt
Submitted job 9008 with external jobid 'Job <2390686> is submitted to default queue <research-rh74>.'.

[Fri Mar 12 18:39:06 2021]
rule consolidate_subchrs:
    input: ../introgression/release-102/cleaned/13_3
    output: ../introgression/release-102/consolidated/13_3.txt
    jobid: 8957
    wildcards: chr=13, subchr=3

Rscript --no-save --no-restore --no-environ --no-site-file code/scripts/introgression/20201015_consolidate_chr_dat.R ../introgression/release-102/cleaned/13_3 ../introgression/release-102/consolidated/13_3.txt
Submitted job 8957 with external jobid 'Job <2390687> is submitted to default queue <research-rh74>.'.

[Fri Mar 12 18:39:06 2021]
rule consolidate_subchrs:
    input: ../introgression/release-102/cleaned/12_2
    output: ../introgression/release-102/consolidated/12_2.txt
    jobid: 8964
    wildcards: chr=12, subchr=2

Rscript --no-save --no-restore --no-environ --no-site-file code/scripts/introgression/20201015_consolidate_chr_dat.R ../introgression/release-102/cleaned/12_2 ../introgression/release-102/consolidated/12_2.txt
Submitted job 8964 with external jobid 'Job <2390688> is submitted to default queue <research-rh74>.'.

[Fri Mar 12 18:39:06 2021]
rule consolidate_subchrs:
    input: ../introgression/release-102/cleaned/3_2
    output: ../introgression/release-102/consolidated/3_2.txt
    jobid: 8972
    wildcards: chr=3, subchr=2

Rscript --no-save --no-restore --no-environ --no-site-file code/scripts/introgression/20201015_consolidate_chr_dat.R ../introgression/release-102/cleaned/3_2 ../introgression/release-102/consolidated/3_2.txt
Submitted job 8972 with external jobid 'Job <2390689> is submitted to default queue <research-rh74>.'.

[Fri Mar 12 18:39:06 2021]
rule consolidate_subchrs:
    input: ../introgression/release-102/cleaned/14_1
    output: ../introgression/release-102/consolidated/14_1.txt
    jobid: 8979
    wildcards: chr=14, subchr=1

Rscript --no-save --no-restore --no-environ --no-site-file code/scripts/introgression/20201015_consolidate_chr_dat.R ../introgression/release-102/cleaned/14_1 ../introgression/release-102/consolidated/14_1.txt
Submitted job 8979 with external jobid 'Job <2390690> is submitted to default queue <research-rh74>.'.

[Fri Mar 12 18:39:07 2021]
rule consolidate_subchrs:
    input: ../introgression/release-102/cleaned/24_1
    output: ../introgression/release-102/consolidated/24_1.txt
    jobid: 8987
    wildcards: chr=24, subchr=1

Rscript --no-save --no-restore --no-environ --no-site-file code/scripts/introgression/20201015_consolidate_chr_dat.R ../introgression/release-102/cleaned/24_1 ../introgression/release-102/consolidated/24_1.txt
Submitted job 8987 with external jobid 'Job <2390691> is submitted to default queue <research-rh74>.'.

[Fri Mar 12 18:39:07 2021]
rule consolidate_subchrs:
    input: ../introgression/release-102/cleaned/20_2
    output: ../introgression/release-102/consolidated/20_2.txt
    jobid: 8994
    wildcards: chr=20, subchr=2

Rscript --no-save --no-restore --no-environ --no-site-file code/scripts/introgression/20201015_consolidate_chr_dat.R ../introgression/release-102/cleaned/20_2 ../introgression/release-102/consolidated/20_2.txt
Submitted job 8994 with external jobid 'Job <2390692> is submitted to default queue <research-rh74>.'.

[Fri Mar 12 18:39:07 2021]
rule consolidate_subchrs:
    input: ../introgression/release-102/cleaned/7_2
    output: ../introgression/release-102/consolidated/7_2.txt
    jobid: 9002
    wildcards: chr=7, subchr=2

Rscript --no-save --no-restore --no-environ --no-site-file code/scripts/introgression/20201015_consolidate_chr_dat.R ../introgression/release-102/cleaned/7_2 ../introgression/release-102/consolidated/7_2.txt
Submitted job 9002 with external jobid 'Job <2390693> is submitted to default queue <research-rh74>.'.

[Fri Mar 12 18:39:07 2021]
rule add_hdrr_coords:
    input: ../introgression/release-102/segmented/20_1/20_6365114_6370294_-1.data.txt
    output: ../introgression/release-102/cleaned/20_1/20_6365114_6370294_-1.txt
    jobid: 2103
    wildcards: chr=20, subchr=1, segment=20_6365114_6370294, strand=-1

input=../introgression/release-102/segmented/20_1/20_6365114_6370294_-1.data.txt; output=../introgression/release-102/cleaned/20_1/20_6365114_6370294_-1.txt; tmp_file=../tmp/20_6365114_6370294_-1.data.txt ; tac $input > $tmp_file ; Rscript --no-save --no-restore --no-environ --no-site-file code/scripts/introgression/20201015_add-hdrr-coords-to-emf-data_rc.R $tmp_file $input $output
Submitted job 2103 with external jobid 'Job <2390694> is submitted to default queue <research-rh74>.'.

[Fri Mar 12 18:39:07 2021]
rule add_hdrr_coords:
    input: ../introgression/release-102/segmented/1_2/1_16795958_16835713_1.data.txt
    output: ../introgression/release-102/cleaned/1_2/1_16795958_16835713_1.txt
    jobid: 7353
    wildcards: chr=1, subchr=2, segment=1_16795958_16835713, strand=1

input=../introgression/release-102/segmented/1_2/1_16795958_16835713_1.data.txt; output=../introgression/release-102/cleaned/1_2/1_16795958_16835713_1.txt; Rscript --no-save --no-restore --no-environ --no-site-file code/scripts/introgression/20200908_add-hdrr-coords-to-emf-data.R $input $output
Submitted job 7353 with external jobid 'Job <2390695> is submitted to default queue <research-rh74>.'.

[Fri Mar 12 18:39:07 2021]
rule consolidate_subchrs:
    input: ../introgression/release-102/cleaned/3_1
    output: ../introgression/release-102/consolidated/3_1.txt
    jobid: 8958
    wildcards: chr=3, subchr=1

Rscript --no-save --no-restore --no-environ --no-site-file code/scripts/introgression/20201015_consolidate_chr_dat.R ../introgression/release-102/cleaned/3_1 ../introgression/release-102/consolidated/3_1.txt
Submitted job 8958 with external jobid 'Job <2390696> is submitted to default queue <research-rh74>.'.

[Fri Mar 12 18:39:07 2021]
rule consolidate_subchrs:
    input: ../introgression/release-102/cleaned/20_1
    output: ../introgression/release-102/consolidated/20_1.txt
    jobid: 8965
    wildcards: chr=20, subchr=1

Rscript --no-save --no-restore --no-environ --no-site-file code/scripts/introgression/20201015_consolidate_chr_dat.R ../introgression/release-102/cleaned/20_1 ../introgression/release-102/consolidated/20_1.txt
Submitted job 8965 with external jobid 'Job <2390697> is submitted to default queue <research-rh74>.'.

[Fri Mar 12 18:39:08 2021]
rule consolidate_subchrs:
    input: ../introgression/release-102/cleaned/16_1
    output: ../introgression/release-102/consolidated/16_1.txt
    jobid: 8973
    wildcards: chr=16, subchr=1

Rscript --no-save --no-restore --no-environ --no-site-file code/scripts/introgression/20201015_consolidate_chr_dat.R ../introgression/release-102/cleaned/16_1 ../introgression/release-102/consolidated/16_1.txt
Submitted job 8973 with external jobid 'Job <2390698> is submitted to default queue <research-rh74>.'.

[Fri Mar 12 18:39:08 2021]
rule consolidate_subchrs:
    input: ../introgression/release-102/cleaned/13_2
    output: ../introgression/release-102/consolidated/13_2.txt
    jobid: 8980
    wildcards: chr=13, subchr=2

Rscript --no-save --no-restore --no-environ --no-site-file code/scripts/introgression/20201015_consolidate_chr_dat.R ../introgression/release-102/cleaned/13_2 ../introgression/release-102/consolidated/13_2.txt
Submitted job 8980 with external jobid 'Job <2390699> is submitted to default queue <research-rh74>.'.

[Fri Mar 12 18:39:08 2021]
rule consolidate_subchrs:
    input: ../introgression/release-102/cleaned/19_1
    output: ../introgression/release-102/consolidated/19_1.txt
    jobid: 8988
    wildcards: chr=19, subchr=1

Rscript --no-save --no-restore --no-environ --no-site-file code/scripts/introgression/20201015_consolidate_chr_dat.R ../introgression/release-102/cleaned/19_1 ../introgression/release-102/consolidated/19_1.txt
Submitted job 8988 with external jobid 'Job <2390700> is submitted to default queue <research-rh74>.'.

[Fri Mar 12 18:39:08 2021]
rule consolidate_subchrs:
    input: ../introgression/release-102/cleaned/18_2
    output: ../introgression/release-102/consolidated/18_2.txt
    jobid: 8995
    wildcards: chr=18, subchr=2

Rscript --no-save --no-restore --no-environ --no-site-file code/scripts/introgression/20201015_consolidate_chr_dat.R ../introgression/release-102/cleaned/18_2 ../introgression/release-102/consolidated/18_2.txt
Submitted job 8995 with external jobid 'Job <2390701> is submitted to default queue <research-rh74>.'.

[Fri Mar 12 18:39:08 2021]
rule consolidate_subchrs:
    input: ../introgression/release-102/cleaned/4_1
    output: ../introgression/release-102/consolidated/4_1.txt
    jobid: 9003
    wildcards: chr=4, subchr=1

Rscript --no-save --no-restore --no-environ --no-site-file code/scripts/introgression/20201015_consolidate_chr_dat.R ../introgression/release-102/cleaned/4_1 ../introgression/release-102/consolidated/4_1.txt
Submitted job 9003 with external jobid 'Job <2390702> is submitted to default queue <research-rh74>.'.

[Fri Mar 12 18:39:09 2021]
rule consolidate_subchrs:
    input: ../introgression/release-102/cleaned/17_2
    output: ../introgression/release-102/consolidated/17_2.txt
    jobid: 8959
    wildcards: chr=17, subchr=2

Rscript --no-save --no-restore --no-environ --no-site-file code/scripts/introgression/20201015_consolidate_chr_dat.R ../introgression/release-102/cleaned/17_2 ../introgression/release-102/consolidated/17_2.txt
Submitted job 8959 with external jobid 'Job <2390704> is submitted to default queue <research-rh74>.'.

[Fri Mar 12 18:39:09 2021]
rule consolidate_subchrs:
    input: ../introgression/release-102/cleaned/19_2
    output: ../introgression/release-102/consolidated/19_2.txt
    jobid: 8966
    wildcards: chr=19, subchr=2

Rscript --no-save --no-restore --no-environ --no-site-file code/scripts/introgression/20201015_consolidate_chr_dat.R ../introgression/release-102/cleaned/19_2 ../introgression/release-102/consolidated/19_2.txt
Submitted job 8966 with external jobid 'Job <2390705> is submitted to default queue <research-rh74>.'.

[Fri Mar 12 18:39:09 2021]
rule consolidate_subchrs:
    input: ../introgression/release-102/cleaned/7_3
    output: ../introgression/release-102/consolidated/7_3.txt
    jobid: 8974
    wildcards: chr=7, subchr=3

Rscript --no-save --no-restore --no-environ --no-site-file code/scripts/introgression/20201015_consolidate_chr_dat.R ../introgression/release-102/cleaned/7_3 ../introgression/release-102/consolidated/7_3.txt
Submitted job 8974 with external jobid 'Job <2390706> is submitted to default queue <research-rh74>.'.

[Fri Mar 12 18:39:09 2021]
rule consolidate_subchrs:
    input: ../introgression/release-102/cleaned/11_2
    output: ../introgression/release-102/consolidated/11_2.txt
    jobid: 8981
    wildcards: chr=11, subchr=2

Rscript --no-save --no-restore --no-environ --no-site-file code/scripts/introgression/20201015_consolidate_chr_dat.R ../introgression/release-102/cleaned/11_2 ../introgression/release-102/consolidated/11_2.txt
Submitted job 8981 with external jobid 'Job <2390707> is submitted to default queue <research-rh74>.'.

[Fri Mar 12 18:39:09 2021]
rule consolidate_subchrs:
    input: ../introgression/release-102/cleaned/9_3
    output: ../introgression/release-102/consolidated/9_3.txt
    jobid: 8989
    wildcards: chr=9, subchr=3

Rscript --no-save --no-restore --no-environ --no-site-file code/scripts/introgression/20201015_consolidate_chr_dat.R ../introgression/release-102/cleaned/9_3 ../introgression/release-102/consolidated/9_3.txt
Submitted job 8989 with external jobid 'Job <2390708> is submitted to default queue <research-rh74>.'.

[Fri Mar 12 18:39:10 2021]
rule consolidate_subchrs:
    input: ../introgression/release-102/cleaned/6_2
    output: ../introgression/release-102/consolidated/6_2.txt
    jobid: 8996
    wildcards: chr=6, subchr=2

Rscript --no-save --no-restore --no-environ --no-site-file code/scripts/introgression/20201015_consolidate_chr_dat.R ../introgression/release-102/cleaned/6_2 ../introgression/release-102/consolidated/6_2.txt
Submitted job 8996 with external jobid 'Job <2390709> is submitted to default queue <research-rh74>.'.

[Fri Mar 12 18:39:10 2021]
rule consolidate_subchrs:
    input: ../introgression/release-102/cleaned/16_3
    output: ../introgression/release-102/consolidated/16_3.txt
    jobid: 9004
    wildcards: chr=16, subchr=3

Rscript --no-save --no-restore --no-environ --no-site-file code/scripts/introgression/20201015_consolidate_chr_dat.R ../introgression/release-102/cleaned/16_3 ../introgression/release-102/consolidated/16_3.txt
Submitted job 9004 with external jobid 'Job <2390710> is submitted to default queue <research-rh74>.'.

[Fri Mar 12 18:39:10 2021]
rule consolidate_subchrs:
    input: ../introgression/release-102/cleaned/8_1
    output: ../introgression/release-102/consolidated/8_1.txt
    jobid: 8952
    wildcards: chr=8, subchr=1

Rscript --no-save --no-restore --no-environ --no-site-file code/scripts/introgression/20201015_consolidate_chr_dat.R ../introgression/release-102/cleaned/8_1 ../introgression/release-102/consolidated/8_1.txt
Submitted job 8952 with external jobid 'Job <2390711> is submitted to default queue <research-rh74>.'.

[Fri Mar 12 18:39:10 2021]
rule consolidate_subchrs:
    input: ../introgression/release-102/cleaned/4_2
    output: ../introgression/release-102/consolidated/4_2.txt
    jobid: 8967
    wildcards: chr=4, subchr=2

Rscript --no-save --no-restore --no-environ --no-site-file code/scripts/introgression/20201015_consolidate_chr_dat.R ../introgression/release-102/cleaned/4_2 ../introgression/release-102/consolidated/4_2.txt
Submitted job 8967 with external jobid 'Job <2390712> is submitted to default queue <research-rh74>.'.

[Fri Mar 12 18:39:10 2021]
rule consolidate_subchrs:
    input: ../introgression/release-102/cleaned/9_1
    output: ../introgression/release-102/consolidated/9_1.txt
    jobid: 8982
    wildcards: chr=9, subchr=1

Rscript --no-save --no-restore --no-environ --no-site-file code/scripts/introgression/20201015_consolidate_chr_dat.R ../introgression/release-102/cleaned/9_1 ../introgression/release-102/consolidated/9_1.txt
Submitted job 8982 with external jobid 'Job <2390713> is submitted to default queue <research-rh74>.'.

[Fri Mar 12 18:39:10 2021]
rule consolidate_subchrs:
    input: ../introgression/release-102/cleaned/1_2
    output: ../introgression/release-102/consolidated/1_2.txt
    jobid: 8997
    wildcards: chr=1, subchr=2

Rscript --no-save --no-restore --no-environ --no-site-file code/scripts/introgression/20201015_consolidate_chr_dat.R ../introgression/release-102/cleaned/1_2 ../introgression/release-102/consolidated/1_2.txt
Submitted job 8997 with external jobid 'Job <2390714> is submitted to default queue <research-rh74>.'.
[Fri Mar 12 18:39:27 2021]
Error in rule add_hdrr_coords:
    jobid: 3996
    output: ../introgression/release-102/cleaned/17_1/17_2139440_2153945_-1.txt
    shell:
        input=../introgression/release-102/segmented/17_1/17_2139440_2153945_-1.data.txt; output=../introgression/release-102/cleaned/17_1/17_2139440_2153945_-1.txt; tmp_file=../tmp/17_2139440_2153945_-1.data.txt ; tac $input > $tmp_file ; Rscript --no-save --no-restore --no-environ --no-site-file code/scripts/introgression/20201015_add-hdrr-coords-to-emf-data_rc.R $tmp_file $input $output
        (one of the commands exited with non-zero exit code; note that snakemake uses bash strict mode!)
    cluster_jobid: Job <2390660> is submitted to default queue <research-rh74>.

Error executing rule add_hdrr_coords on cluster (jobid: 3996, external: Job <2390660> is submitted to default queue <research-rh74>., jobscript: /hps/research1/birney/users/ian/mikk_paper/mikk_genome/.snakemake/tmp._23h8wr2/snakejob.add_hdrr_coords.3996.sh). For error details see the cluster log and the log files of the involved rule(s).
Job failed, going on with independent jobs.
[Fri Mar 12 18:39:29 2021]
Error in rule add_hdrr_coords:
    jobid: 4583
    output: ../introgression/release-102/cleaned/11_2/11_21065274_21099126_-1.txt
    shell:
        input=../introgression/release-102/segmented/11_2/11_21065274_21099126_-1.data.txt; output=../introgression/release-102/cleaned/11_2/11_21065274_21099126_-1.txt; tmp_file=../tmp/11_21065274_21099126_-1.data.txt ; tac $input > $tmp_file ; Rscript --no-save --no-restore --no-environ --no-site-file code/scripts/introgression/20201015_add-hdrr-coords-to-emf-data_rc.R $tmp_file $input $output
        (one of the commands exited with non-zero exit code; note that snakemake uses bash strict mode!)
    cluster_jobid: Job <2390678> is submitted to default queue <research-rh74>.

Error executing rule add_hdrr_coords on cluster (jobid: 4583, external: Job <2390678> is submitted to default queue <research-rh74>., jobscript: /hps/research1/birney/users/ian/mikk_paper/mikk_genome/.snakemake/tmp._23h8wr2/snakejob.add_hdrr_coords.4583.sh). For error details see the cluster log and the log files of the involved rule(s).
Job failed, going on with independent jobs.
[Fri Mar 12 18:39:29 2021]
Error in rule add_hdrr_coords:
    jobid: 3503
    output: ../introgression/release-102/cleaned/24_2/24_16480574_16483416_-1.txt
    shell:
        input=../introgression/release-102/segmented/24_2/24_16480574_16483416_-1.data.txt; output=../introgression/release-102/cleaned/24_2/24_16480574_16483416_-1.txt; tmp_file=../tmp/24_16480574_16483416_-1.data.txt ; tac $input > $tmp_file ; Rscript --no-save --no-restore --no-environ --no-site-file code/scripts/introgression/20201015_add-hdrr-coords-to-emf-data_rc.R $tmp_file $input $output
        (one of the commands exited with non-zero exit code; note that snakemake uses bash strict mode!)
    cluster_jobid: Job <2390679> is submitted to default queue <research-rh74>.

Error executing rule add_hdrr_coords on cluster (jobid: 3503, external: Job <2390679> is submitted to default queue <research-rh74>., jobscript: /hps/research1/birney/users/ian/mikk_paper/mikk_genome/.snakemake/tmp._23h8wr2/snakejob.add_hdrr_coords.3503.sh). For error details see the cluster log and the log files of the involved rule(s).
Job failed, going on with independent jobs.
[Fri Mar 12 18:39:31 2021]
Error in rule add_hdrr_coords:
    jobid: 7353
    output: ../introgression/release-102/cleaned/1_2/1_16795958_16835713_1.txt
    shell:
        input=../introgression/release-102/segmented/1_2/1_16795958_16835713_1.data.txt; output=../introgression/release-102/cleaned/1_2/1_16795958_16835713_1.txt; Rscript --no-save --no-restore --no-environ --no-site-file code/scripts/introgression/20200908_add-hdrr-coords-to-emf-data.R $input $output
        (one of the commands exited with non-zero exit code; note that snakemake uses bash strict mode!)
    cluster_jobid: Job <2390695> is submitted to default queue <research-rh74>.

Error executing rule add_hdrr_coords on cluster (jobid: 7353, external: Job <2390695> is submitted to default queue <research-rh74>., jobscript: /hps/research1/birney/users/ian/mikk_paper/mikk_genome/.snakemake/tmp._23h8wr2/snakejob.add_hdrr_coords.7353.sh). For error details see the cluster log and the log files of the involved rule(s).
Job failed, going on with independent jobs.
[Fri Mar 12 18:39:46 2021]
Error in rule add_hdrr_coords:
    jobid: 2103
    output: ../introgression/release-102/cleaned/20_1/20_6365114_6370294_-1.txt
    shell:
        input=../introgression/release-102/segmented/20_1/20_6365114_6370294_-1.data.txt; output=../introgression/release-102/cleaned/20_1/20_6365114_6370294_-1.txt; tmp_file=../tmp/20_6365114_6370294_-1.data.txt ; tac $input > $tmp_file ; Rscript --no-save --no-restore --no-environ --no-site-file code/scripts/introgression/20201015_add-hdrr-coords-to-emf-data_rc.R $tmp_file $input $output
        (one of the commands exited with non-zero exit code; note that snakemake uses bash strict mode!)
    cluster_jobid: Job <2390694> is submitted to default queue <research-rh74>.

Error executing rule add_hdrr_coords on cluster (jobid: 2103, external: Job <2390694> is submitted to default queue <research-rh74>., jobscript: /hps/research1/birney/users/ian/mikk_paper/mikk_genome/.snakemake/tmp._23h8wr2/snakejob.add_hdrr_coords.2103.sh). For error details see the cluster log and the log files of the involved rule(s).
Job failed, going on with independent jobs.
[Fri Mar 12 18:39:59 2021]
Finished job 8962.
1 of 63 steps (2%) done
[Fri Mar 12 18:40:13 2021]
Finished job 8968.
2 of 63 steps (3%) done
[Fri Mar 12 18:40:30 2021]
Finished job 9006.
3 of 63 steps (5%) done
[Fri Mar 12 18:40:46 2021]
Finished job 9001.
4 of 63 steps (6%) done
[Fri Mar 12 18:41:00 2021]
Finished job 8970.
5 of 63 steps (8%) done
[Fri Mar 12 18:41:01 2021]
Finished job 8957.
6 of 63 steps (10%) done
[Fri Mar 12 18:41:03 2021]
Error in rule consolidate_subchrs:
    jobid: 8959
    output: ../introgression/release-102/consolidated/17_2.txt
    shell:
        Rscript --no-save --no-restore --no-environ --no-site-file code/scripts/introgression/20201015_consolidate_chr_dat.R ../introgression/release-102/cleaned/17_2 ../introgression/release-102/consolidated/17_2.txt
        (one of the commands exited with non-zero exit code; note that snakemake uses bash strict mode!)
    cluster_jobid: Job <2390704> is submitted to default queue <research-rh74>.

Error executing rule consolidate_subchrs on cluster (jobid: 8959, external: Job <2390704> is submitted to default queue <research-rh74>., jobscript: /hps/research1/birney/users/ian/mikk_paper/mikk_genome/.snakemake/tmp._23h8wr2/snakejob.consolidate_subchrs.8959.sh). For error details see the cluster log and the log files of the involved rule(s).
Job failed, going on with independent jobs.
[Fri Mar 12 18:41:15 2021]
Finished job 8976.
7 of 63 steps (11%) done
[Fri Mar 12 18:41:15 2021]
Finished job 8991.
8 of 63 steps (13%) done
[Fri Mar 12 18:41:29 2021]
Finished job 8998.
9 of 63 steps (14%) done
[Fri Mar 12 18:41:29 2021]
Finished job 8954.
10 of 63 steps (16%) done
[Fri Mar 12 18:41:31 2021]
Finished job 9008.
11 of 63 steps (17%) done
[Fri Mar 12 18:41:33 2021]
Finished job 9004.
12 of 63 steps (19%) done
[Fri Mar 12 18:41:44 2021]
Finished job 8975.
13 of 63 steps (21%) done
[Fri Mar 12 18:41:45 2021]
Finished job 8992.
14 of 63 steps (22%) done
[Fri Mar 12 18:41:59 2021]
Finished job 8963.
15 of 63 steps (24%) done
[Fri Mar 12 18:42:01 2021]
Finished job 8966.
16 of 63 steps (25%) done
[Fri Mar 12 18:42:01 2021]
Finished job 8974.
17 of 63 steps (27%) done
[Fri Mar 12 18:42:12 2021]
Finished job 8983.
18 of 63 steps (29%) done
[Fri Mar 12 18:42:25 2021]
Finished job 8953.
19 of 63 steps (30%) done
[Fri Mar 12 18:42:26 2021]
Finished job 8956.
20 of 63 steps (32%) done
[Fri Mar 12 18:42:27 2021]
Finished job 8994.
21 of 63 steps (33%) done
[Fri Mar 12 18:42:27 2021]
Finished job 8995.
22 of 63 steps (35%) done
[Fri Mar 12 18:42:28 2021]
Finished job 8989.
23 of 63 steps (37%) done
[Fri Mar 12 18:42:38 2021]
Finished job 8984.
24 of 63 steps (38%) done
[Fri Mar 12 18:42:38 2021]
Finished job 8977.
25 of 63 steps (40%) done
[Fri Mar 12 18:42:39 2021]
Finished job 9007.
26 of 63 steps (41%) done
[Fri Mar 12 18:42:39 2021]
Finished job 8971.
27 of 63 steps (43%) done
[Fri Mar 12 18:42:39 2021]
Finished job 8979.
28 of 63 steps (44%) done
[Fri Mar 12 18:42:39 2021]
Finished job 8987.
29 of 63 steps (46%) done
[Fri Mar 12 18:42:41 2021]
Finished job 8982.
30 of 63 steps (48%) done
[Fri Mar 12 18:42:51 2021]
Finished job 8960.
31 of 63 steps (49%) done
[Fri Mar 12 18:42:52 2021]
Finished job 8986.
32 of 63 steps (51%) done
[Fri Mar 12 18:43:03 2021]
Finished job 9005.
33 of 63 steps (52%) done
[Fri Mar 12 18:43:17 2021]
Finished job 8965.
34 of 63 steps (54%) done
[Fri Mar 12 18:43:18 2021]
Finished job 8997.
35 of 63 steps (56%) done
[Fri Mar 12 18:43:29 2021]
Finished job 8981.
36 of 63 steps (57%) done
[Fri Mar 12 18:43:30 2021]
Finished job 8967.
37 of 63 steps (59%) done
[Fri Mar 12 18:43:40 2021]
Finished job 9000.
38 of 63 steps (60%) done
[Fri Mar 12 18:43:40 2021]
Finished job 8993.
39 of 63 steps (62%) done
[Fri Mar 12 18:43:41 2021]
Finished job 8980.
40 of 63 steps (63%) done
[Fri Mar 12 18:44:03 2021]
Finished job 8952.
41 of 63 steps (65%) done
[Fri Mar 12 18:44:13 2021]
Finished job 8961.
42 of 63 steps (67%) done
[Fri Mar 12 18:44:13 2021]
Finished job 8985.
43 of 63 steps (68%) done
[Fri Mar 12 18:44:13 2021]
Finished job 8964.
44 of 63 steps (70%) done
[Fri Mar 12 18:44:14 2021]
Finished job 8996.
45 of 63 steps (71%) done
[Fri Mar 12 18:44:24 2021]
Finished job 8999.
46 of 63 steps (73%) done
[Fri Mar 12 18:44:35 2021]
Finished job 8978.
47 of 63 steps (75%) done
[Fri Mar 12 18:44:35 2021]
Finished job 9003.
48 of 63 steps (76%) done
[Fri Mar 12 18:45:47 2021]
Finished job 8990.
49 of 63 steps (78%) done
[Fri Mar 12 18:45:47 2021]
Finished job 9002.
50 of 63 steps (79%) done
[Fri Mar 12 18:46:17 2021]
Finished job 8955.
51 of 63 steps (81%) done
[Fri Mar 12 18:46:17 2021]
Finished job 8973.
52 of 63 steps (83%) done
[Fri Mar 12 18:46:27 2021]
Finished job 8972.
53 of 63 steps (84%) done
[Fri Mar 12 18:46:57 2021]
Finished job 8988.
54 of 63 steps (86%) done
[Fri Mar 12 18:47:28 2021]
Finished job 8969.
55 of 63 steps (87%) done
Terminating processes on user request, this might take some time.
Will exit after finishing currently running jobs.
Complete log: /hps/research1/birney/users/ian/mikk_paper/mikk_genome/.snakemake/log/2021-03-12T183749.854017.snakemake.log
