Building DAG of jobs...
Job counts:
	count	jobs
	2	add_hdrr_coords
	1	all
	3

[Fri Mar 12 13:41:55 2021]
rule add_hdrr_coords:
    input: ../introgression/release-102/segmented/8_1/8_9347018_9571211_-1.data.txt
    output: ../introgression/release-102/cleaned/8_1/8_9347018_9571211_-1.txt
    jobid: 2
    wildcards: chr=8, subchr=1, segment=8_9347018_9571211, strand=-1

InputFunctionException in line 55 of /hps/research1/birney/users/ian/mikk_paper/mikk_genome/code/snakemake/introgression/Snakefile:
Error:
  TypeError: can only concatenate str (not "set") to str
Wildcards:
  chr=8
  subchr=1
  segment=8_9347018_9571211
  strand=-1
Traceback:
  File "/hps/research1/birney/users/ian/mikk_paper/mikk_genome/code/snakemake/introgression/Snakefile", line 62, in <lambda>
  File "/nfs/research1/birney/users/brettell/anaconda3/envs/snakemake/lib/python3.9/site-packages/snakemake/executors/__init__.py", line 136, in run_jobs
  File "/nfs/research1/birney/users/brettell/anaconda3/envs/snakemake/lib/python3.9/site-packages/snakemake/executors/__init__.py", line 145, in run
  File "/nfs/research1/birney/users/brettell/anaconda3/envs/snakemake/lib/python3.9/site-packages/snakemake/executors/__init__.py", line 156, in _run
  File "/nfs/research1/birney/users/brettell/anaconda3/envs/snakemake/lib/python3.9/site-packages/snakemake/executors/__init__.py", line 176, in printjob
  File "/nfs/research1/birney/users/brettell/anaconda3/envs/snakemake/lib/python3.9/site-packages/snakemake/executors/__init__.py", line 162, in printjob
