The flag 'directory' used in rule consolidate_subchrs is only valid for outputs, not inputs.
Building DAG of jobs...
Using shell: /usr/local/bin/bash
Provided cluster nodes: 5000
Job counts:
	count	jobs
	2	add_hdrr_coords
	1	all
	3
Select jobs to execute...

[Fri Mar 12 16:57:33 2021]
rule add_hdrr_coords:
    input: ../introgression/release-102/segmented/8_1/8_9347018_9571211_-1.data.txt
    output: ../introgression/release-102/cleaned/8_1/8_9347018_9571211_-1.txt
    jobid: 2
    wildcards: chr=8, subchr=1, segment=8_9347018_9571211, strand=-1

input=../introgression/release-102/segmented/8_1/8_9347018_9571211_-1.data.txt; output=../introgression/release-102/cleaned/8_1/8_9347018_9571211_-1.txt; tmp_file=../tmp/8_9347018_9571211_-1.data.txt ; tac $input > $tmp_file ; Rscript --no-save --no-restore --no-environ --no-site-file code/scripts/introgression/20201015_add-hdrr-coords-to-emf-data_rc.R $tmp_file $input $output
Submitted job 2 with external jobid 'Job <2374372> is submitted to default queue <research-rh74>.'.

[Fri Mar 12 16:57:33 2021]
rule add_hdrr_coords:
    input: ../introgression/release-102/segmented/8_1/8_8845296_8857760_1.data.txt
    output: ../introgression/release-102/cleaned/8_1/8_8845296_8857760_1.txt
    jobid: 1
    wildcards: chr=8, subchr=1, segment=8_8845296_8857760, strand=1

input=../introgression/release-102/segmented/8_1/8_8845296_8857760_1.data.txt; output=../introgression/release-102/cleaned/8_1/8_8845296_8857760_1.txt; Rscript --no-save --no-restore --no-environ --no-site-file code/scripts/introgression/20200908_add-hdrr-coords-to-emf-data.R $input $output
Submitted job 1 with external jobid 'Job <2374373> is submitted to default queue <research-rh74>.'.
[Fri Mar 12 16:57:52 2021]
Finished job 2.
1 of 3 steps (33%) done
[Fri Mar 12 16:58:02 2021]
Finished job 1.
2 of 3 steps (67%) done
Select jobs to execute...

[Fri Mar 12 16:58:03 2021]
localrule all:
    input: ../introgression/release-102/cleaned/8_1/8_8845296_8857760_1.txt, ../introgression/release-102/cleaned/8_1/8_9347018_9571211_-1.txt
    jobid: 0

[Fri Mar 12 16:58:03 2021]
Finished job 0.
3 of 3 steps (100%) done
Complete log: /hps/research1/birney/users/ian/mikk_paper/mikk_genome/.snakemake/log/2021-03-12T165725.172861.snakemake.log
