Building DAG of jobs...
Using shell: /usr/local/bin/bash
Provided cluster nodes: 5000
Job counts:
	count	jobs
	2	add_hdrr_coords
	1	all
	3
Select jobs to execute...

[Fri Mar 12 14:09:44 2021]
rule add_hdrr_coords:
    input: ../introgression/release-102/segmented/8_1/8_9347018_9571211_-1.data.txt
    output: ../introgression/release-102/cleaned/8_1/8_9347018_9571211_-1.txt
    jobid: 2
    wildcards: chr=8, subchr=1, segment=8_9347018_9571211, strand=-1

input=../introgression/release-102/segmented/8_1/8_9347018_9571211_-1.data.txt; output=../introgression/release-102/cleaned/8_1/8_9347018_9571211_-1.txt; tmp_file=../tmp/8_9347018_9571211_-1.data.txt ; tac $input > $tmp_file ; Rscript --no-save --no-restore --no-environ --no-site-file code/scripts/introgression/20201015_add-hdrr-coords-to-emf-data_rc.R $tmp_file $output
Submitted job 2 with external jobid 'Job <2345942> is submitted to default queue <research-rh74>.'.

[Fri Mar 12 14:09:44 2021]
rule add_hdrr_coords:
    input: ../introgression/release-102/segmented/8_1/8_8845296_8857760_1.data.txt
    output: ../introgression/release-102/cleaned/8_1/8_8845296_8857760_1.txt
    jobid: 1
    wildcards: chr=8, subchr=1, segment=8_8845296_8857760, strand=1

input=../introgression/release-102/segmented/8_1/8_8845296_8857760_1.data.txt; output=../introgression/release-102/cleaned/8_1/8_8845296_8857760_1.txt; Rscript --no-save --no-restore --no-environ --no-site-file code/scripts/introgression/20200908_add-hdrr-coords-to-emf-data.R $input $output
Submitted job 1 with external jobid 'Job <2345943> is submitted to default queue <research-rh74>.'.
[Fri Mar 12 14:10:13 2021]
Error in rule add_hdrr_coords:
    jobid: 2
    output: ../introgression/release-102/cleaned/8_1/8_9347018_9571211_-1.txt
    shell:
        input=../introgression/release-102/segmented/8_1/8_9347018_9571211_-1.data.txt; output=../introgression/release-102/cleaned/8_1/8_9347018_9571211_-1.txt; tmp_file=../tmp/8_9347018_9571211_-1.data.txt ; tac $input > $tmp_file ; Rscript --no-save --no-restore --no-environ --no-site-file code/scripts/introgression/20201015_add-hdrr-coords-to-emf-data_rc.R $tmp_file $output
        (one of the commands exited with non-zero exit code; note that snakemake uses bash strict mode!)
    cluster_jobid: Job <2345942> is submitted to default queue <research-rh74>.

Error executing rule add_hdrr_coords on cluster (jobid: 2, external: Job <2345942> is submitted to default queue <research-rh74>., jobscript: /hps/research1/birney/users/ian/mikk_paper/mikk_genome/.snakemake/tmp.psgiawqr/snakejob.add_hdrr_coords.2.sh). For error details see the cluster log and the log files of the involved rule(s).
Job failed, going on with independent jobs.
[Fri Mar 12 14:10:13 2021]
Error in rule add_hdrr_coords:
    jobid: 1
    output: ../introgression/release-102/cleaned/8_1/8_8845296_8857760_1.txt
    shell:
        input=../introgression/release-102/segmented/8_1/8_8845296_8857760_1.data.txt; output=../introgression/release-102/cleaned/8_1/8_8845296_8857760_1.txt; Rscript --no-save --no-restore --no-environ --no-site-file code/scripts/introgression/20200908_add-hdrr-coords-to-emf-data.R $input $output
        (one of the commands exited with non-zero exit code; note that snakemake uses bash strict mode!)
    cluster_jobid: Job <2345943> is submitted to default queue <research-rh74>.

Error executing rule add_hdrr_coords on cluster (jobid: 1, external: Job <2345943> is submitted to default queue <research-rh74>., jobscript: /hps/research1/birney/users/ian/mikk_paper/mikk_genome/.snakemake/tmp.psgiawqr/snakejob.add_hdrr_coords.1.sh). For error details see the cluster log and the log files of the involved rule(s).
Job failed, going on with independent jobs.
Exiting because a job execution failed. Look above for error message
Complete log: /hps/research1/birney/users/ian/mikk_paper/mikk_genome/.snakemake/log/2021-03-12T140941.468308.snakemake.log
