Building DAG of jobs...
Using shell: /usr/local/bin/bash
Provided cluster nodes: 5000
Job counts:
	count	jobs
	1	all
	1	combine_all_mikk_freq_tables
	3	combine_chr_freq_tables
	5
Select jobs to execute...

[Mon Mar 15 13:42:34 2021]
rule combine_chr_freq_tables:
    input: ../introgression/freq_tables/mikk_1
    output: ../introgression/freq_tables/mikk_1.txt
    jobid: 9184
    wildcards: group=1

RuleException in line 276 of /hps/research1/birney/users/ian/mikk_paper/mikk_genome/code/snakemake/introgression/Snakefile:
NameError: The name 'group' is unknown in this context. Did you mean 'wildcards.group'?
  File "/nfs/research1/birney/users/brettell/anaconda3/envs/snakemake/lib/python3.9/site-packages/snakemake/executors/__init__.py", line 136, in run_jobs
  File "/nfs/research1/birney/users/brettell/anaconda3/envs/snakemake/lib/python3.9/site-packages/snakemake/executors/__init__.py", line 935, in run
  File "/nfs/research1/birney/users/brettell/anaconda3/envs/snakemake/lib/python3.9/site-packages/snakemake/executors/__init__.py", line 722, in _run
  File "/nfs/research1/birney/users/brettell/anaconda3/envs/snakemake/lib/python3.9/site-packages/snakemake/executors/__init__.py", line 230, in _run
  File "/nfs/research1/birney/users/brettell/anaconda3/envs/snakemake/lib/python3.9/site-packages/snakemake/executors/__init__.py", line 156, in _run
  File "/nfs/research1/birney/users/brettell/anaconda3/envs/snakemake/lib/python3.9/site-packages/snakemake/executors/__init__.py", line 162, in printjob
