Building DAG of jobs...
Using shell: /usr/local/bin/bash
Provided cluster nodes: 5000
Job counts:
	count	jobs
	1	all
	24	emf_2_geno_full_run
	24	emf_2_geno_remove_sibs
	1	make_samples_file
	50
Select jobs to execute...

[Tue Mar 16 11:09:25 2021]
rule make_samples_file:
    input: ../introgression/vcfs/full-run_line-ids.vcf.gz
    output: data/20201021_full-run_line-ids_samples.txt
    jobid: 9223


        bcftools query -l ../introgression/vcfs/full-run_line-ids.vcf.gz > data/20201021_full-run_line-ids_samples.txt
        
Submitted job 9223 with external jobid 'Job <2682487> is submitted to default queue <research-rh74>.'.
[Tue Mar 16 11:09:45 2021]
Finished job 9223.
1 of 50 steps (2%) done
Select jobs to execute...

[Tue Mar 16 11:09:46 2021]
rule emf_2_geno_full_run:
    input: ../introgression/release-102/final/14.txt, ../introgression/genos/split_by_chr/14.geno, data/20201021_full-run_line-ids_samples.txt
    output: ../introgression/genos/final_full-run/14.txt
    jobid: 9244
    wildcards: chr=14


        Rscript --no-save --no-restore --no-environ --no-site-file code/scripts/introgression/20201021_emf_to_geno.R ../introgression/release-102/final/14.txt ../introgression/genos/split_by_chr/14.geno data/20201021_full-run_line-ids_samples.txt ../introgression/genos/final_full-run/14.txt 
        
Submitted job 9244 with external jobid 'Job <2682575> is submitted to default queue <research-rh74>.'.

[Tue Mar 16 11:09:46 2021]
rule emf_2_geno_full_run:
    input: ../introgression/release-102/final/19.txt, ../introgression/genos/split_by_chr/19.geno, data/20201021_full-run_line-ids_samples.txt
    output: ../introgression/genos/final_full-run/19.txt
    jobid: 9237
    wildcards: chr=19


        Rscript --no-save --no-restore --no-environ --no-site-file code/scripts/introgression/20201021_emf_to_geno.R ../introgression/release-102/final/19.txt ../introgression/genos/split_by_chr/19.geno data/20201021_full-run_line-ids_samples.txt ../introgression/genos/final_full-run/19.txt 
        
Submitted job 9237 with external jobid 'Job <2682576> is submitted to default queue <research-rh74>.'.

[Tue Mar 16 11:09:46 2021]
rule emf_2_geno_full_run:
    input: ../introgression/release-102/final/3.txt, ../introgression/genos/split_by_chr/3.geno, data/20201021_full-run_line-ids_samples.txt
    output: ../introgression/genos/final_full-run/3.txt
    jobid: 9229
    wildcards: chr=3


        Rscript --no-save --no-restore --no-environ --no-site-file code/scripts/introgression/20201021_emf_to_geno.R ../introgression/release-102/final/3.txt ../introgression/genos/split_by_chr/3.geno data/20201021_full-run_line-ids_samples.txt ../introgression/genos/final_full-run/3.txt 
        
Submitted job 9229 with external jobid 'Job <2682577> is submitted to default queue <research-rh74>.'.

[Tue Mar 16 11:09:46 2021]
rule emf_2_geno_full_run:
    input: ../introgression/release-102/final/17.txt, ../introgression/genos/split_by_chr/17.geno, data/20201021_full-run_line-ids_samples.txt
    output: ../introgression/genos/final_full-run/17.txt
    jobid: 9230
    wildcards: chr=17


        Rscript --no-save --no-restore --no-environ --no-site-file code/scripts/introgression/20201021_emf_to_geno.R ../introgression/release-102/final/17.txt ../introgression/genos/split_by_chr/17.geno data/20201021_full-run_line-ids_samples.txt ../introgression/genos/final_full-run/17.txt 
        
Submitted job 9230 with external jobid 'Job <2682578> is submitted to default queue <research-rh74>.'.

[Tue Mar 16 11:09:46 2021]
rule emf_2_geno_full_run:
    input: ../introgression/release-102/final/4.txt, ../introgression/genos/split_by_chr/4.geno, data/20201021_full-run_line-ids_samples.txt
    output: ../introgression/genos/final_full-run/4.txt
    jobid: 9238
    wildcards: chr=4


        Rscript --no-save --no-restore --no-environ --no-site-file code/scripts/introgression/20201021_emf_to_geno.R ../introgression/release-102/final/4.txt ../introgression/genos/split_by_chr/4.geno data/20201021_full-run_line-ids_samples.txt ../introgression/genos/final_full-run/4.txt 
        
Submitted job 9238 with external jobid 'Job <2682579> is submitted to default queue <research-rh74>.'.

[Tue Mar 16 11:09:47 2021]
rule emf_2_geno_full_run:
    input: ../introgression/release-102/final/11.txt, ../introgression/genos/split_by_chr/11.geno, data/20201021_full-run_line-ids_samples.txt
    output: ../introgression/genos/final_full-run/11.txt
    jobid: 9245
    wildcards: chr=11


        Rscript --no-save --no-restore --no-environ --no-site-file code/scripts/introgression/20201021_emf_to_geno.R ../introgression/release-102/final/11.txt ../introgression/genos/split_by_chr/11.geno data/20201021_full-run_line-ids_samples.txt ../introgression/genos/final_full-run/11.txt 
        
Submitted job 9245 with external jobid 'Job <2682580> is submitted to default queue <research-rh74>.'.

[Tue Mar 16 11:09:47 2021]
rule emf_2_geno_full_run:
    input: ../introgression/release-102/final/8.txt, ../introgression/genos/split_by_chr/8.geno, data/20201021_full-run_line-ids_samples.txt
    output: ../introgression/genos/final_full-run/8.txt
    jobid: 9224
    wildcards: chr=8


        Rscript --no-save --no-restore --no-environ --no-site-file code/scripts/introgression/20201021_emf_to_geno.R ../introgression/release-102/final/8.txt ../introgression/genos/split_by_chr/8.geno data/20201021_full-run_line-ids_samples.txt ../introgression/genos/final_full-run/8.txt 
        
Submitted job 9224 with external jobid 'Job <2682581> is submitted to default queue <research-rh74>.'.

[Tue Mar 16 11:09:47 2021]
rule emf_2_geno_full_run:
    input: ../introgression/release-102/final/6.txt, ../introgression/genos/split_by_chr/6.geno, data/20201021_full-run_line-ids_samples.txt
    output: ../introgression/genos/final_full-run/6.txt
    jobid: 9231
    wildcards: chr=6


        Rscript --no-save --no-restore --no-environ --no-site-file code/scripts/introgression/20201021_emf_to_geno.R ../introgression/release-102/final/6.txt ../introgression/genos/split_by_chr/6.geno data/20201021_full-run_line-ids_samples.txt ../introgression/genos/final_full-run/6.txt 
        
Submitted job 9231 with external jobid 'Job <2682583> is submitted to default queue <research-rh74>.'.

[Tue Mar 16 11:09:47 2021]
rule emf_2_geno_full_run:
    input: ../introgression/release-102/final/10.txt, ../introgression/genos/split_by_chr/10.geno, data/20201021_full-run_line-ids_samples.txt
    output: ../introgression/genos/final_full-run/10.txt
    jobid: 9239
    wildcards: chr=10


        Rscript --no-save --no-restore --no-environ --no-site-file code/scripts/introgression/20201021_emf_to_geno.R ../introgression/release-102/final/10.txt ../introgression/genos/split_by_chr/10.geno data/20201021_full-run_line-ids_samples.txt ../introgression/genos/final_full-run/10.txt 
        
Submitted job 9239 with external jobid 'Job <2682584> is submitted to default queue <research-rh74>.'.

[Tue Mar 16 11:09:47 2021]
rule emf_2_geno_full_run:
    input: ../introgression/release-102/final/9.txt, ../introgression/genos/split_by_chr/9.geno, data/20201021_full-run_line-ids_samples.txt
    output: ../introgression/genos/final_full-run/9.txt
    jobid: 9246
    wildcards: chr=9


        Rscript --no-save --no-restore --no-environ --no-site-file code/scripts/introgression/20201021_emf_to_geno.R ../introgression/release-102/final/9.txt ../introgression/genos/split_by_chr/9.geno data/20201021_full-run_line-ids_samples.txt ../introgression/genos/final_full-run/9.txt 
        
Submitted job 9246 with external jobid 'Job <2682587> is submitted to default queue <research-rh74>.'.

[Tue Mar 16 11:09:47 2021]
rule emf_2_geno_full_run:
    input: ../introgression/release-102/final/5.txt, ../introgression/genos/split_by_chr/5.geno, data/20201021_full-run_line-ids_samples.txt
    output: ../introgression/genos/final_full-run/5.txt
    jobid: 9227
    wildcards: chr=5


        Rscript --no-save --no-restore --no-environ --no-site-file code/scripts/introgression/20201021_emf_to_geno.R ../introgression/release-102/final/5.txt ../introgression/genos/split_by_chr/5.geno data/20201021_full-run_line-ids_samples.txt ../introgression/genos/final_full-run/5.txt 
        
Submitted job 9227 with external jobid 'Job <2682589> is submitted to default queue <research-rh74>.'.

[Tue Mar 16 11:09:48 2021]
rule emf_2_geno_full_run:
    input: ../introgression/release-102/final/15.txt, ../introgression/genos/split_by_chr/15.geno, data/20201021_full-run_line-ids_samples.txt
    output: ../introgression/genos/final_full-run/15.txt
    jobid: 9232
    wildcards: chr=15


        Rscript --no-save --no-restore --no-environ --no-site-file code/scripts/introgression/20201021_emf_to_geno.R ../introgression/release-102/final/15.txt ../introgression/genos/split_by_chr/15.geno data/20201021_full-run_line-ids_samples.txt ../introgression/genos/final_full-run/15.txt 
        
Submitted job 9232 with external jobid 'Job <2682592> is submitted to default queue <research-rh74>.'.

[Tue Mar 16 11:09:48 2021]
rule emf_2_geno_full_run:
    input: ../introgression/release-102/final/2.txt, ../introgression/genos/split_by_chr/2.geno, data/20201021_full-run_line-ids_samples.txt
    output: ../introgression/genos/final_full-run/2.txt
    jobid: 9240
    wildcards: chr=2


        Rscript --no-save --no-restore --no-environ --no-site-file code/scripts/introgression/20201021_emf_to_geno.R ../introgression/release-102/final/2.txt ../introgression/genos/split_by_chr/2.geno data/20201021_full-run_line-ids_samples.txt ../introgression/genos/final_full-run/2.txt 
        
Submitted job 9240 with external jobid 'Job <2682595> is submitted to default queue <research-rh74>.'.

[Tue Mar 16 11:09:48 2021]
rule emf_2_geno_full_run:
    input: ../introgression/release-102/final/18.txt, ../introgression/genos/split_by_chr/18.geno, data/20201021_full-run_line-ids_samples.txt
    output: ../introgression/genos/final_full-run/18.txt
    jobid: 9247
    wildcards: chr=18


        Rscript --no-save --no-restore --no-environ --no-site-file code/scripts/introgression/20201021_emf_to_geno.R ../introgression/release-102/final/18.txt ../introgression/genos/split_by_chr/18.geno data/20201021_full-run_line-ids_samples.txt ../introgression/genos/final_full-run/18.txt 
        
Submitted job 9247 with external jobid 'Job <2682598> is submitted to default queue <research-rh74>.'.

[Tue Mar 16 11:09:48 2021]
rule emf_2_geno_full_run:
    input: ../introgression/release-102/final/22.txt, ../introgression/genos/split_by_chr/22.geno, data/20201021_full-run_line-ids_samples.txt
    output: ../introgression/genos/final_full-run/22.txt
    jobid: 9225
    wildcards: chr=22


        Rscript --no-save --no-restore --no-environ --no-site-file code/scripts/introgression/20201021_emf_to_geno.R ../introgression/release-102/final/22.txt ../introgression/genos/split_by_chr/22.geno data/20201021_full-run_line-ids_samples.txt ../introgression/genos/final_full-run/22.txt 
        
Submitted job 9225 with external jobid 'Job <2682601> is submitted to default queue <research-rh74>.'.

[Tue Mar 16 11:09:49 2021]
rule emf_2_geno_full_run:
    input: ../introgression/release-102/final/1.txt, ../introgression/genos/split_by_chr/1.geno, data/20201021_full-run_line-ids_samples.txt
    output: ../introgression/genos/final_full-run/1.txt
    jobid: 9233
    wildcards: chr=1


        Rscript --no-save --no-restore --no-environ --no-site-file code/scripts/introgression/20201021_emf_to_geno.R ../introgression/release-102/final/1.txt ../introgression/genos/split_by_chr/1.geno data/20201021_full-run_line-ids_samples.txt ../introgression/genos/final_full-run/1.txt 
        
Submitted job 9233 with external jobid 'Job <2682604> is submitted to default queue <research-rh74>.'.

[Tue Mar 16 11:09:49 2021]
rule emf_2_geno_full_run:
    input: ../introgression/release-102/final/7.txt, ../introgression/genos/split_by_chr/7.geno, data/20201021_full-run_line-ids_samples.txt
    output: ../introgression/genos/final_full-run/7.txt
    jobid: 9241
    wildcards: chr=7


        Rscript --no-save --no-restore --no-environ --no-site-file code/scripts/introgression/20201021_emf_to_geno.R ../introgression/release-102/final/7.txt ../introgression/genos/split_by_chr/7.geno data/20201021_full-run_line-ids_samples.txt ../introgression/genos/final_full-run/7.txt 
        
Submitted job 9241 with external jobid 'Job <2682607> is submitted to default queue <research-rh74>.'.

[Tue Mar 16 11:09:49 2021]
rule emf_2_geno_full_run:
    input: ../introgression/release-102/final/16.txt, ../introgression/genos/split_by_chr/16.geno, data/20201021_full-run_line-ids_samples.txt
    output: ../introgression/genos/final_full-run/16.txt
    jobid: 9226
    wildcards: chr=16


        Rscript --no-save --no-restore --no-environ --no-site-file code/scripts/introgression/20201021_emf_to_geno.R ../introgression/release-102/final/16.txt ../introgression/genos/split_by_chr/16.geno data/20201021_full-run_line-ids_samples.txt ../introgression/genos/final_full-run/16.txt 
        
Submitted job 9226 with external jobid 'Job <2682610> is submitted to default queue <research-rh74>.'.

[Tue Mar 16 11:09:49 2021]
rule emf_2_geno_full_run:
    input: ../introgression/release-102/final/23.txt, ../introgression/genos/split_by_chr/23.geno, data/20201021_full-run_line-ids_samples.txt
    output: ../introgression/genos/final_full-run/23.txt
    jobid: 9234
    wildcards: chr=23


        Rscript --no-save --no-restore --no-environ --no-site-file code/scripts/introgression/20201021_emf_to_geno.R ../introgression/release-102/final/23.txt ../introgression/genos/split_by_chr/23.geno data/20201021_full-run_line-ids_samples.txt ../introgression/genos/final_full-run/23.txt 
        
Submitted job 9234 with external jobid 'Job <2682613> is submitted to default queue <research-rh74>.'.

[Tue Mar 16 11:09:49 2021]
rule emf_2_geno_full_run:
    input: ../introgression/release-102/final/24.txt, ../introgression/genos/split_by_chr/24.geno, data/20201021_full-run_line-ids_samples.txt
    output: ../introgression/genos/final_full-run/24.txt
    jobid: 9242
    wildcards: chr=24


        Rscript --no-save --no-restore --no-environ --no-site-file code/scripts/introgression/20201021_emf_to_geno.R ../introgression/release-102/final/24.txt ../introgression/genos/split_by_chr/24.geno data/20201021_full-run_line-ids_samples.txt ../introgression/genos/final_full-run/24.txt 
        
Submitted job 9242 with external jobid 'Job <2682616> is submitted to default queue <research-rh74>.'.

[Tue Mar 16 11:09:49 2021]
rule emf_2_geno_full_run:
    input: ../introgression/release-102/final/13.txt, ../introgression/genos/split_by_chr/13.geno, data/20201021_full-run_line-ids_samples.txt
    output: ../introgression/genos/final_full-run/13.txt
    jobid: 9228
    wildcards: chr=13


        Rscript --no-save --no-restore --no-environ --no-site-file code/scripts/introgression/20201021_emf_to_geno.R ../introgression/release-102/final/13.txt ../introgression/genos/split_by_chr/13.geno data/20201021_full-run_line-ids_samples.txt ../introgression/genos/final_full-run/13.txt 
        
Submitted job 9228 with external jobid 'Job <2682619> is submitted to default queue <research-rh74>.'.

[Tue Mar 16 11:09:50 2021]
rule emf_2_geno_full_run:
    input: ../introgression/release-102/final/12.txt, ../introgression/genos/split_by_chr/12.geno, data/20201021_full-run_line-ids_samples.txt
    output: ../introgression/genos/final_full-run/12.txt
    jobid: 9235
    wildcards: chr=12


        Rscript --no-save --no-restore --no-environ --no-site-file code/scripts/introgression/20201021_emf_to_geno.R ../introgression/release-102/final/12.txt ../introgression/genos/split_by_chr/12.geno data/20201021_full-run_line-ids_samples.txt ../introgression/genos/final_full-run/12.txt 
        
Submitted job 9235 with external jobid 'Job <2682621> is submitted to default queue <research-rh74>.'.

[Tue Mar 16 11:09:50 2021]
rule emf_2_geno_full_run:
    input: ../introgression/release-102/final/21.txt, ../introgression/genos/split_by_chr/21.geno, data/20201021_full-run_line-ids_samples.txt
    output: ../introgression/genos/final_full-run/21.txt
    jobid: 9243
    wildcards: chr=21


        Rscript --no-save --no-restore --no-environ --no-site-file code/scripts/introgression/20201021_emf_to_geno.R ../introgression/release-102/final/21.txt ../introgression/genos/split_by_chr/21.geno data/20201021_full-run_line-ids_samples.txt ../introgression/genos/final_full-run/21.txt 
        
Submitted job 9243 with external jobid 'Job <2682622> is submitted to default queue <research-rh74>.'.

[Tue Mar 16 11:09:50 2021]
rule emf_2_geno_full_run:
    input: ../introgression/release-102/final/20.txt, ../introgression/genos/split_by_chr/20.geno, data/20201021_full-run_line-ids_samples.txt
    output: ../introgression/genos/final_full-run/20.txt
    jobid: 9236
    wildcards: chr=20


        Rscript --no-save --no-restore --no-environ --no-site-file code/scripts/introgression/20201021_emf_to_geno.R ../introgression/release-102/final/20.txt ../introgression/genos/split_by_chr/20.geno data/20201021_full-run_line-ids_samples.txt ../introgression/genos/final_full-run/20.txt 
        
Submitted job 9236 with external jobid 'Job <2682623> is submitted to default queue <research-rh74>.'.
[Tue Mar 16 11:13:44 2021]
Finished job 9245.
2 of 50 steps (4%) done
Select jobs to execute...
[Tue Mar 16 11:13:45 2021]
Finished job 9224.
3 of 50 steps (6%) done

[Tue Mar 16 11:13:45 2021]
rule emf_2_geno_remove_sibs:
    input: ../introgression/genos/final_full-run/11.txt, data/20200227_panel_lines_excluded.txt
    output: ../introgression/genos/final_no-sibs/11.txt
    jobid: 9269
    wildcards: chr=11


        Rscript --no-save --no-restore --no-environ --no-site-file code/scripts/introgression/20201022_remove_sibs.R ../introgression/genos/final_full-run/11.txt data/20200227_panel_lines_excluded.txt ../introgression/genos/final_no-sibs/11.txt
        
Submitted job 9269 with external jobid 'Job <2683499> is submitted to default queue <research-rh74>.'.
Select jobs to execute...

[Tue Mar 16 11:13:46 2021]
rule emf_2_geno_remove_sibs:
    input: ../introgression/genos/final_full-run/8.txt, data/20200227_panel_lines_excluded.txt
    output: ../introgression/genos/final_no-sibs/8.txt
    jobid: 9248
    wildcards: chr=8


        Rscript --no-save --no-restore --no-environ --no-site-file code/scripts/introgression/20201022_remove_sibs.R ../introgression/genos/final_full-run/8.txt data/20200227_panel_lines_excluded.txt ../introgression/genos/final_no-sibs/8.txt
        
Submitted job 9248 with external jobid 'Job <2683500> is submitted to default queue <research-rh74>.'.
[Tue Mar 16 11:14:21 2021]
Error in rule emf_2_geno_remove_sibs:
    jobid: 9269
    output: ../introgression/genos/final_no-sibs/11.txt
    shell:
        
        Rscript --no-save --no-restore --no-environ --no-site-file code/scripts/introgression/20201022_remove_sibs.R ../introgression/genos/final_full-run/11.txt data/20200227_panel_lines_excluded.txt ../introgression/genos/final_no-sibs/11.txt
        
        (one of the commands exited with non-zero exit code; note that snakemake uses bash strict mode!)
    cluster_jobid: Job <2683499> is submitted to default queue <research-rh74>.

Error executing rule emf_2_geno_remove_sibs on cluster (jobid: 9269, external: Job <2683499> is submitted to default queue <research-rh74>., jobscript: /hps/research1/birney/users/ian/mikk_paper/mikk_genome/.snakemake/tmp.x2nnwrc4/snakejob.emf_2_geno_remove_sibs.9269.sh). For error details see the cluster log and the log files of the involved rule(s).
Job failed, going on with independent jobs.
[Tue Mar 16 11:14:45 2021]
Error in rule emf_2_geno_remove_sibs:
    jobid: 9248
    output: ../introgression/genos/final_no-sibs/8.txt
    shell:
        
        Rscript --no-save --no-restore --no-environ --no-site-file code/scripts/introgression/20201022_remove_sibs.R ../introgression/genos/final_full-run/8.txt data/20200227_panel_lines_excluded.txt ../introgression/genos/final_no-sibs/8.txt
        
        (one of the commands exited with non-zero exit code; note that snakemake uses bash strict mode!)
    cluster_jobid: Job <2683500> is submitted to default queue <research-rh74>.

Error executing rule emf_2_geno_remove_sibs on cluster (jobid: 9248, external: Job <2683500> is submitted to default queue <research-rh74>., jobscript: /hps/research1/birney/users/ian/mikk_paper/mikk_genome/.snakemake/tmp.x2nnwrc4/snakejob.emf_2_geno_remove_sibs.9248.sh). For error details see the cluster log and the log files of the involved rule(s).
Job failed, going on with independent jobs.
[Tue Mar 16 11:14:45 2021]
Finished job 9238.
4 of 50 steps (8%) done
Select jobs to execute...

[Tue Mar 16 11:14:45 2021]
rule emf_2_geno_remove_sibs:
    input: ../introgression/genos/final_full-run/4.txt, data/20200227_panel_lines_excluded.txt
    output: ../introgression/genos/final_no-sibs/4.txt
    jobid: 9262
    wildcards: chr=4


        Rscript --no-save --no-restore --no-environ --no-site-file code/scripts/introgression/20201022_remove_sibs.R ../introgression/genos/final_full-run/4.txt data/20200227_panel_lines_excluded.txt ../introgression/genos/final_no-sibs/4.txt
        
Submitted job 9262 with external jobid 'Job <2683723> is submitted to default queue <research-rh74>.'.
[Tue Mar 16 11:15:09 2021]
Finished job 9230.
5 of 50 steps (10%) done
Select jobs to execute...
[Tue Mar 16 11:15:09 2021]
Finished job 9239.
6 of 50 steps (12%) done

[Tue Mar 16 11:15:10 2021]
rule emf_2_geno_remove_sibs:
    input: ../introgression/genos/final_full-run/17.txt, data/20200227_panel_lines_excluded.txt
    output: ../introgression/genos/final_no-sibs/17.txt
    jobid: 9254
    wildcards: chr=17


        Rscript --no-save --no-restore --no-environ --no-site-file code/scripts/introgression/20201022_remove_sibs.R ../introgression/genos/final_full-run/17.txt data/20200227_panel_lines_excluded.txt ../introgression/genos/final_no-sibs/17.txt
        
[Tue Mar 16 11:15:10 2021]
Finished job 9240.
7 of 50 steps (14%) done
[Tue Mar 16 11:15:10 2021]
Error in rule emf_2_geno_full_run:
    jobid: 9241
    output: ../introgression/genos/final_full-run/7.txt
    shell:
        
        Rscript --no-save --no-restore --no-environ --no-site-file code/scripts/introgression/20201021_emf_to_geno.R ../introgression/release-102/final/7.txt ../introgression/genos/split_by_chr/7.geno data/20201021_full-run_line-ids_samples.txt ../introgression/genos/final_full-run/7.txt 
        
        (one of the commands exited with non-zero exit code; note that snakemake uses bash strict mode!)
    cluster_jobid: Job <2682607> is submitted to default queue <research-rh74>.

Error executing rule emf_2_geno_full_run on cluster (jobid: 9241, external: Job <2682607> is submitted to default queue <research-rh74>., jobscript: /hps/research1/birney/users/ian/mikk_paper/mikk_genome/.snakemake/tmp.x2nnwrc4/snakejob.emf_2_geno_full_run.9241.sh). For error details see the cluster log and the log files of the involved rule(s).
Job failed, going on with independent jobs.
[Tue Mar 16 11:15:10 2021]
Error in rule emf_2_geno_full_run:
    jobid: 9226
    output: ../introgression/genos/final_full-run/16.txt
    shell:
        
        Rscript --no-save --no-restore --no-environ --no-site-file code/scripts/introgression/20201021_emf_to_geno.R ../introgression/release-102/final/16.txt ../introgression/genos/split_by_chr/16.geno data/20201021_full-run_line-ids_samples.txt ../introgression/genos/final_full-run/16.txt 
        
        (one of the commands exited with non-zero exit code; note that snakemake uses bash strict mode!)
    cluster_jobid: Job <2682610> is submitted to default queue <research-rh74>.

Error executing rule emf_2_geno_full_run on cluster (jobid: 9226, external: Job <2682610> is submitted to default queue <research-rh74>., jobscript: /hps/research1/birney/users/ian/mikk_paper/mikk_genome/.snakemake/tmp.x2nnwrc4/snakejob.emf_2_geno_full_run.9226.sh). For error details see the cluster log and the log files of the involved rule(s).
Job failed, going on with independent jobs.
Submitted job 9254 with external jobid 'Job <2683849> is submitted to default queue <research-rh74>.'.
[Tue Mar 16 11:15:10 2021]
Select jobs to execute...
Error in rule emf_2_geno_full_run:
    jobid: 9234
    output: ../introgression/genos/final_full-run/23.txt
    shell:
        
        Rscript --no-save --no-restore --no-environ --no-site-file code/scripts/introgression/20201021_emf_to_geno.R ../introgression/release-102/final/23.txt ../introgression/genos/split_by_chr/23.geno data/20201021_full-run_line-ids_samples.txt ../introgression/genos/final_full-run/23.txt 
        
        (one of the commands exited with non-zero exit code; note that snakemake uses bash strict mode!)
    cluster_jobid: Job <2682613> is submitted to default queue <research-rh74>.

Error executing rule emf_2_geno_full_run on cluster (jobid: 9234, external: Job <2682613> is submitted to default queue <research-rh74>., jobscript: /hps/research1/birney/users/ian/mikk_paper/mikk_genome/.snakemake/tmp.x2nnwrc4/snakejob.emf_2_geno_full_run.9234.sh). For error details see the cluster log and the log files of the involved rule(s).
Job failed, going on with independent jobs.

[Tue Mar 16 11:15:11 2021]
rule emf_2_geno_remove_sibs:
    input: ../introgression/genos/final_full-run/10.txt, data/20200227_panel_lines_excluded.txt
    output: ../introgression/genos/final_no-sibs/10.txt
    jobid: 9263
    wildcards: chr=10


        Rscript --no-save --no-restore --no-environ --no-site-file code/scripts/introgression/20201022_remove_sibs.R ../introgression/genos/final_full-run/10.txt data/20200227_panel_lines_excluded.txt ../introgression/genos/final_no-sibs/10.txt
        
[Tue Mar 16 11:15:11 2021]
Error in rule emf_2_geno_full_run:
    jobid: 9243
    output: ../introgression/genos/final_full-run/21.txt
    shell:
        
        Rscript --no-save --no-restore --no-environ --no-site-file code/scripts/introgression/20201021_emf_to_geno.R ../introgression/release-102/final/21.txt ../introgression/genos/split_by_chr/21.geno data/20201021_full-run_line-ids_samples.txt ../introgression/genos/final_full-run/21.txt 
        
        (one of the commands exited with non-zero exit code; note that snakemake uses bash strict mode!)
    cluster_jobid: Job <2682622> is submitted to default queue <research-rh74>.

Error executing rule emf_2_geno_full_run on cluster (jobid: 9243, external: Job <2682622> is submitted to default queue <research-rh74>., jobscript: /hps/research1/birney/users/ian/mikk_paper/mikk_genome/.snakemake/tmp.x2nnwrc4/snakejob.emf_2_geno_full_run.9243.sh). For error details see the cluster log and the log files of the involved rule(s).
Job failed, going on with independent jobs.
[Tue Mar 16 11:15:11 2021]
Error in rule emf_2_geno_full_run:
    jobid: 9236
    output: ../introgression/genos/final_full-run/20.txt
    shell:
        
        Rscript --no-save --no-restore --no-environ --no-site-file code/scripts/introgression/20201021_emf_to_geno.R ../introgression/release-102/final/20.txt ../introgression/genos/split_by_chr/20.geno data/20201021_full-run_line-ids_samples.txt ../introgression/genos/final_full-run/20.txt 
        
        (one of the commands exited with non-zero exit code; note that snakemake uses bash strict mode!)
    cluster_jobid: Job <2682623> is submitted to default queue <research-rh74>.

Error executing rule emf_2_geno_full_run on cluster (jobid: 9236, external: Job <2682623> is submitted to default queue <research-rh74>., jobscript: /hps/research1/birney/users/ian/mikk_paper/mikk_genome/.snakemake/tmp.x2nnwrc4/snakejob.emf_2_geno_full_run.9236.sh). For error details see the cluster log and the log files of the involved rule(s).
Job failed, going on with independent jobs.
Submitted job 9263 with external jobid 'Job <2683850> is submitted to default queue <research-rh74>.'.

[Tue Mar 16 11:15:11 2021]
rule emf_2_geno_remove_sibs:
    input: ../introgression/genos/final_full-run/2.txt, data/20200227_panel_lines_excluded.txt
    output: ../introgression/genos/final_no-sibs/2.txt
    jobid: 9264
    wildcards: chr=2


        Rscript --no-save --no-restore --no-environ --no-site-file code/scripts/introgression/20201022_remove_sibs.R ../introgression/genos/final_full-run/2.txt data/20200227_panel_lines_excluded.txt ../introgression/genos/final_no-sibs/2.txt
        
Submitted job 9264 with external jobid 'Job <2683851> is submitted to default queue <research-rh74>.'.
[Tue Mar 16 11:15:21 2021]
Finished job 9231.
8 of 50 steps (16%) done
Select jobs to execute...

[Tue Mar 16 11:15:22 2021]
rule emf_2_geno_remove_sibs:
    input: ../introgression/genos/final_full-run/6.txt, data/20200227_panel_lines_excluded.txt
    output: ../introgression/genos/final_no-sibs/6.txt
    jobid: 9255
    wildcards: chr=6


        Rscript --no-save --no-restore --no-environ --no-site-file code/scripts/introgression/20201022_remove_sibs.R ../introgression/genos/final_full-run/6.txt data/20200227_panel_lines_excluded.txt ../introgression/genos/final_no-sibs/6.txt
        
Submitted job 9255 with external jobid 'Job <2683879> is submitted to default queue <research-rh74>.'.
[Tue Mar 16 11:15:33 2021]
Finished job 9246.
9 of 50 steps (18%) done
Select jobs to execute...

[Tue Mar 16 11:15:33 2021]
rule emf_2_geno_remove_sibs:
    input: ../introgression/genos/final_full-run/9.txt, data/20200227_panel_lines_excluded.txt
    output: ../introgression/genos/final_no-sibs/9.txt
    jobid: 9270
    wildcards: chr=9


        Rscript --no-save --no-restore --no-environ --no-site-file code/scripts/introgression/20201022_remove_sibs.R ../introgression/genos/final_full-run/9.txt data/20200227_panel_lines_excluded.txt ../introgression/genos/final_no-sibs/9.txt
        
Submitted job 9270 with external jobid 'Job <2683910> is submitted to default queue <research-rh74>.'.
[Tue Mar 16 11:15:44 2021]
Error in rule emf_2_geno_remove_sibs:
    jobid: 9262
    output: ../introgression/genos/final_no-sibs/4.txt
    shell:
        
        Rscript --no-save --no-restore --no-environ --no-site-file code/scripts/introgression/20201022_remove_sibs.R ../introgression/genos/final_full-run/4.txt data/20200227_panel_lines_excluded.txt ../introgression/genos/final_no-sibs/4.txt
        
        (one of the commands exited with non-zero exit code; note that snakemake uses bash strict mode!)
    cluster_jobid: Job <2683723> is submitted to default queue <research-rh74>.

Error executing rule emf_2_geno_remove_sibs on cluster (jobid: 9262, external: Job <2683723> is submitted to default queue <research-rh74>., jobscript: /hps/research1/birney/users/ian/mikk_paper/mikk_genome/.snakemake/tmp.x2nnwrc4/snakejob.emf_2_geno_remove_sibs.9262.sh). For error details see the cluster log and the log files of the involved rule(s).
Job failed, going on with independent jobs.
[Tue Mar 16 11:15:55 2021]
Finished job 9227.
10 of 50 steps (20%) done
Select jobs to execute...
[Tue Mar 16 11:15:55 2021]
Finished job 9232.
11 of 50 steps (22%) done
[Tue Mar 16 11:15:55 2021]
Finished job 9247.
12 of 50 steps (24%) done

[Tue Mar 16 11:15:55 2021]
rule emf_2_geno_remove_sibs:
    input: ../introgression/genos/final_full-run/5.txt, data/20200227_panel_lines_excluded.txt
    output: ../introgression/genos/final_no-sibs/5.txt
    jobid: 9251
    wildcards: chr=5


        Rscript --no-save --no-restore --no-environ --no-site-file code/scripts/introgression/20201022_remove_sibs.R ../introgression/genos/final_full-run/5.txt data/20200227_panel_lines_excluded.txt ../introgression/genos/final_no-sibs/5.txt
        
Submitted job 9251 with external jobid 'Job <2683983> is submitted to default queue <research-rh74>.'.
Select jobs to execute...
[Tue Mar 16 11:15:56 2021]
Error in rule emf_2_geno_remove_sibs:
    jobid: 9264
    output: ../introgression/genos/final_no-sibs/2.txt
    shell:
        
        Rscript --no-save --no-restore --no-environ --no-site-file code/scripts/introgression/20201022_remove_sibs.R ../introgression/genos/final_full-run/2.txt data/20200227_panel_lines_excluded.txt ../introgression/genos/final_no-sibs/2.txt
        
        (one of the commands exited with non-zero exit code; note that snakemake uses bash strict mode!)
    cluster_jobid: Job <2683851> is submitted to default queue <research-rh74>.

Error executing rule emf_2_geno_remove_sibs on cluster (jobid: 9264, external: Job <2683851> is submitted to default queue <research-rh74>., jobscript: /hps/research1/birney/users/ian/mikk_paper/mikk_genome/.snakemake/tmp.x2nnwrc4/snakejob.emf_2_geno_remove_sibs.9264.sh). For error details see the cluster log and the log files of the involved rule(s).
Job failed, going on with independent jobs.

[Tue Mar 16 11:15:56 2021]
rule emf_2_geno_remove_sibs:
    input: ../introgression/genos/final_full-run/18.txt, data/20200227_panel_lines_excluded.txt
    output: ../introgression/genos/final_no-sibs/18.txt
    jobid: 9271
    wildcards: chr=18


        Rscript --no-save --no-restore --no-environ --no-site-file code/scripts/introgression/20201022_remove_sibs.R ../introgression/genos/final_full-run/18.txt data/20200227_panel_lines_excluded.txt ../introgression/genos/final_no-sibs/18.txt
        
Submitted job 9271 with external jobid 'Job <2683984> is submitted to default queue <research-rh74>.'.

[Tue Mar 16 11:15:56 2021]
rule emf_2_geno_remove_sibs:
    input: ../introgression/genos/final_full-run/15.txt, data/20200227_panel_lines_excluded.txt
    output: ../introgression/genos/final_no-sibs/15.txt
    jobid: 9256
    wildcards: chr=15


        Rscript --no-save --no-restore --no-environ --no-site-file code/scripts/introgression/20201022_remove_sibs.R ../introgression/genos/final_full-run/15.txt data/20200227_panel_lines_excluded.txt ../introgression/genos/final_no-sibs/15.txt
        
Submitted job 9256 with external jobid 'Job <2683986> is submitted to default queue <research-rh74>.'.
[Tue Mar 16 11:16:06 2021]
Error in rule emf_2_geno_remove_sibs:
    jobid: 9255
    output: ../introgression/genos/final_no-sibs/6.txt
    shell:
        
        Rscript --no-save --no-restore --no-environ --no-site-file code/scripts/introgression/20201022_remove_sibs.R ../introgression/genos/final_full-run/6.txt data/20200227_panel_lines_excluded.txt ../introgression/genos/final_no-sibs/6.txt
        
        (one of the commands exited with non-zero exit code; note that snakemake uses bash strict mode!)
    cluster_jobid: Job <2683879> is submitted to default queue <research-rh74>.

Error executing rule emf_2_geno_remove_sibs on cluster (jobid: 9255, external: Job <2683879> is submitted to default queue <research-rh74>., jobscript: /hps/research1/birney/users/ian/mikk_paper/mikk_genome/.snakemake/tmp.x2nnwrc4/snakejob.emf_2_geno_remove_sibs.9255.sh). For error details see the cluster log and the log files of the involved rule(s).
Job failed, going on with independent jobs.
[Tue Mar 16 11:16:17 2021]
Error in rule emf_2_geno_remove_sibs:
    jobid: 9254
    output: ../introgression/genos/final_no-sibs/17.txt
    shell:
        
        Rscript --no-save --no-restore --no-environ --no-site-file code/scripts/introgression/20201022_remove_sibs.R ../introgression/genos/final_full-run/17.txt data/20200227_panel_lines_excluded.txt ../introgression/genos/final_no-sibs/17.txt
        
        (one of the commands exited with non-zero exit code; note that snakemake uses bash strict mode!)
    cluster_jobid: Job <2683849> is submitted to default queue <research-rh74>.

Error executing rule emf_2_geno_remove_sibs on cluster (jobid: 9254, external: Job <2683849> is submitted to default queue <research-rh74>., jobscript: /hps/research1/birney/users/ian/mikk_paper/mikk_genome/.snakemake/tmp.x2nnwrc4/snakejob.emf_2_geno_remove_sibs.9254.sh). For error details see the cluster log and the log files of the involved rule(s).
Job failed, going on with independent jobs.
[Tue Mar 16 11:16:18 2021]
Error in rule emf_2_geno_remove_sibs:
    jobid: 9263
    output: ../introgression/genos/final_no-sibs/10.txt
    shell:
        
        Rscript --no-save --no-restore --no-environ --no-site-file code/scripts/introgression/20201022_remove_sibs.R ../introgression/genos/final_full-run/10.txt data/20200227_panel_lines_excluded.txt ../introgression/genos/final_no-sibs/10.txt
        
        (one of the commands exited with non-zero exit code; note that snakemake uses bash strict mode!)
    cluster_jobid: Job <2683850> is submitted to default queue <research-rh74>.

Error executing rule emf_2_geno_remove_sibs on cluster (jobid: 9263, external: Job <2683850> is submitted to default queue <research-rh74>., jobscript: /hps/research1/birney/users/ian/mikk_paper/mikk_genome/.snakemake/tmp.x2nnwrc4/snakejob.emf_2_geno_remove_sibs.9263.sh). For error details see the cluster log and the log files of the involved rule(s).
Job failed, going on with independent jobs.
[Tue Mar 16 11:16:39 2021]
Finished job 9229.
13 of 50 steps (26%) done
Select jobs to execute...

[Tue Mar 16 11:16:40 2021]
rule emf_2_geno_remove_sibs:
    input: ../introgression/genos/final_full-run/3.txt, data/20200227_panel_lines_excluded.txt
    output: ../introgression/genos/final_no-sibs/3.txt
    jobid: 9253
    wildcards: chr=3


        Rscript --no-save --no-restore --no-environ --no-site-file code/scripts/introgression/20201022_remove_sibs.R ../introgression/genos/final_full-run/3.txt data/20200227_panel_lines_excluded.txt ../introgression/genos/final_no-sibs/3.txt
        
Submitted job 9253 with external jobid 'Job <2684137> is submitted to default queue <research-rh74>.'.
[Tue Mar 16 11:16:50 2021]
Error in rule emf_2_geno_remove_sibs:
    jobid: 9251
    output: ../introgression/genos/final_no-sibs/5.txt
    shell:
        
        Rscript --no-save --no-restore --no-environ --no-site-file code/scripts/introgression/20201022_remove_sibs.R ../introgression/genos/final_full-run/5.txt data/20200227_panel_lines_excluded.txt ../introgression/genos/final_no-sibs/5.txt
        
        (one of the commands exited with non-zero exit code; note that snakemake uses bash strict mode!)
    cluster_jobid: Job <2683983> is submitted to default queue <research-rh74>.

Error executing rule emf_2_geno_remove_sibs on cluster (jobid: 9251, external: Job <2683983> is submitted to default queue <research-rh74>., jobscript: /hps/research1/birney/users/ian/mikk_paper/mikk_genome/.snakemake/tmp.x2nnwrc4/snakejob.emf_2_geno_remove_sibs.9251.sh). For error details see the cluster log and the log files of the involved rule(s).
Job failed, going on with independent jobs.
[Tue Mar 16 11:16:50 2021]
Error in rule emf_2_geno_remove_sibs:
    jobid: 9270
    output: ../introgression/genos/final_no-sibs/9.txt
    shell:
        
        Rscript --no-save --no-restore --no-environ --no-site-file code/scripts/introgression/20201022_remove_sibs.R ../introgression/genos/final_full-run/9.txt data/20200227_panel_lines_excluded.txt ../introgression/genos/final_no-sibs/9.txt
        
        (one of the commands exited with non-zero exit code; note that snakemake uses bash strict mode!)
    cluster_jobid: Job <2683910> is submitted to default queue <research-rh74>.

Error executing rule emf_2_geno_remove_sibs on cluster (jobid: 9270, external: Job <2683910> is submitted to default queue <research-rh74>., jobscript: /hps/research1/birney/users/ian/mikk_paper/mikk_genome/.snakemake/tmp.x2nnwrc4/snakejob.emf_2_geno_remove_sibs.9270.sh). For error details see the cluster log and the log files of the involved rule(s).
Job failed, going on with independent jobs.
[Tue Mar 16 11:16:50 2021]
Error in rule emf_2_geno_full_run:
    jobid: 9242
    output: ../introgression/genos/final_full-run/24.txt
    shell:
        
        Rscript --no-save --no-restore --no-environ --no-site-file code/scripts/introgression/20201021_emf_to_geno.R ../introgression/release-102/final/24.txt ../introgression/genos/split_by_chr/24.geno data/20201021_full-run_line-ids_samples.txt ../introgression/genos/final_full-run/24.txt 
        
        (one of the commands exited with non-zero exit code; note that snakemake uses bash strict mode!)
    cluster_jobid: Job <2682616> is submitted to default queue <research-rh74>.

Error executing rule emf_2_geno_full_run on cluster (jobid: 9242, external: Job <2682616> is submitted to default queue <research-rh74>., jobscript: /hps/research1/birney/users/ian/mikk_paper/mikk_genome/.snakemake/tmp.x2nnwrc4/snakejob.emf_2_geno_full_run.9242.sh). For error details see the cluster log and the log files of the involved rule(s).
Job failed, going on with independent jobs.
[Tue Mar 16 11:16:50 2021]
Error in rule emf_2_geno_full_run:
    jobid: 9228
    output: ../introgression/genos/final_full-run/13.txt
    shell:
        
        Rscript --no-save --no-restore --no-environ --no-site-file code/scripts/introgression/20201021_emf_to_geno.R ../introgression/release-102/final/13.txt ../introgression/genos/split_by_chr/13.geno data/20201021_full-run_line-ids_samples.txt ../introgression/genos/final_full-run/13.txt 
        
        (one of the commands exited with non-zero exit code; note that snakemake uses bash strict mode!)
    cluster_jobid: Job <2682619> is submitted to default queue <research-rh74>.

Error executing rule emf_2_geno_full_run on cluster (jobid: 9228, external: Job <2682619> is submitted to default queue <research-rh74>., jobscript: /hps/research1/birney/users/ian/mikk_paper/mikk_genome/.snakemake/tmp.x2nnwrc4/snakejob.emf_2_geno_full_run.9228.sh). For error details see the cluster log and the log files of the involved rule(s).
Job failed, going on with independent jobs.
[Tue Mar 16 11:16:50 2021]
Error in rule emf_2_geno_full_run:
    jobid: 9235
    output: ../introgression/genos/final_full-run/12.txt
    shell:
        
        Rscript --no-save --no-restore --no-environ --no-site-file code/scripts/introgression/20201021_emf_to_geno.R ../introgression/release-102/final/12.txt ../introgression/genos/split_by_chr/12.geno data/20201021_full-run_line-ids_samples.txt ../introgression/genos/final_full-run/12.txt 
        
        (one of the commands exited with non-zero exit code; note that snakemake uses bash strict mode!)
    cluster_jobid: Job <2682621> is submitted to default queue <research-rh74>.

Error executing rule emf_2_geno_full_run on cluster (jobid: 9235, external: Job <2682621> is submitted to default queue <research-rh74>., jobscript: /hps/research1/birney/users/ian/mikk_paper/mikk_genome/.snakemake/tmp.x2nnwrc4/snakejob.emf_2_geno_full_run.9235.sh). For error details see the cluster log and the log files of the involved rule(s).
Job failed, going on with independent jobs.
[Tue Mar 16 11:16:51 2021]
Error in rule emf_2_geno_remove_sibs:
    jobid: 9271
    output: ../introgression/genos/final_no-sibs/18.txt
    shell:
        
        Rscript --no-save --no-restore --no-environ --no-site-file code/scripts/introgression/20201022_remove_sibs.R ../introgression/genos/final_full-run/18.txt data/20200227_panel_lines_excluded.txt ../introgression/genos/final_no-sibs/18.txt
        
        (one of the commands exited with non-zero exit code; note that snakemake uses bash strict mode!)
    cluster_jobid: Job <2683984> is submitted to default queue <research-rh74>.

Error executing rule emf_2_geno_remove_sibs on cluster (jobid: 9271, external: Job <2683984> is submitted to default queue <research-rh74>., jobscript: /hps/research1/birney/users/ian/mikk_paper/mikk_genome/.snakemake/tmp.x2nnwrc4/snakejob.emf_2_geno_remove_sibs.9271.sh). For error details see the cluster log and the log files of the involved rule(s).
Job failed, going on with independent jobs.
[Tue Mar 16 11:16:51 2021]
Error in rule emf_2_geno_remove_sibs:
    jobid: 9256
    output: ../introgression/genos/final_no-sibs/15.txt
    shell:
        
        Rscript --no-save --no-restore --no-environ --no-site-file code/scripts/introgression/20201022_remove_sibs.R ../introgression/genos/final_full-run/15.txt data/20200227_panel_lines_excluded.txt ../introgression/genos/final_no-sibs/15.txt
        
        (one of the commands exited with non-zero exit code; note that snakemake uses bash strict mode!)
    cluster_jobid: Job <2683986> is submitted to default queue <research-rh74>.

Error executing rule emf_2_geno_remove_sibs on cluster (jobid: 9256, external: Job <2683986> is submitted to default queue <research-rh74>., jobscript: /hps/research1/birney/users/ian/mikk_paper/mikk_genome/.snakemake/tmp.x2nnwrc4/snakejob.emf_2_geno_remove_sibs.9256.sh). For error details see the cluster log and the log files of the involved rule(s).
Job failed, going on with independent jobs.
[Tue Mar 16 11:17:22 2021]
Finished job 9225.
14 of 50 steps (28%) done
Select jobs to execute...

[Tue Mar 16 11:17:22 2021]
rule emf_2_geno_remove_sibs:
    input: ../introgression/genos/final_full-run/22.txt, data/20200227_panel_lines_excluded.txt
    output: ../introgression/genos/final_no-sibs/22.txt
    jobid: 9249
    wildcards: chr=22


        Rscript --no-save --no-restore --no-environ --no-site-file code/scripts/introgression/20201022_remove_sibs.R ../introgression/genos/final_full-run/22.txt data/20200227_panel_lines_excluded.txt ../introgression/genos/final_no-sibs/22.txt
        
Submitted job 9249 with external jobid 'Job <2684307> is submitted to default queue <research-rh74>.'.
[Tue Mar 16 11:17:32 2021]
Error in rule emf_2_geno_remove_sibs:
    jobid: 9253
    output: ../introgression/genos/final_no-sibs/3.txt
    shell:
        
        Rscript --no-save --no-restore --no-environ --no-site-file code/scripts/introgression/20201022_remove_sibs.R ../introgression/genos/final_full-run/3.txt data/20200227_panel_lines_excluded.txt ../introgression/genos/final_no-sibs/3.txt
        
        (one of the commands exited with non-zero exit code; note that snakemake uses bash strict mode!)
    cluster_jobid: Job <2684137> is submitted to default queue <research-rh74>.

Error executing rule emf_2_geno_remove_sibs on cluster (jobid: 9253, external: Job <2684137> is submitted to default queue <research-rh74>., jobscript: /hps/research1/birney/users/ian/mikk_paper/mikk_genome/.snakemake/tmp.x2nnwrc4/snakejob.emf_2_geno_remove_sibs.9253.sh). For error details see the cluster log and the log files of the involved rule(s).
Job failed, going on with independent jobs.
[Tue Mar 16 11:18:02 2021]
Finished job 9237.
15 of 50 steps (30%) done
Select jobs to execute...
[Tue Mar 16 11:18:02 2021]
Error in rule emf_2_geno_remove_sibs:
    jobid: 9249
    output: ../introgression/genos/final_no-sibs/22.txt
    shell:
        
        Rscript --no-save --no-restore --no-environ --no-site-file code/scripts/introgression/20201022_remove_sibs.R ../introgression/genos/final_full-run/22.txt data/20200227_panel_lines_excluded.txt ../introgression/genos/final_no-sibs/22.txt
        
        (one of the commands exited with non-zero exit code; note that snakemake uses bash strict mode!)
    cluster_jobid: Job <2684307> is submitted to default queue <research-rh74>.

Error executing rule emf_2_geno_remove_sibs on cluster (jobid: 9249, external: Job <2684307> is submitted to default queue <research-rh74>., jobscript: /hps/research1/birney/users/ian/mikk_paper/mikk_genome/.snakemake/tmp.x2nnwrc4/snakejob.emf_2_geno_remove_sibs.9249.sh). For error details see the cluster log and the log files of the involved rule(s).
Job failed, going on with independent jobs.

[Tue Mar 16 11:18:03 2021]
rule emf_2_geno_remove_sibs:
    input: ../introgression/genos/final_full-run/19.txt, data/20200227_panel_lines_excluded.txt
    output: ../introgression/genos/final_no-sibs/19.txt
    jobid: 9261
    wildcards: chr=19


        Rscript --no-save --no-restore --no-environ --no-site-file code/scripts/introgression/20201022_remove_sibs.R ../introgression/genos/final_full-run/19.txt data/20200227_panel_lines_excluded.txt ../introgression/genos/final_no-sibs/19.txt
        
Submitted job 9261 with external jobid 'Job <2684429> is submitted to default queue <research-rh74>.'.
[Tue Mar 16 11:18:52 2021]
Finished job 9244.
16 of 50 steps (32%) done
Select jobs to execute...

[Tue Mar 16 11:18:53 2021]
rule emf_2_geno_remove_sibs:
    input: ../introgression/genos/final_full-run/14.txt, data/20200227_panel_lines_excluded.txt
    output: ../introgression/genos/final_no-sibs/14.txt
    jobid: 9268
    wildcards: chr=14


        Rscript --no-save --no-restore --no-environ --no-site-file code/scripts/introgression/20201022_remove_sibs.R ../introgression/genos/final_full-run/14.txt data/20200227_panel_lines_excluded.txt ../introgression/genos/final_no-sibs/14.txt
        
Submitted job 9268 with external jobid 'Job <2684657> is submitted to default queue <research-rh74>.'.
[Tue Mar 16 11:19:02 2021]
Error in rule emf_2_geno_remove_sibs:
    jobid: 9261
    output: ../introgression/genos/final_no-sibs/19.txt
    shell:
        
        Rscript --no-save --no-restore --no-environ --no-site-file code/scripts/introgression/20201022_remove_sibs.R ../introgression/genos/final_full-run/19.txt data/20200227_panel_lines_excluded.txt ../introgression/genos/final_no-sibs/19.txt
        
        (one of the commands exited with non-zero exit code; note that snakemake uses bash strict mode!)
    cluster_jobid: Job <2684429> is submitted to default queue <research-rh74>.

Error executing rule emf_2_geno_remove_sibs on cluster (jobid: 9261, external: Job <2684429> is submitted to default queue <research-rh74>., jobscript: /hps/research1/birney/users/ian/mikk_paper/mikk_genome/.snakemake/tmp.x2nnwrc4/snakejob.emf_2_geno_remove_sibs.9261.sh). For error details see the cluster log and the log files of the involved rule(s).
Job failed, going on with independent jobs.
[Tue Mar 16 11:19:22 2021]
Finished job 9233.
17 of 50 steps (34%) done
Select jobs to execute...

[Tue Mar 16 11:19:23 2021]
rule emf_2_geno_remove_sibs:
    input: ../introgression/genos/final_full-run/1.txt, data/20200227_panel_lines_excluded.txt
    output: ../introgression/genos/final_no-sibs/1.txt
    jobid: 9257
    wildcards: chr=1


        Rscript --no-save --no-restore --no-environ --no-site-file code/scripts/introgression/20201022_remove_sibs.R ../introgression/genos/final_full-run/1.txt data/20200227_panel_lines_excluded.txt ../introgression/genos/final_no-sibs/1.txt
        
Submitted job 9257 with external jobid 'Job <2684825> is submitted to default queue <research-rh74>.'.
[Tue Mar 16 11:19:43 2021]
Error in rule emf_2_geno_remove_sibs:
    jobid: 9268
    output: ../introgression/genos/final_no-sibs/14.txt
    shell:
        
        Rscript --no-save --no-restore --no-environ --no-site-file code/scripts/introgression/20201022_remove_sibs.R ../introgression/genos/final_full-run/14.txt data/20200227_panel_lines_excluded.txt ../introgression/genos/final_no-sibs/14.txt
        
        (one of the commands exited with non-zero exit code; note that snakemake uses bash strict mode!)
    cluster_jobid: Job <2684657> is submitted to default queue <research-rh74>.

Error executing rule emf_2_geno_remove_sibs on cluster (jobid: 9268, external: Job <2684657> is submitted to default queue <research-rh74>., jobscript: /hps/research1/birney/users/ian/mikk_paper/mikk_genome/.snakemake/tmp.x2nnwrc4/snakejob.emf_2_geno_remove_sibs.9268.sh). For error details see the cluster log and the log files of the involved rule(s).
Job failed, going on with independent jobs.
[Tue Mar 16 11:21:03 2021]
Finished job 9257.
18 of 50 steps (36%) done
Exiting because a job execution failed. Look above for error message
Complete log: /hps/research1/birney/users/ian/mikk_paper/mikk_genome/.snakemake/log/2021-03-16T110516.466853.snakemake.log
