Building DAG of jobs...
Using shell: /usr/local/bin/bash
Provided cluster nodes: 5000
Job counts:
	count	jobs
	1	add_kaga_read_groups
	1	all
	1	mark_kaga_duplicates
	3
Select jobs to execute...

[Tue Mar 23 17:24:55 2021]
rule add_kaga_read_groups:
    input: ../introgression/sams/kaga.sam
    output: ../introgression/bams/kaga_with_read_groups.bam
    jobid: 9616


        java -jar /usr/picard/picard.jar AddOrReplaceReadGroups             I=../introgression/sams/kaga.sam             O=../introgression/bams/kaga_with_read_groups.bam             RGID=4             RGLB=lib1             RGPL=ILLUMINA             RGPU=unit1             RGSM=Kaga
        
Submitted job 9616 with external jobid 'Job <4224280> is submitted to default queue <research-rh74>.'.
[Tue Mar 23 18:53:56 2021]
Finished job 9616.
1 of 3 steps (33%) done
Select jobs to execute...

[Tue Mar 23 18:53:57 2021]
rule mark_kaga_duplicates:
    input: ../introgression/bams/kaga_with_read_groups.bam
    output: ../introgression/bams/kaga_with_marked_duplicates.bam
    jobid: 9617


        gatk MarkDuplicatesSpark             -I ../introgression/bams/kaga_with_read_groups.bam             -O ../introgression/bams/kaga_with_marked_duplicates.bam
        
Submitted job 9617 with external jobid 'Job <4248717> is submitted to default queue <research-rh74>.'.
[Tue Mar 23 18:54:16 2021]
Error in rule mark_kaga_duplicates:
    jobid: 9617
    output: ../introgression/bams/kaga_with_marked_duplicates.bam
    shell:
        
        gatk MarkDuplicatesSpark             -I ../introgression/bams/kaga_with_read_groups.bam             -O ../introgression/bams/kaga_with_marked_duplicates.bam
        
        (one of the commands exited with non-zero exit code; note that snakemake uses bash strict mode!)
    cluster_jobid: Job <4248717> is submitted to default queue <research-rh74>.

Error executing rule mark_kaga_duplicates on cluster (jobid: 9617, external: Job <4248717> is submitted to default queue <research-rh74>., jobscript: /hps/research1/birney/users/ian/mikk_paper/mikk_genome/.snakemake/tmp.hmd5ys_g/snakejob.mark_kaga_duplicates.9617.sh). For error details see the cluster log and the log files of the involved rule(s).
Job failed, going on with independent jobs.
Exiting because a job execution failed. Look above for error message
Complete log: /hps/research1/birney/users/ian/mikk_paper/mikk_genome/.snakemake/log/2021-03-23T172248.995330.snakemake.log
