Building DAG of jobs...
Using shell: /usr/local/bin/bash
Provided cluster nodes: 5000
Job counts:
	count	jobs
	1	all
	1	kaga_call_haplotypes
	1	kaga_genotype
	1	kaga_index_bam
	1	kaga_index_vcf
	1	kaga_merge_bams
	4	mark_kaga_duplicates
	4	sort_kaga_sam
	14
Select jobs to execute...

[Thu Mar 25 08:29:08 2021]
rule sort_kaga_sam:
    input: ../introgression/sams/DRR002226_withRGs.sam
    output: ../introgression/bams/sorted/DRR002226.bam
    jobid: 18
    wildcards: kaga_sample=DRR002226


        java -jar /usr/picard/picard.jar SortSam             I=../introgression/sams/DRR002226_withRGs.sam             O=../introgression/bams/sorted/DRR002226.bam             SORT_ORDER=coordinate
        
Submitted job 18 with external jobid 'Job <4819594> is submitted to default queue <research-rh74>.'.

[Thu Mar 25 08:29:08 2021]
rule sort_kaga_sam:
    input: ../introgression/sams/DRR002225_withRGs.sam
    output: ../introgression/bams/sorted/DRR002225.bam
    jobid: 17
    wildcards: kaga_sample=DRR002225


        java -jar /usr/picard/picard.jar SortSam             I=../introgression/sams/DRR002225_withRGs.sam             O=../introgression/bams/sorted/DRR002225.bam             SORT_ORDER=coordinate
        
Submitted job 17 with external jobid 'Job <4819596> is submitted to default queue <research-rh74>.'.

[Thu Mar 25 08:29:09 2021]
rule sort_kaga_sam:
    input: ../introgression/sams/DRR002227_withRGs.sam
    output: ../introgression/bams/sorted/DRR002227.bam
    jobid: 19
    wildcards: kaga_sample=DRR002227


        java -jar /usr/picard/picard.jar SortSam             I=../introgression/sams/DRR002227_withRGs.sam             O=../introgression/bams/sorted/DRR002227.bam             SORT_ORDER=coordinate
        
Submitted job 19 with external jobid 'Job <4819597> is submitted to default queue <research-rh74>.'.

[Thu Mar 25 08:29:09 2021]
rule sort_kaga_sam:
    input: ../introgression/sams/DRR002228_withRGs.sam
    output: ../introgression/bams/sorted/DRR002228.bam
    jobid: 20
    wildcards: kaga_sample=DRR002228


        java -jar /usr/picard/picard.jar SortSam             I=../introgression/sams/DRR002228_withRGs.sam             O=../introgression/bams/sorted/DRR002228.bam             SORT_ORDER=coordinate
        
Submitted job 20 with external jobid 'Job <4819598> is submitted to default queue <research-rh74>.'.
[Thu Mar 25 09:04:33 2021]
Error in rule sort_kaga_sam:
    jobid: 20
    output: ../introgression/bams/sorted/DRR002228.bam
    shell:
        
        java -jar /usr/picard/picard.jar SortSam             I=../introgression/sams/DRR002228_withRGs.sam             O=../introgression/bams/sorted/DRR002228.bam             SORT_ORDER=coordinate
        
        (one of the commands exited with non-zero exit code; note that snakemake uses bash strict mode!)
    cluster_jobid: Job <4819598> is submitted to default queue <research-rh74>.

Error executing rule sort_kaga_sam on cluster (jobid: 20, external: Job <4819598> is submitted to default queue <research-rh74>., jobscript: /hps/research1/birney/users/ian/mikk_paper/mikk_genome/.snakemake/tmp.mz15f8iu/snakejob.sort_kaga_sam.20.sh). For error details see the cluster log and the log files of the involved rule(s).
Job failed, going on with independent jobs.
[Thu Mar 25 09:06:04 2021]
Error in rule sort_kaga_sam:
    jobid: 19
    output: ../introgression/bams/sorted/DRR002227.bam
    shell:
        
        java -jar /usr/picard/picard.jar SortSam             I=../introgression/sams/DRR002227_withRGs.sam             O=../introgression/bams/sorted/DRR002227.bam             SORT_ORDER=coordinate
        
        (one of the commands exited with non-zero exit code; note that snakemake uses bash strict mode!)
    cluster_jobid: Job <4819597> is submitted to default queue <research-rh74>.

Error executing rule sort_kaga_sam on cluster (jobid: 19, external: Job <4819597> is submitted to default queue <research-rh74>., jobscript: /hps/research1/birney/users/ian/mikk_paper/mikk_genome/.snakemake/tmp.mz15f8iu/snakejob.sort_kaga_sam.19.sh). For error details see the cluster log and the log files of the involved rule(s).
Job failed, going on with independent jobs.
Terminating processes on user request, this might take some time.
Will exit after finishing currently running jobs.
Complete log: /hps/research1/birney/users/ian/mikk_paper/mikk_genome/.snakemake/log/2021-03-25T082852.289672.snakemake.log
