Building DAG of jobs...
Using shell: /usr/local/bin/bash
Provided cluster nodes: 5000
Job counts:
	count	jobs
	1	all
	1	kaga_remove_missing
	1	make_samples_file_mikk_only
	1	make_samples_file_with_kaga
	24	split_geno_by_chr_with_kaga
	28
Select jobs to execute...

[Mon Mar 29 10:09:08 2021]
rule split_geno_by_chr_with_kaga:
    input: ../introgression/genos/full_vcf_with-kaga_bcftools.geno
    output: ../introgression/genos/split_by_chr_with-kaga/14.geno
    jobid: 125
    wildcards: chr=14


        Rscript --no-save --no-restore --no-environ --no-site-file code/scripts/introgression/20201021_split_geno_by_chr.R 14 ../introgression/genos/full_vcf_with-kaga_bcftools.geno ../introgression/genos/split_by_chr_with-kaga/14.geno
        
Submitted job 125 with external jobid 'Job <6342548> is submitted to default queue <research-rh74>.'.

[Mon Mar 29 10:09:24 2021]
rule make_samples_file_with_kaga:
    input: ../introgression/vcfs/full-run_line-ids_with-kaga.vcf.gz
    output: data/20201021_full-run_line-ids_with-kaga_samples.txt
    jobid: 132


        bcftools query -l ../introgression/vcfs/full-run_line-ids_with-kaga.vcf.gz > data/20201021_full-run_line-ids_with-kaga_samples.txt
        
Submitted job 132 with external jobid 'Job <6342608> is submitted to default queue <research-rh74>.'.

[Mon Mar 29 10:09:44 2021]
rule split_geno_by_chr_with_kaga:
    input: ../introgression/genos/full_vcf_with-kaga_bcftools.geno
    output: ../introgression/genos/split_by_chr_with-kaga/20.geno
    jobid: 111
    wildcards: chr=20


        Rscript --no-save --no-restore --no-environ --no-site-file code/scripts/introgression/20201021_split_geno_by_chr.R 20 ../introgression/genos/full_vcf_with-kaga_bcftools.geno ../introgression/genos/split_by_chr_with-kaga/20.geno
        
Submitted job 111 with external jobid 'Job <6342681> is submitted to default queue <research-rh74>.'.

[Mon Mar 29 10:10:08 2021]
rule split_geno_by_chr_with_kaga:
    input: ../introgression/genos/full_vcf_with-kaga_bcftools.geno
    output: ../introgression/genos/split_by_chr_with-kaga/7.geno
    jobid: 118
    wildcards: chr=7


        Rscript --no-save --no-restore --no-environ --no-site-file code/scripts/introgression/20201021_split_geno_by_chr.R 7 ../introgression/genos/full_vcf_with-kaga_bcftools.geno ../introgression/genos/split_by_chr_with-kaga/7.geno
        
Submitted job 118 with external jobid 'Job <6342750> is submitted to default queue <research-rh74>.'.

[Mon Mar 29 10:10:27 2021]
rule split_geno_by_chr_with_kaga:
    input: ../introgression/genos/full_vcf_with-kaga_bcftools.geno
    output: ../introgression/genos/split_by_chr_with-kaga/19.geno
    jobid: 112
    wildcards: chr=19


        Rscript --no-save --no-restore --no-environ --no-site-file code/scripts/introgression/20201021_split_geno_by_chr.R 19 ../introgression/genos/full_vcf_with-kaga_bcftools.geno ../introgression/genos/split_by_chr_with-kaga/19.geno
        
Submitted job 112 with external jobid 'Job <6342809> is submitted to default queue <research-rh74>.'.

[Mon Mar 29 10:10:44 2021]
rule split_geno_by_chr_with_kaga:
    input: ../introgression/genos/full_vcf_with-kaga_bcftools.geno
    output: ../introgression/genos/split_by_chr_with-kaga/6.geno
    jobid: 119
    wildcards: chr=6


        Rscript --no-save --no-restore --no-environ --no-site-file code/scripts/introgression/20201021_split_geno_by_chr.R 6 ../introgression/genos/full_vcf_with-kaga_bcftools.geno ../introgression/genos/split_by_chr_with-kaga/6.geno
        
Submitted job 119 with external jobid 'Job <6342852> is submitted to default queue <research-rh74>.'.

[Mon Mar 29 10:11:03 2021]
rule split_geno_by_chr_with_kaga:
    input: ../introgression/genos/full_vcf_with-kaga_bcftools.geno
    output: ../introgression/genos/split_by_chr_with-kaga/10.geno
    jobid: 126
    wildcards: chr=10


        Rscript --no-save --no-restore --no-environ --no-site-file code/scripts/introgression/20201021_split_geno_by_chr.R 10 ../introgression/genos/full_vcf_with-kaga_bcftools.geno ../introgression/genos/split_by_chr_with-kaga/10.geno
        
Submitted job 126 with external jobid 'Job <6342935> is submitted to default queue <research-rh74>.'.

[Mon Mar 29 10:11:18 2021]
rule make_samples_file_mikk_only:
    input: data/20201021_full-run_line-ids_samples.txt
    output: data/20201021_full-run_line-ids_mikk-only_samples.txt
    jobid: 133


        cat data/20201021_full-run_line-ids_samples.txt | grep -v "iCab\|KW\|Ho5" > data/20201021_full-run_line-ids_mikk-only_samples.txt
        
Submitted job 133 with external jobid 'Job <6343002> is submitted to default queue <research-rh74>.'.

[Mon Mar 29 10:11:36 2021]
rule split_geno_by_chr_with_kaga:
    input: ../introgression/genos/full_vcf_with-kaga_bcftools.geno
    output: ../introgression/genos/split_by_chr_with-kaga/18.geno
    jobid: 113
    wildcards: chr=18


        Rscript --no-save --no-restore --no-environ --no-site-file code/scripts/introgression/20201021_split_geno_by_chr.R 18 ../introgression/genos/full_vcf_with-kaga_bcftools.geno ../introgression/genos/split_by_chr_with-kaga/18.geno
        
Submitted job 113 with external jobid 'Job <6343039> is submitted to default queue <research-rh74>.'.

[Mon Mar 29 10:11:53 2021]
rule split_geno_by_chr_with_kaga:
    input: ../introgression/genos/full_vcf_with-kaga_bcftools.geno
    output: ../introgression/genos/split_by_chr_with-kaga/4.geno
    jobid: 127
    wildcards: chr=4


        Rscript --no-save --no-restore --no-environ --no-site-file code/scripts/introgression/20201021_split_geno_by_chr.R 4 ../introgression/genos/full_vcf_with-kaga_bcftools.geno ../introgression/genos/split_by_chr_with-kaga/4.geno
        
Submitted job 127 with external jobid 'Job <6343109> is submitted to default queue <research-rh74>.'.

[Mon Mar 29 10:12:11 2021]
rule split_geno_by_chr_with_kaga:
    input: ../introgression/genos/full_vcf_with-kaga_bcftools.geno
    output: ../introgression/genos/split_by_chr_with-kaga/13.geno
    jobid: 114
    wildcards: chr=13


        Rscript --no-save --no-restore --no-environ --no-site-file code/scripts/introgression/20201021_split_geno_by_chr.R 13 ../introgression/genos/full_vcf_with-kaga_bcftools.geno ../introgression/genos/split_by_chr_with-kaga/13.geno
        
Submitted job 114 with external jobid 'Job <6343168> is submitted to default queue <research-rh74>.'.

[Mon Mar 29 10:12:27 2021]
rule split_geno_by_chr_with_kaga:
    input: ../introgression/genos/full_vcf_with-kaga_bcftools.geno
    output: ../introgression/genos/split_by_chr_with-kaga/5.geno
    jobid: 120
    wildcards: chr=5


        Rscript --no-save --no-restore --no-environ --no-site-file code/scripts/introgression/20201021_split_geno_by_chr.R 5 ../introgression/genos/full_vcf_with-kaga_bcftools.geno ../introgression/genos/split_by_chr_with-kaga/5.geno
        
Submitted job 120 with external jobid 'Job <6343230> is submitted to default queue <research-rh74>.'.

[Mon Mar 29 10:12:45 2021]
rule split_geno_by_chr_with_kaga:
    input: ../introgression/genos/full_vcf_with-kaga_bcftools.geno
    output: ../introgression/genos/split_by_chr_with-kaga/11.geno
    jobid: 128
    wildcards: chr=11


        Rscript --no-save --no-restore --no-environ --no-site-file code/scripts/introgression/20201021_split_geno_by_chr.R 11 ../introgression/genos/full_vcf_with-kaga_bcftools.geno ../introgression/genos/split_by_chr_with-kaga/11.geno
        
Submitted job 128 with external jobid 'Job <6343265> is submitted to default queue <research-rh74>.'.

[Mon Mar 29 10:13:01 2021]
rule split_geno_by_chr_with_kaga:
    input: ../introgression/genos/full_vcf_with-kaga_bcftools.geno
    output: ../introgression/genos/split_by_chr_with-kaga/3.geno
    jobid: 115
    wildcards: chr=3


        Rscript --no-save --no-restore --no-environ --no-site-file code/scripts/introgression/20201021_split_geno_by_chr.R 3 ../introgression/genos/full_vcf_with-kaga_bcftools.geno ../introgression/genos/split_by_chr_with-kaga/3.geno
        
Submitted job 115 with external jobid 'Job <6343350> is submitted to default queue <research-rh74>.'.

[Mon Mar 29 10:13:17 2021]
rule split_geno_by_chr_with_kaga:
    input: ../introgression/genos/full_vcf_with-kaga_bcftools.geno
    output: ../introgression/genos/split_by_chr_with-kaga/16.geno
    jobid: 121
    wildcards: chr=16


        Rscript --no-save --no-restore --no-environ --no-site-file code/scripts/introgression/20201021_split_geno_by_chr.R 16 ../introgression/genos/full_vcf_with-kaga_bcftools.geno ../introgression/genos/split_by_chr_with-kaga/16.geno
        
Submitted job 121 with external jobid 'Job <6343438> is submitted to default queue <research-rh74>.'.

[Mon Mar 29 10:13:39 2021]
rule split_geno_by_chr_with_kaga:
    input: ../introgression/genos/full_vcf_with-kaga_bcftools.geno
    output: ../introgression/genos/split_by_chr_with-kaga/12.geno
    jobid: 129
    wildcards: chr=12


        Rscript --no-save --no-restore --no-environ --no-site-file code/scripts/introgression/20201021_split_geno_by_chr.R 12 ../introgression/genos/full_vcf_with-kaga_bcftools.geno ../introgression/genos/split_by_chr_with-kaga/12.geno
        
Submitted job 129 with external jobid 'Job <6343502> is submitted to default queue <research-rh74>.'.

[Mon Mar 29 10:14:03 2021]
rule kaga_remove_missing:
    input: ../introgression/vcfs/full-run_line-ids_with-kaga.vcf.gz
    output: ../introgression/vcfs/full-run_line-ids_with-kaga_no-missing.vcf.gz
    jobid: 135


        bcftools view             --genotype ^miss             --output-type z             --output-file ../introgression/vcfs/full-run_line-ids_with-kaga_no-missing.vcf.gz             ../introgression/vcfs/full-run_line-ids_with-kaga.vcf.gz
        
Submitted job 135 with external jobid 'Job <6343586> is submitted to default queue <research-rh74>.'.

[Mon Mar 29 10:14:22 2021]
rule split_geno_by_chr_with_kaga:
    input: ../introgression/genos/full_vcf_with-kaga_bcftools.geno
    output: ../introgression/genos/split_by_chr_with-kaga/1.geno
    jobid: 108
    wildcards: chr=1


        Rscript --no-save --no-restore --no-environ --no-site-file code/scripts/introgression/20201021_split_geno_by_chr.R 1 ../introgression/genos/full_vcf_with-kaga_bcftools.geno ../introgression/genos/split_by_chr_with-kaga/1.geno
        
Submitted job 108 with external jobid 'Job <6343674> is submitted to default queue <research-rh74>.'.

[Mon Mar 29 10:14:40 2021]
rule split_geno_by_chr_with_kaga:
    input: ../introgression/genos/full_vcf_with-kaga_bcftools.geno
    output: ../introgression/genos/split_by_chr_with-kaga/24.geno
    jobid: 116
    wildcards: chr=24


        Rscript --no-save --no-restore --no-environ --no-site-file code/scripts/introgression/20201021_split_geno_by_chr.R 24 ../introgression/genos/full_vcf_with-kaga_bcftools.geno ../introgression/genos/split_by_chr_with-kaga/24.geno
        
Submitted job 116 with external jobid 'Job <6343732> is submitted to default queue <research-rh74>.'.

[Mon Mar 29 10:14:57 2021]
rule split_geno_by_chr_with_kaga:
    input: ../introgression/genos/full_vcf_with-kaga_bcftools.geno
    output: ../introgression/genos/split_by_chr_with-kaga/22.geno
    jobid: 122
    wildcards: chr=22


        Rscript --no-save --no-restore --no-environ --no-site-file code/scripts/introgression/20201021_split_geno_by_chr.R 22 ../introgression/genos/full_vcf_with-kaga_bcftools.geno ../introgression/genos/split_by_chr_with-kaga/22.geno
        
Submitted job 122 with external jobid 'Job <6343818> is submitted to default queue <research-rh74>.'.

[Mon Mar 29 10:15:16 2021]
rule split_geno_by_chr_with_kaga:
    input: ../introgression/genos/full_vcf_with-kaga_bcftools.geno
    output: ../introgression/genos/split_by_chr_with-kaga/23.geno
    jobid: 130
    wildcards: chr=23


        Rscript --no-save --no-restore --no-environ --no-site-file code/scripts/introgression/20201021_split_geno_by_chr.R 23 ../introgression/genos/full_vcf_with-kaga_bcftools.geno ../introgression/genos/split_by_chr_with-kaga/23.geno
        
Submitted job 130 with external jobid 'Job <6343909> is submitted to default queue <research-rh74>.'.

[Mon Mar 29 10:15:36 2021]
rule split_geno_by_chr_with_kaga:
    input: ../introgression/genos/full_vcf_with-kaga_bcftools.geno
    output: ../introgression/genos/split_by_chr_with-kaga/17.geno
    jobid: 109
    wildcards: chr=17


        Rscript --no-save --no-restore --no-environ --no-site-file code/scripts/introgression/20201021_split_geno_by_chr.R 17 ../introgression/genos/full_vcf_with-kaga_bcftools.geno ../introgression/genos/split_by_chr_with-kaga/17.geno
        
[Mon Mar 29 10:15:40 2021]
Finished job 132.
1 of 28 steps (4%) done
Submitted job 109 with external jobid 'Job <6343947> is submitted to default queue <research-rh74>.'.

[Mon Mar 29 10:15:52 2021]
rule split_geno_by_chr_with_kaga:
    input: ../introgression/genos/full_vcf_with-kaga_bcftools.geno
    output: ../introgression/genos/split_by_chr_with-kaga/2.geno
    jobid: 117
    wildcards: chr=2


        Rscript --no-save --no-restore --no-environ --no-site-file code/scripts/introgression/20201021_split_geno_by_chr.R 2 ../introgression/genos/full_vcf_with-kaga_bcftools.geno ../introgression/genos/split_by_chr_with-kaga/2.geno
        
Submitted job 117 with external jobid 'Job <6343999> is submitted to default queue <research-rh74>.'.

[Mon Mar 29 10:16:09 2021]
rule split_geno_by_chr_with_kaga:
    input: ../introgression/genos/full_vcf_with-kaga_bcftools.geno
    output: ../introgression/genos/split_by_chr_with-kaga/9.geno
    jobid: 123
    wildcards: chr=9


        Rscript --no-save --no-restore --no-environ --no-site-file code/scripts/introgression/20201021_split_geno_by_chr.R 9 ../introgression/genos/full_vcf_with-kaga_bcftools.geno ../introgression/genos/split_by_chr_with-kaga/9.geno
        
Submitted job 123 with external jobid 'Job <6344059> is submitted to default queue <research-rh74>.'.

[Mon Mar 29 10:16:26 2021]
rule split_geno_by_chr_with_kaga:
    input: ../introgression/genos/full_vcf_with-kaga_bcftools.geno
    output: ../introgression/genos/split_by_chr_with-kaga/8.geno
    jobid: 131
    wildcards: chr=8


        Rscript --no-save --no-restore --no-environ --no-site-file code/scripts/introgression/20201021_split_geno_by_chr.R 8 ../introgression/genos/full_vcf_with-kaga_bcftools.geno ../introgression/genos/split_by_chr_with-kaga/8.geno
        
Submitted job 131 with external jobid 'Job <6344120> is submitted to default queue <research-rh74>.'.

[Mon Mar 29 10:16:44 2021]
rule split_geno_by_chr_with_kaga:
    input: ../introgression/genos/full_vcf_with-kaga_bcftools.geno
    output: ../introgression/genos/split_by_chr_with-kaga/21.geno
    jobid: 110
    wildcards: chr=21


        Rscript --no-save --no-restore --no-environ --no-site-file code/scripts/introgression/20201021_split_geno_by_chr.R 21 ../introgression/genos/full_vcf_with-kaga_bcftools.geno ../introgression/genos/split_by_chr_with-kaga/21.geno
        
Submitted job 110 with external jobid 'Job <6344163> is submitted to default queue <research-rh74>.'.

[Mon Mar 29 10:17:02 2021]
rule split_geno_by_chr_with_kaga:
    input: ../introgression/genos/full_vcf_with-kaga_bcftools.geno
    output: ../introgression/genos/split_by_chr_with-kaga/15.geno
    jobid: 124
    wildcards: chr=15


        Rscript --no-save --no-restore --no-environ --no-site-file code/scripts/introgression/20201021_split_geno_by_chr.R 15 ../introgression/genos/full_vcf_with-kaga_bcftools.geno ../introgression/genos/split_by_chr_with-kaga/15.geno
        
Submitted job 124 with external jobid 'Job <6344251> is submitted to default queue <research-rh74>.'.
[Mon Mar 29 10:17:25 2021]
Finished job 133.
2 of 28 steps (7%) done
Terminating processes on user request, this might take some time.
Will exit after finishing currently running jobs.
Complete log: /hps/research1/birney/users/ian/mikk_paper/mikk_genome/.snakemake/log/2021-03-29T095723.279778.snakemake.log
