Building DAG of jobs...
Using shell: /usr/local/bin/bash
Provided cluster nodes: 5000
Job counts:
	count	jobs
	1	all
	1	mark_kaga_duplicates
	2
Select jobs to execute...

[Wed Mar 24 07:36:42 2021]
rule mark_kaga_duplicates:
    input: ../introgression/bams/kaga_with_read_groups.bam
    output: ../introgression/bams/kaga_marked.bam
    jobid: 9955


        gatk --java-options "-Xmx50G" MarkDuplicatesSpark             -I ../introgression/bams/kaga_with_read_groups.bam             -O ../introgression/bams/kaga_marked.bam
        
Submitted job 9955 with external jobid 'Job <4463975> is submitted to default queue <research-rh74>.'.
[Wed Mar 24 07:38:01 2021]
Error in rule mark_kaga_duplicates:
    jobid: 9955
    output: ../introgression/bams/kaga_marked.bam
    shell:
        
        gatk --java-options "-Xmx50G" MarkDuplicatesSpark             -I ../introgression/bams/kaga_with_read_groups.bam             -O ../introgression/bams/kaga_marked.bam
        
        (one of the commands exited with non-zero exit code; note that snakemake uses bash strict mode!)
    cluster_jobid: Job <4463975> is submitted to default queue <research-rh74>.

Error executing rule mark_kaga_duplicates on cluster (jobid: 9955, external: Job <4463975> is submitted to default queue <research-rh74>., jobscript: /hps/research1/birney/users/ian/mikk_paper/mikk_genome/.snakemake/tmp.1eoyx86e/snakejob.mark_kaga_duplicates.9955.sh). For error details see the cluster log and the log files of the involved rule(s).
Job failed, going on with independent jobs.
Exiting because a job execution failed. Look above for error message
Complete log: /hps/research1/birney/users/ian/mikk_paper/mikk_genome/.snakemake/log/2021-03-24T073438.370628.snakemake.log
