Building DAG of jobs...
Using shell: /usr/local/bin/bash
Provided cluster nodes: 5000
Job counts:
	count	jobs
	1	all
	48	combine_emf_and_maf
	2	extract_allele_freqs
	48	split_by_chr
	99
Select jobs to execute...

[Mon Mar 15 11:17:53 2021]
rule extract_allele_freqs:
    input: ../introgression/vcfs/ill_no-sibs_no-missing_bi-snps_with-af_1.vcf.gz
    output: ../introgression/mafs/mikk_1.txt
    jobid: 9035
    wildcards: group=1


        bcftools query             --format '%CHROM	%POS	%REF	%ALT	%INFO/AF
'             --output-file ../introgression/mafs/mikk_1.txt             ../introgression/vcfs/ill_no-sibs_no-missing_bi-snps_with-af_1.vcf.gz
        
Submitted job 9035 with external jobid 'Job <2550771> is submitted to default queue <research-rh74>.'.

[Mon Mar 15 11:17:53 2021]
rule extract_allele_freqs:
    input: ../introgression/vcfs/ill_no-sibs_no-missing_bi-snps_with-af_2.vcf.gz
    output: ../introgression/mafs/mikk_2.txt
    jobid: 9036
    wildcards: group=2


        bcftools query             --format '%CHROM	%POS	%REF	%ALT	%INFO/AF
'             --output-file ../introgression/mafs/mikk_2.txt             ../introgression/vcfs/ill_no-sibs_no-missing_bi-snps_with-af_2.vcf.gz
        
Submitted job 9036 with external jobid 'Job <2550772> is submitted to default queue <research-rh74>.'.
[Mon Mar 15 11:19:33 2021]
Finished job 9036.
1 of 99 steps (1%) done
Select jobs to execute...

[Mon Mar 15 11:19:34 2021]
rule split_by_chr:
    input: ../introgression/mafs/mikk_2.txt
    output: ../introgression/mafs/split_by_chr_2/7.txt
    jobid: 9078
    wildcards: group=2, chr=7


        awk "\$1 == 7" ../introgression/mafs/mikk_2.txt |             awk -v OFS="	" '{print $1":"$2, $0}'             > ../introgression/mafs/split_by_chr_2/7.txt
        
Submitted job 9078 with external jobid 'Job <2550817> is submitted to default queue <research-rh74>.'.

[Mon Mar 15 11:19:34 2021]
rule split_by_chr:
    input: ../introgression/mafs/mikk_2.txt
    output: ../introgression/mafs/split_by_chr_2/23.txt
    jobid: 9071
    wildcards: group=2, chr=23


        awk "\$1 == 23" ../introgression/mafs/mikk_2.txt |             awk -v OFS="	" '{print $1":"$2, $0}'             > ../introgression/mafs/split_by_chr_2/23.txt
        
Submitted job 9071 with external jobid 'Job <2550818> is submitted to default queue <research-rh74>.'.

[Mon Mar 15 11:19:34 2021]
rule split_by_chr:
    input: ../introgression/mafs/mikk_2.txt
    output: ../introgression/mafs/split_by_chr_2/16.txt
    jobid: 9063
    wildcards: group=2, chr=16


        awk "\$1 == 16" ../introgression/mafs/mikk_2.txt |             awk -v OFS="	" '{print $1":"$2, $0}'             > ../introgression/mafs/split_by_chr_2/16.txt
        
Submitted job 9063 with external jobid 'Job <2550819> is submitted to default queue <research-rh74>.'.

[Mon Mar 15 11:19:34 2021]
rule split_by_chr:
    input: ../introgression/mafs/mikk_2.txt
    output: ../introgression/mafs/split_by_chr_2/5.txt
    jobid: 9064
    wildcards: group=2, chr=5


        awk "\$1 == 5" ../introgression/mafs/mikk_2.txt |             awk -v OFS="	" '{print $1":"$2, $0}'             > ../introgression/mafs/split_by_chr_2/5.txt
        
Submitted job 9064 with external jobid 'Job <2550821> is submitted to default queue <research-rh74>.'.

[Mon Mar 15 11:19:34 2021]
rule split_by_chr:
    input: ../introgression/mafs/mikk_2.txt
    output: ../introgression/mafs/split_by_chr_2/12.txt
    jobid: 9072
    wildcards: group=2, chr=12


        awk "\$1 == 12" ../introgression/mafs/mikk_2.txt |             awk -v OFS="	" '{print $1":"$2, $0}'             > ../introgression/mafs/split_by_chr_2/12.txt
        
Submitted job 9072 with external jobid 'Job <2550822> is submitted to default queue <research-rh74>.'.

[Mon Mar 15 11:19:35 2021]
rule split_by_chr:
    input: ../introgression/mafs/mikk_2.txt
    output: ../introgression/mafs/split_by_chr_2/24.txt
    jobid: 9079
    wildcards: group=2, chr=24


        awk "\$1 == 24" ../introgression/mafs/mikk_2.txt |             awk -v OFS="	" '{print $1":"$2, $0}'             > ../introgression/mafs/split_by_chr_2/24.txt
        
Submitted job 9079 with external jobid 'Job <2550823> is submitted to default queue <research-rh74>.'.

[Mon Mar 15 11:19:35 2021]
rule split_by_chr:
    input: ../introgression/mafs/mikk_2.txt
    output: ../introgression/mafs/split_by_chr_2/13.txt
    jobid: 9065
    wildcards: group=2, chr=13


        awk "\$1 == 13" ../introgression/mafs/mikk_2.txt |             awk -v OFS="	" '{print $1":"$2, $0}'             > ../introgression/mafs/split_by_chr_2/13.txt
        
Submitted job 9065 with external jobid 'Job <2550824> is submitted to default queue <research-rh74>.'.

[Mon Mar 15 11:19:35 2021]
rule split_by_chr:
    input: ../introgression/mafs/mikk_2.txt
    output: ../introgression/mafs/split_by_chr_2/20.txt
    jobid: 9073
    wildcards: group=2, chr=20


        awk "\$1 == 20" ../introgression/mafs/mikk_2.txt |             awk -v OFS="	" '{print $1":"$2, $0}'             > ../introgression/mafs/split_by_chr_2/20.txt
        
Submitted job 9073 with external jobid 'Job <2550825> is submitted to default queue <research-rh74>.'.

[Mon Mar 15 11:19:35 2021]
rule split_by_chr:
    input: ../introgression/mafs/mikk_2.txt
    output: ../introgression/mafs/split_by_chr_2/21.txt
    jobid: 9080
    wildcards: group=2, chr=21


        awk "\$1 == 21" ../introgression/mafs/mikk_2.txt |             awk -v OFS="	" '{print $1":"$2, $0}'             > ../introgression/mafs/split_by_chr_2/21.txt
        
Submitted job 9080 with external jobid 'Job <2550826> is submitted to default queue <research-rh74>.'.

[Mon Mar 15 11:19:36 2021]
rule split_by_chr:
    input: ../introgression/mafs/mikk_2.txt
    output: ../introgression/mafs/split_by_chr_2/3.txt
    jobid: 9066
    wildcards: group=2, chr=3


        awk "\$1 == 3" ../introgression/mafs/mikk_2.txt |             awk -v OFS="	" '{print $1":"$2, $0}'             > ../introgression/mafs/split_by_chr_2/3.txt
        
Submitted job 9066 with external jobid 'Job <2550827> is submitted to default queue <research-rh74>.'.

[Mon Mar 15 11:19:36 2021]
rule split_by_chr:
    input: ../introgression/mafs/mikk_2.txt
    output: ../introgression/mafs/split_by_chr_2/19.txt
    jobid: 9074
    wildcards: group=2, chr=19


        awk "\$1 == 19" ../introgression/mafs/mikk_2.txt |             awk -v OFS="	" '{print $1":"$2, $0}'             > ../introgression/mafs/split_by_chr_2/19.txt
        
Submitted job 9074 with external jobid 'Job <2550828> is submitted to default queue <research-rh74>.'.

[Mon Mar 15 11:19:36 2021]
rule split_by_chr:
    input: ../introgression/mafs/mikk_2.txt
    output: ../introgression/mafs/split_by_chr_2/14.txt
    jobid: 9081
    wildcards: group=2, chr=14


        awk "\$1 == 14" ../introgression/mafs/mikk_2.txt |             awk -v OFS="	" '{print $1":"$2, $0}'             > ../introgression/mafs/split_by_chr_2/14.txt
        
Submitted job 9081 with external jobid 'Job <2550829> is submitted to default queue <research-rh74>.'.

[Mon Mar 15 11:19:36 2021]
rule split_by_chr:
    input: ../introgression/mafs/mikk_2.txt
    output: ../introgression/mafs/split_by_chr_2/17.txt
    jobid: 9067
    wildcards: group=2, chr=17


        awk "\$1 == 17" ../introgression/mafs/mikk_2.txt |             awk -v OFS="	" '{print $1":"$2, $0}'             > ../introgression/mafs/split_by_chr_2/17.txt
        
Submitted job 9067 with external jobid 'Job <2550830> is submitted to default queue <research-rh74>.'.

[Mon Mar 15 11:19:36 2021]
rule split_by_chr:
    input: ../introgression/mafs/mikk_2.txt
    output: ../introgression/mafs/split_by_chr_2/4.txt
    jobid: 9075
    wildcards: group=2, chr=4


        awk "\$1 == 4" ../introgression/mafs/mikk_2.txt |             awk -v OFS="	" '{print $1":"$2, $0}'             > ../introgression/mafs/split_by_chr_2/4.txt
        
Submitted job 9075 with external jobid 'Job <2550831> is submitted to default queue <research-rh74>.'.

[Mon Mar 15 11:19:36 2021]
rule split_by_chr:
    input: ../introgression/mafs/mikk_2.txt
    output: ../introgression/mafs/split_by_chr_2/11.txt
    jobid: 9082
    wildcards: group=2, chr=11


        awk "\$1 == 11" ../introgression/mafs/mikk_2.txt |             awk -v OFS="	" '{print $1":"$2, $0}'             > ../introgression/mafs/split_by_chr_2/11.txt
        
Submitted job 9082 with external jobid 'Job <2550832> is submitted to default queue <research-rh74>.'.

[Mon Mar 15 11:19:37 2021]
rule split_by_chr:
    input: ../introgression/mafs/mikk_2.txt
    output: ../introgression/mafs/split_by_chr_2/8.txt
    jobid: 9061
    wildcards: group=2, chr=8


        awk "\$1 == 8" ../introgression/mafs/mikk_2.txt |             awk -v OFS="	" '{print $1":"$2, $0}'             > ../introgression/mafs/split_by_chr_2/8.txt
        
Submitted job 9061 with external jobid 'Job <2550833> is submitted to default queue <research-rh74>.'.

[Mon Mar 15 11:19:37 2021]
rule split_by_chr:
    input: ../introgression/mafs/mikk_2.txt
    output: ../introgression/mafs/split_by_chr_2/6.txt
    jobid: 9068
    wildcards: group=2, chr=6


        awk "\$1 == 6" ../introgression/mafs/mikk_2.txt |             awk -v OFS="	" '{print $1":"$2, $0}'             > ../introgression/mafs/split_by_chr_2/6.txt
        
Submitted job 9068 with external jobid 'Job <2550834> is submitted to default queue <research-rh74>.'.

[Mon Mar 15 11:19:37 2021]
rule split_by_chr:
    input: ../introgression/mafs/mikk_2.txt
    output: ../introgression/mafs/split_by_chr_2/10.txt
    jobid: 9076
    wildcards: group=2, chr=10


        awk "\$1 == 10" ../introgression/mafs/mikk_2.txt |             awk -v OFS="	" '{print $1":"$2, $0}'             > ../introgression/mafs/split_by_chr_2/10.txt
        
Submitted job 9076 with external jobid 'Job <2550835> is submitted to default queue <research-rh74>.'.

[Mon Mar 15 11:19:37 2021]
rule split_by_chr:
    input: ../introgression/mafs/mikk_2.txt
    output: ../introgression/mafs/split_by_chr_2/9.txt
    jobid: 9083
    wildcards: group=2, chr=9


        awk "\$1 == 9" ../introgression/mafs/mikk_2.txt |             awk -v OFS="	" '{print $1":"$2, $0}'             > ../introgression/mafs/split_by_chr_2/9.txt
        
Submitted job 9083 with external jobid 'Job <2550836> is submitted to default queue <research-rh74>.'.

[Mon Mar 15 11:19:37 2021]
rule split_by_chr:
    input: ../introgression/mafs/mikk_2.txt
    output: ../introgression/mafs/split_by_chr_2/22.txt
    jobid: 9062
    wildcards: group=2, chr=22


        awk "\$1 == 22" ../introgression/mafs/mikk_2.txt |             awk -v OFS="	" '{print $1":"$2, $0}'             > ../introgression/mafs/split_by_chr_2/22.txt
        
Submitted job 9062 with external jobid 'Job <2550837> is submitted to default queue <research-rh74>.'.

[Mon Mar 15 11:19:38 2021]
rule split_by_chr:
    input: ../introgression/mafs/mikk_2.txt
    output: ../introgression/mafs/split_by_chr_2/15.txt
    jobid: 9069
    wildcards: group=2, chr=15


        awk "\$1 == 15" ../introgression/mafs/mikk_2.txt |             awk -v OFS="	" '{print $1":"$2, $0}'             > ../introgression/mafs/split_by_chr_2/15.txt
        
Submitted job 9069 with external jobid 'Job <2550838> is submitted to default queue <research-rh74>.'.

[Mon Mar 15 11:19:38 2021]
rule split_by_chr:
    input: ../introgression/mafs/mikk_2.txt
    output: ../introgression/mafs/split_by_chr_2/2.txt
    jobid: 9077
    wildcards: group=2, chr=2


        awk "\$1 == 2" ../introgression/mafs/mikk_2.txt |             awk -v OFS="	" '{print $1":"$2, $0}'             > ../introgression/mafs/split_by_chr_2/2.txt
        
Submitted job 9077 with external jobid 'Job <2550839> is submitted to default queue <research-rh74>.'.

[Mon Mar 15 11:19:38 2021]
rule split_by_chr:
    input: ../introgression/mafs/mikk_2.txt
    output: ../introgression/mafs/split_by_chr_2/18.txt
    jobid: 9084
    wildcards: group=2, chr=18


        awk "\$1 == 18" ../introgression/mafs/mikk_2.txt |             awk -v OFS="	" '{print $1":"$2, $0}'             > ../introgression/mafs/split_by_chr_2/18.txt
        
Submitted job 9084 with external jobid 'Job <2550840> is submitted to default queue <research-rh74>.'.

[Mon Mar 15 11:19:38 2021]
rule split_by_chr:
    input: ../introgression/mafs/mikk_2.txt
    output: ../introgression/mafs/split_by_chr_2/1.txt
    jobid: 9070
    wildcards: group=2, chr=1


        awk "\$1 == 1" ../introgression/mafs/mikk_2.txt |             awk -v OFS="	" '{print $1":"$2, $0}'             > ../introgression/mafs/split_by_chr_2/1.txt
        
Submitted job 9070 with external jobid 'Job <2550841> is submitted to default queue <research-rh74>.'.
[Mon Mar 15 11:19:45 2021]
Finished job 9062.
2 of 99 steps (2%) done
Select jobs to execute...
[Mon Mar 15 11:19:45 2021]
Finished job 9069.
3 of 99 steps (3%) done
[Mon Mar 15 11:19:46 2021]
Finished job 9077.
4 of 99 steps (4%) done

[Mon Mar 15 11:19:46 2021]
rule combine_emf_and_maf:
    input: ../introgression/release-102/final/22.txt, ../introgression/mafs/split_by_chr_2/22.txt
    output: ../introgression/freq_tables/mikk_2/22.txt
    jobid: 9110
    wildcards: group=2, chr=22

Submitted job 9110 with external jobid 'Job <2550844> is submitted to default queue <research-rh74>.'.
Select jobs to execute...

[Mon Mar 15 11:19:47 2021]
rule combine_emf_and_maf:
    input: ../introgression/release-102/final/15.txt, ../introgression/mafs/split_by_chr_2/15.txt
    output: ../introgression/freq_tables/mikk_2/15.txt
    jobid: 9117
    wildcards: group=2, chr=15

Submitted job 9117 with external jobid 'Job <2550845> is submitted to default queue <research-rh74>.'.

[Mon Mar 15 11:19:47 2021]
rule combine_emf_and_maf:
    input: ../introgression/release-102/final/2.txt, ../introgression/mafs/split_by_chr_2/2.txt
    output: ../introgression/freq_tables/mikk_2/2.txt
    jobid: 9125
    wildcards: group=2, chr=2

Submitted job 9125 with external jobid 'Job <2550846> is submitted to default queue <research-rh74>.'.
[Mon Mar 15 11:19:56 2021]
Finished job 9035.
5 of 99 steps (5%) done
Select jobs to execute...
[Mon Mar 15 11:19:56 2021]
Finished job 9078.
6 of 99 steps (6%) done
[Mon Mar 15 11:19:56 2021]
Finished job 9071.
7 of 99 steps (7%) done
[Mon Mar 15 11:19:56 2021]
Finished job 9063.
8 of 99 steps (8%) done
[Mon Mar 15 11:19:56 2021]
Finished job 9064.
9 of 99 steps (9%) done
[Mon Mar 15 11:19:56 2021]
Finished job 9072.
10 of 99 steps (10%) done

[Mon Mar 15 11:19:56 2021]
rule split_by_chr:
    input: ../introgression/mafs/mikk_1.txt
    output: ../introgression/mafs/split_by_chr_1/13.txt
    jobid: 9041
    wildcards: group=1, chr=13


        awk "\$1 == 13" ../introgression/mafs/mikk_1.txt |             awk -v OFS="	" '{print $1":"$2, $0}'             > ../introgression/mafs/split_by_chr_1/13.txt
        
[Mon Mar 15 11:19:57 2021]
Finished job 9079.
11 of 99 steps (11%) done
Submitted job 9041 with external jobid 'Job <2550849> is submitted to default queue <research-rh74>.'.
[Mon Mar 15 11:19:57 2021]
Finished job 9065.
12 of 99 steps (12%) done

[Mon Mar 15 11:19:57 2021]
rule split_by_chr:
    input: ../introgression/mafs/mikk_1.txt
    output: ../introgression/mafs/split_by_chr_1/21.txt
    jobid: 9056
    wildcards: group=1, chr=21


        awk "\$1 == 21" ../introgression/mafs/mikk_1.txt |             awk -v OFS="	" '{print $1":"$2, $0}'             > ../introgression/mafs/split_by_chr_1/21.txt
        
Submitted job 9056 with external jobid 'Job <2550850> is submitted to default queue <research-rh74>.'.
[Mon Mar 15 11:19:57 2021]
Finished job 9073.
13 of 99 steps (13%) done

[Mon Mar 15 11:19:57 2021]
rule split_by_chr:
    input: ../introgression/mafs/mikk_1.txt
    output: ../introgression/mafs/split_by_chr_1/12.txt
    jobid: 9048
    wildcards: group=1, chr=12


        awk "\$1 == 12" ../introgression/mafs/mikk_1.txt |             awk -v OFS="	" '{print $1":"$2, $0}'             > ../introgression/mafs/split_by_chr_1/12.txt
        
[Mon Mar 15 11:19:57 2021]
Finished job 9080.
14 of 99 steps (14%) done
Submitted job 9048 with external jobid 'Job <2550851> is submitted to default queue <research-rh74>.'.
[Mon Mar 15 11:19:57 2021]
Finished job 9066.
15 of 99 steps (15%) done

[Mon Mar 15 11:19:57 2021]
rule split_by_chr:
    input: ../introgression/mafs/mikk_1.txt
    output: ../introgression/mafs/split_by_chr_1/3.txt
    jobid: 9042
    wildcards: group=1, chr=3


        awk "\$1 == 3" ../introgression/mafs/mikk_1.txt |             awk -v OFS="	" '{print $1":"$2, $0}'             > ../introgression/mafs/split_by_chr_1/3.txt
        
[Mon Mar 15 11:19:57 2021]
Finished job 9074.
16 of 99 steps (16%) done
Submitted job 9042 with external jobid 'Job <2550852> is submitted to default queue <research-rh74>.'.
[Mon Mar 15 11:19:57 2021]
Finished job 9081.
17 of 99 steps (17%) done

[Mon Mar 15 11:19:58 2021]
rule split_by_chr:
    input: ../introgression/mafs/mikk_1.txt
    output: ../introgression/mafs/split_by_chr_1/20.txt
    jobid: 9049
    wildcards: group=1, chr=20


        awk "\$1 == 20" ../introgression/mafs/mikk_1.txt |             awk -v OFS="	" '{print $1":"$2, $0}'             > ../introgression/mafs/split_by_chr_1/20.txt
        
[Mon Mar 15 11:19:58 2021]
Finished job 9067.
18 of 99 steps (18%) done
Submitted job 9049 with external jobid 'Job <2550853> is submitted to default queue <research-rh74>.'.
[Mon Mar 15 11:19:58 2021]
Finished job 9075.
19 of 99 steps (19%) done

[Mon Mar 15 11:19:58 2021]
rule split_by_chr:
    input: ../introgression/mafs/mikk_1.txt
    output: ../introgression/mafs/split_by_chr_1/14.txt
    jobid: 9057
    wildcards: group=1, chr=14


        awk "\$1 == 14" ../introgression/mafs/mikk_1.txt |             awk -v OFS="	" '{print $1":"$2, $0}'             > ../introgression/mafs/split_by_chr_1/14.txt
        
Submitted job 9057 with external jobid 'Job <2550854> is submitted to default queue <research-rh74>.'.
[Mon Mar 15 11:19:58 2021]
Finished job 9082.
20 of 99 steps (20%) done

[Mon Mar 15 11:19:58 2021]
rule split_by_chr:
    input: ../introgression/mafs/mikk_1.txt
    output: ../introgression/mafs/split_by_chr_1/17.txt
    jobid: 9043
    wildcards: group=1, chr=17


        awk "\$1 == 17" ../introgression/mafs/mikk_1.txt |             awk -v OFS="	" '{print $1":"$2, $0}'             > ../introgression/mafs/split_by_chr_1/17.txt
        
[Mon Mar 15 11:19:58 2021]
Finished job 9061.
21 of 99 steps (21%) done
[Mon Mar 15 11:19:58 2021]
Finished job 9068.
22 of 99 steps (22%) done
Submitted job 9043 with external jobid 'Job <2550855> is submitted to default queue <research-rh74>.'.

[Mon Mar 15 11:19:58 2021]
rule split_by_chr:
    input: ../introgression/mafs/mikk_1.txt
    output: ../introgression/mafs/split_by_chr_1/19.txt
    jobid: 9050
    wildcards: group=1, chr=19


        awk "\$1 == 19" ../introgression/mafs/mikk_1.txt |             awk -v OFS="	" '{print $1":"$2, $0}'             > ../introgression/mafs/split_by_chr_1/19.txt
        
[Mon Mar 15 11:19:58 2021]
Finished job 9076.
23 of 99 steps (23%) done
Submitted job 9050 with external jobid 'Job <2550856> is submitted to default queue <research-rh74>.'.
[Mon Mar 15 11:19:58 2021]
Finished job 9083.
24 of 99 steps (24%) done
[Mon Mar 15 11:19:58 2021]
Finished job 9084.
25 of 99 steps (25%) done

[Mon Mar 15 11:19:59 2021]
rule split_by_chr:
    input: ../introgression/mafs/mikk_1.txt
    output: ../introgression/mafs/split_by_chr_1/11.txt
    jobid: 9058
    wildcards: group=1, chr=11


        awk "\$1 == 11" ../introgression/mafs/mikk_1.txt |             awk -v OFS="	" '{print $1":"$2, $0}'             > ../introgression/mafs/split_by_chr_1/11.txt
        
Submitted job 9058 with external jobid 'Job <2550857> is submitted to default queue <research-rh74>.'.
[Mon Mar 15 11:19:59 2021]
Finished job 9070.
26 of 99 steps (26%) done
[Mon Mar 15 11:19:59 2021]
Error in rule combine_emf_and_maf:
    jobid: 9110
    output: ../introgression/freq_tables/mikk_2/22.txt
    cluster_jobid: Job <2550844> is submitted to default queue <research-rh74>.

Error executing rule combine_emf_and_maf on cluster (jobid: 9110, external: Job <2550844> is submitted to default queue <research-rh74>., jobscript: /hps/research1/birney/users/ian/mikk_paper/mikk_genome/.snakemake/tmp.ig3ulinq/snakejob.combine_emf_and_maf.9110.sh). For error details see the cluster log and the log files of the involved rule(s).
Job failed, going on with independent jobs.
[Mon Mar 15 11:19:59 2021]
Error in rule combine_emf_and_maf:
    jobid: 9117
    output: ../introgression/freq_tables/mikk_2/15.txt
    cluster_jobid: Job <2550845> is submitted to default queue <research-rh74>.

Error executing rule combine_emf_and_maf on cluster (jobid: 9117, external: Job <2550845> is submitted to default queue <research-rh74>., jobscript: /hps/research1/birney/users/ian/mikk_paper/mikk_genome/.snakemake/tmp.ig3ulinq/snakejob.combine_emf_and_maf.9117.sh). For error details see the cluster log and the log files of the involved rule(s).

[Mon Mar 15 11:19:59 2021]
rule split_by_chr:
    input: ../introgression/mafs/mikk_1.txt
    output: ../introgression/mafs/split_by_chr_1/6.txt
    jobid: 9044
    wildcards: group=1, chr=6


        awk "\$1 == 6" ../introgression/mafs/mikk_1.txt |             awk -v OFS="	" '{print $1":"$2, $0}'             > ../introgression/mafs/split_by_chr_1/6.txt
        
Job failed, going on with independent jobs.
Submitted job 9044 with external jobid 'Job <2550858> is submitted to default queue <research-rh74>.'.
[Mon Mar 15 11:19:59 2021]
Error in rule combine_emf_and_maf:
    jobid: 9125
    output: ../introgression/freq_tables/mikk_2/2.txt
    cluster_jobid: Job <2550846> is submitted to default queue <research-rh74>.

Error executing rule combine_emf_and_maf on cluster (jobid: 9125, external: Job <2550846> is submitted to default queue <research-rh74>., jobscript: /hps/research1/birney/users/ian/mikk_paper/mikk_genome/.snakemake/tmp.ig3ulinq/snakejob.combine_emf_and_maf.9125.sh). For error details see the cluster log and the log files of the involved rule(s).
Job failed, going on with independent jobs.

[Mon Mar 15 11:19:59 2021]
rule split_by_chr:
    input: ../introgression/mafs/mikk_1.txt
    output: ../introgression/mafs/split_by_chr_1/4.txt
    jobid: 9051
    wildcards: group=1, chr=4


        awk "\$1 == 4" ../introgression/mafs/mikk_1.txt |             awk -v OFS="	" '{print $1":"$2, $0}'             > ../introgression/mafs/split_by_chr_1/4.txt
        
Submitted job 9051 with external jobid 'Job <2550859> is submitted to default queue <research-rh74>.'.

[Mon Mar 15 11:19:59 2021]
rule split_by_chr:
    input: ../introgression/mafs/mikk_1.txt
    output: ../introgression/mafs/split_by_chr_1/9.txt
    jobid: 9059
    wildcards: group=1, chr=9


        awk "\$1 == 9" ../introgression/mafs/mikk_1.txt |             awk -v OFS="	" '{print $1":"$2, $0}'             > ../introgression/mafs/split_by_chr_1/9.txt
        
Submitted job 9059 with external jobid 'Job <2550860> is submitted to default queue <research-rh74>.'.

[Mon Mar 15 11:19:59 2021]
rule split_by_chr:
    input: ../introgression/mafs/mikk_1.txt
    output: ../introgression/mafs/split_by_chr_1/8.txt
    jobid: 9037
    wildcards: group=1, chr=8


        awk "\$1 == 8" ../introgression/mafs/mikk_1.txt |             awk -v OFS="	" '{print $1":"$2, $0}'             > ../introgression/mafs/split_by_chr_1/8.txt
        
Submitted job 9037 with external jobid 'Job <2550861> is submitted to default queue <research-rh74>.'.

[Mon Mar 15 11:20:00 2021]
rule split_by_chr:
    input: ../introgression/mafs/mikk_1.txt
    output: ../introgression/mafs/split_by_chr_1/15.txt
    jobid: 9045
    wildcards: group=1, chr=15


        awk "\$1 == 15" ../introgression/mafs/mikk_1.txt |             awk -v OFS="	" '{print $1":"$2, $0}'             > ../introgression/mafs/split_by_chr_1/15.txt
        
Submitted job 9045 with external jobid 'Job <2550862> is submitted to default queue <research-rh74>.'.

[Mon Mar 15 11:20:00 2021]
rule split_by_chr:
    input: ../introgression/mafs/mikk_1.txt
    output: ../introgression/mafs/split_by_chr_1/10.txt
    jobid: 9052
    wildcards: group=1, chr=10


        awk "\$1 == 10" ../introgression/mafs/mikk_1.txt |             awk -v OFS="	" '{print $1":"$2, $0}'             > ../introgression/mafs/split_by_chr_1/10.txt
        
Submitted job 9052 with external jobid 'Job <2550863> is submitted to default queue <research-rh74>.'.

[Mon Mar 15 11:20:00 2021]
rule split_by_chr:
    input: ../introgression/mafs/mikk_1.txt
    output: ../introgression/mafs/split_by_chr_1/18.txt
    jobid: 9060
    wildcards: group=1, chr=18


        awk "\$1 == 18" ../introgression/mafs/mikk_1.txt |             awk -v OFS="	" '{print $1":"$2, $0}'             > ../introgression/mafs/split_by_chr_1/18.txt
        
Submitted job 9060 with external jobid 'Job <2550864> is submitted to default queue <research-rh74>.'.

[Mon Mar 15 11:20:00 2021]
rule split_by_chr:
    input: ../introgression/mafs/mikk_1.txt
    output: ../introgression/mafs/split_by_chr_1/22.txt
    jobid: 9038
    wildcards: group=1, chr=22


        awk "\$1 == 22" ../introgression/mafs/mikk_1.txt |             awk -v OFS="	" '{print $1":"$2, $0}'             > ../introgression/mafs/split_by_chr_1/22.txt
        
Submitted job 9038 with external jobid 'Job <2550865> is submitted to default queue <research-rh74>.'.

[Mon Mar 15 11:20:00 2021]
rule split_by_chr:
    input: ../introgression/mafs/mikk_1.txt
    output: ../introgression/mafs/split_by_chr_1/1.txt
    jobid: 9046
    wildcards: group=1, chr=1


        awk "\$1 == 1" ../introgression/mafs/mikk_1.txt |             awk -v OFS="	" '{print $1":"$2, $0}'             > ../introgression/mafs/split_by_chr_1/1.txt
        
Submitted job 9046 with external jobid 'Job <2550866> is submitted to default queue <research-rh74>.'.

[Mon Mar 15 11:20:01 2021]
rule split_by_chr:
    input: ../introgression/mafs/mikk_1.txt
    output: ../introgression/mafs/split_by_chr_1/2.txt
    jobid: 9053
    wildcards: group=1, chr=2


        awk "\$1 == 2" ../introgression/mafs/mikk_1.txt |             awk -v OFS="	" '{print $1":"$2, $0}'             > ../introgression/mafs/split_by_chr_1/2.txt
        
Submitted job 9053 with external jobid 'Job <2550867> is submitted to default queue <research-rh74>.'.

[Mon Mar 15 11:20:01 2021]
rule split_by_chr:
    input: ../introgression/mafs/mikk_1.txt
    output: ../introgression/mafs/split_by_chr_1/16.txt
    jobid: 9039
    wildcards: group=1, chr=16


        awk "\$1 == 16" ../introgression/mafs/mikk_1.txt |             awk -v OFS="	" '{print $1":"$2, $0}'             > ../introgression/mafs/split_by_chr_1/16.txt
        
Submitted job 9039 with external jobid 'Job <2550868> is submitted to default queue <research-rh74>.'.

[Mon Mar 15 11:20:01 2021]
rule split_by_chr:
    input: ../introgression/mafs/mikk_1.txt
    output: ../introgression/mafs/split_by_chr_1/23.txt
    jobid: 9047
    wildcards: group=1, chr=23


        awk "\$1 == 23" ../introgression/mafs/mikk_1.txt |             awk -v OFS="	" '{print $1":"$2, $0}'             > ../introgression/mafs/split_by_chr_1/23.txt
        
Submitted job 9047 with external jobid 'Job <2550869> is submitted to default queue <research-rh74>.'.

[Mon Mar 15 11:20:01 2021]
rule split_by_chr:
    input: ../introgression/mafs/mikk_1.txt
    output: ../introgression/mafs/split_by_chr_1/7.txt
    jobid: 9054
    wildcards: group=1, chr=7


        awk "\$1 == 7" ../introgression/mafs/mikk_1.txt |             awk -v OFS="	" '{print $1":"$2, $0}'             > ../introgression/mafs/split_by_chr_1/7.txt
        
Submitted job 9054 with external jobid 'Job <2550872> is submitted to default queue <research-rh74>.'.

[Mon Mar 15 11:20:01 2021]
rule split_by_chr:
    input: ../introgression/mafs/mikk_1.txt
    output: ../introgression/mafs/split_by_chr_1/5.txt
    jobid: 9040
    wildcards: group=1, chr=5


        awk "\$1 == 5" ../introgression/mafs/mikk_1.txt |             awk -v OFS="	" '{print $1":"$2, $0}'             > ../introgression/mafs/split_by_chr_1/5.txt
        
Submitted job 9040 with external jobid 'Job <2550873> is submitted to default queue <research-rh74>.'.

[Mon Mar 15 11:20:01 2021]
rule split_by_chr:
    input: ../introgression/mafs/mikk_1.txt
    output: ../introgression/mafs/split_by_chr_1/24.txt
    jobid: 9055
    wildcards: group=1, chr=24


        awk "\$1 == 24" ../introgression/mafs/mikk_1.txt |             awk -v OFS="	" '{print $1":"$2, $0}'             > ../introgression/mafs/split_by_chr_1/24.txt
        
Submitted job 9055 with external jobid 'Job <2550874> is submitted to default queue <research-rh74>.'.
Select jobs to execute...

[Mon Mar 15 11:20:02 2021]
rule combine_emf_and_maf:
    input: ../introgression/release-102/final/9.txt, ../introgression/mafs/split_by_chr_2/9.txt
    output: ../introgression/freq_tables/mikk_2/9.txt
    jobid: 9131
    wildcards: group=2, chr=9

Submitted job 9131 with external jobid 'Job <2550875> is submitted to default queue <research-rh74>.'.

[Mon Mar 15 11:20:02 2021]
rule combine_emf_and_maf:
    input: ../introgression/release-102/final/6.txt, ../introgression/mafs/split_by_chr_2/6.txt
    output: ../introgression/freq_tables/mikk_2/6.txt
    jobid: 9116
    wildcards: group=2, chr=6

Submitted job 9116 with external jobid 'Job <2550876> is submitted to default queue <research-rh74>.'.

[Mon Mar 15 11:20:02 2021]
rule combine_emf_and_maf:
    input: ../introgression/release-102/final/4.txt, ../introgression/mafs/split_by_chr_2/4.txt
    output: ../introgression/freq_tables/mikk_2/4.txt
    jobid: 9123
    wildcards: group=2, chr=4

Submitted job 9123 with external jobid 'Job <2550878> is submitted to default queue <research-rh74>.'.

[Mon Mar 15 11:20:03 2021]
rule combine_emf_and_maf:
    input: ../introgression/release-102/final/10.txt, ../introgression/mafs/split_by_chr_2/10.txt
    output: ../introgression/freq_tables/mikk_2/10.txt
    jobid: 9124
    wildcards: group=2, chr=10

Submitted job 9124 with external jobid 'Job <2550879> is submitted to default queue <research-rh74>.'.

[Mon Mar 15 11:20:03 2021]
rule combine_emf_and_maf:
    input: ../introgression/release-102/final/8.txt, ../introgression/mafs/split_by_chr_2/8.txt
    output: ../introgression/freq_tables/mikk_2/8.txt
    jobid: 9109
    wildcards: group=2, chr=8

Submitted job 9109 with external jobid 'Job <2550885> is submitted to default queue <research-rh74>.'.

[Mon Mar 15 11:20:03 2021]
rule combine_emf_and_maf:
    input: ../introgression/release-102/final/18.txt, ../introgression/mafs/split_by_chr_2/18.txt
    output: ../introgression/freq_tables/mikk_2/18.txt
    jobid: 9132
    wildcards: group=2, chr=18

Submitted job 9132 with external jobid 'Job <2550886> is submitted to default queue <research-rh74>.'.

[Mon Mar 15 11:20:03 2021]
rule combine_emf_and_maf:
    input: ../introgression/release-102/final/1.txt, ../introgression/mafs/split_by_chr_2/1.txt
    output: ../introgression/freq_tables/mikk_2/1.txt
    jobid: 9118
    wildcards: group=2, chr=1

Submitted job 9118 with external jobid 'Job <2550887> is submitted to default queue <research-rh74>.'.

[Mon Mar 15 11:20:03 2021]
rule combine_emf_and_maf:
    input: ../introgression/release-102/final/7.txt, ../introgression/mafs/split_by_chr_2/7.txt
    output: ../introgression/freq_tables/mikk_2/7.txt
    jobid: 9126
    wildcards: group=2, chr=7

Submitted job 9126 with external jobid 'Job <2550888> is submitted to default queue <research-rh74>.'.

[Mon Mar 15 11:20:04 2021]
rule combine_emf_and_maf:
    input: ../introgression/release-102/final/23.txt, ../introgression/mafs/split_by_chr_2/23.txt
    output: ../introgression/freq_tables/mikk_2/23.txt
    jobid: 9119
    wildcards: group=2, chr=23

Submitted job 9119 with external jobid 'Job <2550889> is submitted to default queue <research-rh74>.'.

[Mon Mar 15 11:20:04 2021]
rule combine_emf_and_maf:
    input: ../introgression/release-102/final/16.txt, ../introgression/mafs/split_by_chr_2/16.txt
    output: ../introgression/freq_tables/mikk_2/16.txt
    jobid: 9111
    wildcards: group=2, chr=16

Submitted job 9111 with external jobid 'Job <2550890> is submitted to default queue <research-rh74>.'.

[Mon Mar 15 11:20:04 2021]
rule combine_emf_and_maf:
    input: ../introgression/release-102/final/5.txt, ../introgression/mafs/split_by_chr_2/5.txt
    output: ../introgression/freq_tables/mikk_2/5.txt
    jobid: 9112
    wildcards: group=2, chr=5

Submitted job 9112 with external jobid 'Job <2550892> is submitted to default queue <research-rh74>.'.

[Mon Mar 15 11:20:04 2021]
rule combine_emf_and_maf:
    input: ../introgression/release-102/final/12.txt, ../introgression/mafs/split_by_chr_2/12.txt
    output: ../introgression/freq_tables/mikk_2/12.txt
    jobid: 9120
    wildcards: group=2, chr=12

Submitted job 9120 with external jobid 'Job <2550893> is submitted to default queue <research-rh74>.'.

[Mon Mar 15 11:20:04 2021]
rule combine_emf_and_maf:
    input: ../introgression/release-102/final/24.txt, ../introgression/mafs/split_by_chr_2/24.txt
    output: ../introgression/freq_tables/mikk_2/24.txt
    jobid: 9127
    wildcards: group=2, chr=24

Submitted job 9127 with external jobid 'Job <2550894> is submitted to default queue <research-rh74>.'.

[Mon Mar 15 11:20:04 2021]
rule combine_emf_and_maf:
    input: ../introgression/release-102/final/13.txt, ../introgression/mafs/split_by_chr_2/13.txt
    output: ../introgression/freq_tables/mikk_2/13.txt
    jobid: 9113
    wildcards: group=2, chr=13

Submitted job 9113 with external jobid 'Job <2550896> is submitted to default queue <research-rh74>.'.

[Mon Mar 15 11:20:05 2021]
rule combine_emf_and_maf:
    input: ../introgression/release-102/final/20.txt, ../introgression/mafs/split_by_chr_2/20.txt
    output: ../introgression/freq_tables/mikk_2/20.txt
    jobid: 9121
    wildcards: group=2, chr=20

Submitted job 9121 with external jobid 'Job <2550897> is submitted to default queue <research-rh74>.'.

[Mon Mar 15 11:20:05 2021]
rule combine_emf_and_maf:
    input: ../introgression/release-102/final/21.txt, ../introgression/mafs/split_by_chr_2/21.txt
    output: ../introgression/freq_tables/mikk_2/21.txt
    jobid: 9128
    wildcards: group=2, chr=21

Submitted job 9128 with external jobid 'Job <2550898> is submitted to default queue <research-rh74>.'.

[Mon Mar 15 11:20:05 2021]
rule combine_emf_and_maf:
    input: ../introgression/release-102/final/3.txt, ../introgression/mafs/split_by_chr_2/3.txt
    output: ../introgression/freq_tables/mikk_2/3.txt
    jobid: 9114
    wildcards: group=2, chr=3

Submitted job 9114 with external jobid 'Job <2550899> is submitted to default queue <research-rh74>.'.

[Mon Mar 15 11:20:05 2021]
rule combine_emf_and_maf:
    input: ../introgression/release-102/final/19.txt, ../introgression/mafs/split_by_chr_2/19.txt
    output: ../introgression/freq_tables/mikk_2/19.txt
    jobid: 9122
    wildcards: group=2, chr=19

Submitted job 9122 with external jobid 'Job <2550901> is submitted to default queue <research-rh74>.'.

[Mon Mar 15 11:20:05 2021]
rule combine_emf_and_maf:
    input: ../introgression/release-102/final/14.txt, ../introgression/mafs/split_by_chr_2/14.txt
    output: ../introgression/freq_tables/mikk_2/14.txt
    jobid: 9129
    wildcards: group=2, chr=14

Submitted job 9129 with external jobid 'Job <2550903> is submitted to default queue <research-rh74>.'.

[Mon Mar 15 11:20:06 2021]
rule combine_emf_and_maf:
    input: ../introgression/release-102/final/17.txt, ../introgression/mafs/split_by_chr_2/17.txt
    output: ../introgression/freq_tables/mikk_2/17.txt
    jobid: 9115
    wildcards: group=2, chr=17

Submitted job 9115 with external jobid 'Job <2550904> is submitted to default queue <research-rh74>.'.

[Mon Mar 15 11:20:06 2021]
rule combine_emf_and_maf:
    input: ../introgression/release-102/final/11.txt, ../introgression/mafs/split_by_chr_2/11.txt
    output: ../introgression/freq_tables/mikk_2/11.txt
    jobid: 9130
    wildcards: group=2, chr=11

Submitted job 9130 with external jobid 'Job <2550905> is submitted to default queue <research-rh74>.'.
[Mon Mar 15 11:20:09 2021]
Finished job 9041.
27 of 99 steps (27%) done
Select jobs to execute...
[Mon Mar 15 11:20:09 2021]
Finished job 9056.
28 of 99 steps (28%) done
[Mon Mar 15 11:20:09 2021]
Finished job 9048.
29 of 99 steps (29%) done
[Mon Mar 15 11:20:10 2021]
Finished job 9042.
30 of 99 steps (30%) done

[Mon Mar 15 11:20:10 2021]
rule combine_emf_and_maf:
    input: ../introgression/release-102/final/13.txt, ../introgression/mafs/split_by_chr_1/13.txt
    output: ../introgression/freq_tables/mikk_1/13.txt
    jobid: 9089
    wildcards: group=1, chr=13

[Mon Mar 15 11:20:10 2021]
Finished job 9049.
31 of 99 steps (31%) done
Submitted job 9089 with external jobid 'Job <2550907> is submitted to default queue <research-rh74>.'.
[Mon Mar 15 11:20:10 2021]
Finished job 9057.
32 of 99 steps (32%) done
Select jobs to execute...
[Mon Mar 15 11:20:10 2021]
Finished job 9043.
33 of 99 steps (33%) done
[Mon Mar 15 11:20:11 2021]
Finished job 9050.
34 of 99 steps (34%) done

[Mon Mar 15 11:20:11 2021]
rule combine_emf_and_maf:
    input: ../introgression/release-102/final/3.txt, ../introgression/mafs/split_by_chr_1/3.txt
    output: ../introgression/freq_tables/mikk_1/3.txt
    jobid: 9090
    wildcards: group=1, chr=3

[Mon Mar 15 11:20:11 2021]
Finished job 9058.
35 of 99 steps (35%) done
Submitted job 9090 with external jobid 'Job <2550908> is submitted to default queue <research-rh74>.'.

[Mon Mar 15 11:20:11 2021]
rule combine_emf_and_maf:
    input: ../introgression/release-102/final/14.txt, ../introgression/mafs/split_by_chr_1/14.txt
    output: ../introgression/freq_tables/mikk_1/14.txt
    jobid: 9105
    wildcards: group=1, chr=14

[Mon Mar 15 11:20:11 2021]
Finished job 9044.
36 of 99 steps (36%) done
Submitted job 9105 with external jobid 'Job <2550909> is submitted to default queue <research-rh74>.'.

[Mon Mar 15 11:20:11 2021]
rule combine_emf_and_maf:
    input: ../introgression/release-102/final/20.txt, ../introgression/mafs/split_by_chr_1/20.txt
    output: ../introgression/freq_tables/mikk_1/20.txt
    jobid: 9097
    wildcards: group=1, chr=20

[Mon Mar 15 11:20:11 2021]
Finished job 9051.
37 of 99 steps (37%) done
[Mon Mar 15 11:20:11 2021]
Finished job 9059.
38 of 99 steps (38%) done
Submitted job 9097 with external jobid 'Job <2550911> is submitted to default queue <research-rh74>.'.

[Mon Mar 15 11:20:11 2021]
rule combine_emf_and_maf:
    input: ../introgression/release-102/final/21.txt, ../introgression/mafs/split_by_chr_1/21.txt
    output: ../introgression/freq_tables/mikk_1/21.txt
    jobid: 9104
    wildcards: group=1, chr=21

[Mon Mar 15 11:20:11 2021]
Finished job 9037.
39 of 99 steps (39%) done
[Mon Mar 15 11:20:11 2021]
Finished job 9045.
40 of 99 steps (40%) done
Submitted job 9104 with external jobid 'Job <2550913> is submitted to default queue <research-rh74>.'.

[Mon Mar 15 11:20:12 2021]
rule combine_emf_and_maf:
    input: ../introgression/release-102/final/12.txt, ../introgression/mafs/split_by_chr_1/12.txt
    output: ../introgression/freq_tables/mikk_1/12.txt
    jobid: 9096
    wildcards: group=1, chr=12
[Mon Mar 15 11:20:12 2021]

Finished job 9052.
41 of 99 steps (41%) done
Submitted job 9096 with external jobid 'Job <2550914> is submitted to default queue <research-rh74>.'.
[Mon Mar 15 11:20:12 2021]
Finished job 9060.
42 of 99 steps (42%) done
[Mon Mar 15 11:20:12 2021]
Finished job 9038.
43 of 99 steps (43%) done
Select jobs to execute...
[Mon Mar 15 11:20:12 2021]
Finished job 9046.
44 of 99 steps (44%) done
[Mon Mar 15 11:20:12 2021]
Finished job 9053.
45 of 99 steps (45%) done

[Mon Mar 15 11:20:12 2021]
rule combine_emf_and_maf:
    input: ../introgression/release-102/final/4.txt, ../introgression/mafs/split_by_chr_1/4.txt
    output: ../introgression/freq_tables/mikk_1/4.txt
    jobid: 9099
    wildcards: group=1, chr=4

Submitted job 9099 with external jobid 'Job <2550915> is submitted to default queue <research-rh74>.'.
[Mon Mar 15 11:20:13 2021]
Finished job 9039.
46 of 99 steps (46%) done

[Mon Mar 15 11:20:13 2021]
rule combine_emf_and_maf:
    input: ../introgression/release-102/final/6.txt, ../introgression/mafs/split_by_chr_1/6.txt
    output: ../introgression/freq_tables/mikk_1/6.txt
    jobid: 9092
    wildcards: group=1, chr=6

[Mon Mar 15 11:20:13 2021]
Finished job 9047.
47 of 99 steps (47%) done
Submitted job 9092 with external jobid 'Job <2550916> is submitted to default queue <research-rh74>.'.
[Mon Mar 15 11:20:13 2021]
Finished job 9054.
48 of 99 steps (48%) done

[Mon Mar 15 11:20:13 2021]
rule combine_emf_and_maf:
    input: ../introgression/release-102/final/22.txt, ../introgression/mafs/split_by_chr_1/22.txt
    output: ../introgression/freq_tables/mikk_1/22.txt
    jobid: 9086
    wildcards: group=1, chr=22

[Mon Mar 15 11:20:13 2021]
Finished job 9040.
49 of 99 steps (49%) done
Submitted job 9086 with external jobid 'Job <2550917> is submitted to default queue <research-rh74>.'.
[Mon Mar 15 11:20:13 2021]
Finished job 9055.
50 of 99 steps (51%) done
[Mon Mar 15 11:20:13 2021]
Error in rule combine_emf_and_maf:
    jobid: 9131
    output: ../introgression/freq_tables/mikk_2/9.txt
    cluster_jobid: Job <2550875> is submitted to default queue <research-rh74>.

Error executing rule combine_emf_and_maf on cluster (jobid: 9131, external: Job <2550875> is submitted to default queue <research-rh74>., jobscript: /hps/research1/birney/users/ian/mikk_paper/mikk_genome/.snakemake/tmp.ig3ulinq/snakejob.combine_emf_and_maf.9131.sh). For error details see the cluster log and the log files of the involved rule(s).
Job failed, going on with independent jobs.
[Mon Mar 15 11:20:13 2021]
Error in rule combine_emf_and_maf:
    jobid: 9116
    output: ../introgression/freq_tables/mikk_2/6.txt
    cluster_jobid: Job <2550876> is submitted to default queue <research-rh74>.

Error executing rule combine_emf_and_maf on cluster (jobid: 9116, external: Job <2550876> is submitted to default queue <research-rh74>., jobscript: /hps/research1/birney/users/ian/mikk_paper/mikk_genome/.snakemake/tmp.ig3ulinq/snakejob.combine_emf_and_maf.9116.sh). For error details see the cluster log and the log files of the involved rule(s).
Job failed, going on with independent jobs.
[Mon Mar 15 11:20:13 2021]
Error in rule combine_emf_and_maf:
    jobid: 9123
    output: ../introgression/freq_tables/mikk_2/4.txt
    cluster_jobid: Job <2550878> is submitted to default queue <research-rh74>.

Error executing rule combine_emf_and_maf on cluster (jobid: 9123, external: Job <2550878> is submitted to default queue <research-rh74>., jobscript: /hps/research1/birney/users/ian/mikk_paper/mikk_genome/.snakemake/tmp.ig3ulinq/snakejob.combine_emf_and_maf.9123.sh). For error details see the cluster log and the log files of the involved rule(s).
Job failed, going on with independent jobs.

[Mon Mar 15 11:20:13 2021]
rule combine_emf_and_maf:
    input: ../introgression/release-102/final/15.txt, ../introgression/mafs/split_by_chr_1/15.txt
    output: ../introgression/freq_tables/mikk_1/15.txt
    jobid: 9093
    wildcards: group=1, chr=15

Submitted job 9093 with external jobid 'Job <2550918> is submitted to default queue <research-rh74>.'.
[Mon Mar 15 11:20:13 2021]
Error in rule combine_emf_and_maf:
    jobid: 9124
    output: ../introgression/freq_tables/mikk_2/10.txt
    cluster_jobid: Job <2550879> is submitted to default queue <research-rh74>.

Error executing rule combine_emf_and_maf on cluster (jobid: 9124, external: Job <2550879> is submitted to default queue <research-rh74>., jobscript: /hps/research1/birney/users/ian/mikk_paper/mikk_genome/.snakemake/tmp.ig3ulinq/snakejob.combine_emf_and_maf.9124.sh). For error details see the cluster log and the log files of the involved rule(s).
Job failed, going on with independent jobs.

[Mon Mar 15 11:20:13 2021]
rule combine_emf_and_maf:
    input: ../introgression/release-102/final/18.txt, ../introgression/mafs/split_by_chr_1/18.txt
    output: ../introgression/freq_tables/mikk_1/18.txt
    jobid: 9108
    wildcards: group=1, chr=18

Submitted job 9108 with external jobid 'Job <2550919> is submitted to default queue <research-rh74>.'.

[Mon Mar 15 11:20:13 2021]
rule combine_emf_and_maf:
    input: ../introgression/release-102/final/9.txt, ../introgression/mafs/split_by_chr_1/9.txt
    output: ../introgression/freq_tables/mikk_1/9.txt
    jobid: 9107
    wildcards: group=1, chr=9

[Mon Mar 15 11:20:13 2021]
Error in rule combine_emf_and_maf:
    jobid: 9109
    output: ../introgression/freq_tables/mikk_2/8.txt
    cluster_jobid: Job <2550885> is submitted to default queue <research-rh74>.

Error executing rule combine_emf_and_maf on cluster (jobid: 9109, external: Job <2550885> is submitted to default queue <research-rh74>., jobscript: /hps/research1/birney/users/ian/mikk_paper/mikk_genome/.snakemake/tmp.ig3ulinq/snakejob.combine_emf_and_maf.9109.sh). For error details see the cluster log and the log files of the involved rule(s).
Job failed, going on with independent jobs.
Submitted job 9107 with external jobid 'Job <2550920> is submitted to default queue <research-rh74>.'.
[Mon Mar 15 11:20:14 2021]
Error in rule combine_emf_and_maf:
    jobid: 9132
    output: ../introgression/freq_tables/mikk_2/18.txt
    cluster_jobid: Job <2550886> is submitted to default queue <research-rh74>.

Error executing rule combine_emf_and_maf on cluster (jobid: 9132, external: Job <2550886> is submitted to default queue <research-rh74>., jobscript: /hps/research1/birney/users/ian/mikk_paper/mikk_genome/.snakemake/tmp.ig3ulinq/snakejob.combine_emf_and_maf.9132.sh). For error details see the cluster log and the log files of the involved rule(s).
Job failed, going on with independent jobs.

[Mon Mar 15 11:20:14 2021]
rule combine_emf_and_maf:
    input: ../introgression/release-102/final/17.txt, ../introgression/mafs/split_by_chr_1/17.txt
    output: ../introgression/freq_tables/mikk_1/17.txt
    jobid: 9091
    wildcards: group=1, chr=17

[Mon Mar 15 11:20:14 2021]
Error in rule combine_emf_and_maf:
    jobid: 9118
    output: ../introgression/freq_tables/mikk_2/1.txt
    cluster_jobid: Job <2550887> is submitted to default queue <research-rh74>.

Error executing rule combine_emf_and_maf on cluster (jobid: 9118, external: Job <2550887> is submitted to default queue <research-rh74>., jobscript: /hps/research1/birney/users/ian/mikk_paper/mikk_genome/.snakemake/tmp.ig3ulinq/snakejob.combine_emf_and_maf.9118.sh). For error details see the cluster log and the log files of the involved rule(s).
Job failed, going on with independent jobs.
Submitted job 9091 with external jobid 'Job <2550921> is submitted to default queue <research-rh74>.'.
[Mon Mar 15 11:20:14 2021]
Error in rule combine_emf_and_maf:
    jobid: 9126
    output: ../introgression/freq_tables/mikk_2/7.txt
    cluster_jobid: Job <2550888> is submitted to default queue <research-rh74>.

Error executing rule combine_emf_and_maf on cluster (jobid: 9126, external: Job <2550888> is submitted to default queue <research-rh74>., jobscript: /hps/research1/birney/users/ian/mikk_paper/mikk_genome/.snakemake/tmp.ig3ulinq/snakejob.combine_emf_and_maf.9126.sh). For error details see the cluster log and the log files of the involved rule(s).
Job failed, going on with independent jobs.

[Mon Mar 15 11:20:14 2021]
rule combine_emf_and_maf:
    input: ../introgression/release-102/final/19.txt, ../introgression/mafs/split_by_chr_1/19.txt
    output: ../introgression/freq_tables/mikk_1/19.txt
    jobid: 9098
    wildcards: group=1, chr=19

[Mon Mar 15 11:20:14 2021]
Error in rule combine_emf_and_maf:
    jobid: 9119
    output: ../introgression/freq_tables/mikk_2/23.txt
    cluster_jobid: Job <2550889> is submitted to default queue <research-rh74>.

Error executing rule combine_emf_and_maf on cluster (jobid: 9119, external: Job <2550889> is submitted to default queue <research-rh74>., jobscript: /hps/research1/birney/users/ian/mikk_paper/mikk_genome/.snakemake/tmp.ig3ulinq/snakejob.combine_emf_and_maf.9119.sh). For error details see the cluster log and the log files of the involved rule(s).
Submitted job 9098 with external jobid 'Job <2550922> is submitted to default queue <research-rh74>.'.
Job failed, going on with independent jobs.
[Mon Mar 15 11:20:14 2021]
Error in rule combine_emf_and_maf:
    jobid: 9111
    output: ../introgression/freq_tables/mikk_2/16.txt
    cluster_jobid: Job <2550890> is submitted to default queue <research-rh74>.

Error executing rule combine_emf_and_maf on cluster (jobid: 9111, external: Job <2550890> is submitted to default queue <research-rh74>., jobscript: /hps/research1/birney/users/ian/mikk_paper/mikk_genome/.snakemake/tmp.ig3ulinq/snakejob.combine_emf_and_maf.9111.sh). For error details see the cluster log and the log files of the involved rule(s).
Job failed, going on with independent jobs.

[Mon Mar 15 11:20:14 2021]
rule combine_emf_and_maf:
    input: ../introgression/release-102/final/11.txt, ../introgression/mafs/split_by_chr_1/11.txt
    output: ../introgression/freq_tables/mikk_1/11.txt
    jobid: 9106
    wildcards: group=1, chr=11

Submitted job 9106 with external jobid 'Job <2550923> is submitted to default queue <research-rh74>.'.

[Mon Mar 15 11:20:14 2021]
rule combine_emf_and_maf:
    input: ../introgression/release-102/final/8.txt, ../introgression/mafs/split_by_chr_1/8.txt
    output: ../introgression/freq_tables/mikk_1/8.txt
    jobid: 9085
    wildcards: group=1, chr=8

Submitted job 9085 with external jobid 'Job <2550925> is submitted to default queue <research-rh74>.'.

[Mon Mar 15 11:20:14 2021]
rule combine_emf_and_maf:
    input: ../introgression/release-102/final/10.txt, ../introgression/mafs/split_by_chr_1/10.txt
    output: ../introgression/freq_tables/mikk_1/10.txt
    jobid: 9100
    wildcards: group=1, chr=10

[Mon Mar 15 11:20:14 2021]
Error in rule combine_emf_and_maf:
    jobid: 9121
    output: ../introgression/freq_tables/mikk_2/20.txt
    cluster_jobid: Job <2550897> is submitted to default queue <research-rh74>.

Error executing rule combine_emf_and_maf on cluster (jobid: 9121, external: Job <2550897> is submitted to default queue <research-rh74>., jobscript: /hps/research1/birney/users/ian/mikk_paper/mikk_genome/.snakemake/tmp.ig3ulinq/snakejob.combine_emf_and_maf.9121.sh). For error details see the cluster log and the log files of the involved rule(s).
Job failed, going on with independent jobs.
Submitted job 9100 with external jobid 'Job <2550926> is submitted to default queue <research-rh74>.'.
Select jobs to execute...
[Mon Mar 15 11:20:15 2021]
Error in rule combine_emf_and_maf:
    jobid: 9128
    output: ../introgression/freq_tables/mikk_2/21.txt
    cluster_jobid: Job <2550898> is submitted to default queue <research-rh74>.

Error executing rule combine_emf_and_maf on cluster (jobid: 9128, external: Job <2550898> is submitted to default queue <research-rh74>., jobscript: /hps/research1/birney/users/ian/mikk_paper/mikk_genome/.snakemake/tmp.ig3ulinq/snakejob.combine_emf_and_maf.9128.sh). For error details see the cluster log and the log files of the involved rule(s).
Job failed, going on with independent jobs.
[Mon Mar 15 11:20:15 2021]
Error in rule combine_emf_and_maf:
    jobid: 9114
    output: ../introgression/freq_tables/mikk_2/3.txt
    cluster_jobid: Job <2550899> is submitted to default queue <research-rh74>.

Error executing rule combine_emf_and_maf on cluster (jobid: 9114, external: Job <2550899> is submitted to default queue <research-rh74>., jobscript: /hps/research1/birney/users/ian/mikk_paper/mikk_genome/.snakemake/tmp.ig3ulinq/snakejob.combine_emf_and_maf.9114.sh). For error details see the cluster log and the log files of the involved rule(s).
Job failed, going on with independent jobs.
[Mon Mar 15 11:20:15 2021]
Error in rule combine_emf_and_maf:
    jobid: 9122
    output: ../introgression/freq_tables/mikk_2/19.txt
    cluster_jobid: Job <2550901> is submitted to default queue <research-rh74>.

Error executing rule combine_emf_and_maf on cluster (jobid: 9122, external: Job <2550901> is submitted to default queue <research-rh74>., jobscript: /hps/research1/birney/users/ian/mikk_paper/mikk_genome/.snakemake/tmp.ig3ulinq/snakejob.combine_emf_and_maf.9122.sh). For error details see the cluster log and the log files of the involved rule(s).
Job failed, going on with independent jobs.

[Mon Mar 15 11:20:15 2021]
rule combine_emf_and_maf:
    input: ../introgression/release-102/final/5.txt, ../introgression/mafs/split_by_chr_1/5.txt
    output: ../introgression/freq_tables/mikk_1/5.txt
    jobid: 9088
    wildcards: group=1, chr=5

[Mon Mar 15 11:20:15 2021]
Error in rule combine_emf_and_maf:
    jobid: 9129
    output: ../introgression/freq_tables/mikk_2/14.txt
    cluster_jobid: Job <2550903> is submitted to default queue <research-rh74>.

Error executing rule combine_emf_and_maf on cluster (jobid: 9129, external: Job <2550903> is submitted to default queue <research-rh74>., jobscript: /hps/research1/birney/users/ian/mikk_paper/mikk_genome/.snakemake/tmp.ig3ulinq/snakejob.combine_emf_and_maf.9129.sh). For error details see the cluster log and the log files of the involved rule(s).
Job failed, going on with independent jobs.
[Mon Mar 15 11:20:15 2021]
Error in rule combine_emf_and_maf:
    jobid: 9115
    output: ../introgression/freq_tables/mikk_2/17.txt
    cluster_jobid: Job <2550904> is submitted to default queue <research-rh74>.

Error executing rule combine_emf_and_maf on cluster (jobid: 9115, external: Job <2550904> is submitted to default queue <research-rh74>., jobscript: /hps/research1/birney/users/ian/mikk_paper/mikk_genome/.snakemake/tmp.ig3ulinq/snakejob.combine_emf_and_maf.9115.sh). For error details see the cluster log and the log files of the involved rule(s).
Job failed, going on with independent jobs.
[Mon Mar 15 11:20:15 2021]
Error in rule combine_emf_and_maf:
    jobid: 9130
    output: ../introgression/freq_tables/mikk_2/11.txt
    cluster_jobid: Job <2550905> is submitted to default queue <research-rh74>.

Error executing rule combine_emf_and_maf on cluster (jobid: 9130, external: Job <2550905> is submitted to default queue <research-rh74>., jobscript: /hps/research1/birney/users/ian/mikk_paper/mikk_genome/.snakemake/tmp.ig3ulinq/snakejob.combine_emf_and_maf.9130.sh). For error details see the cluster log and the log files of the involved rule(s).
Submitted job 9088 with external jobid 'Job <2550927> is submitted to default queue <research-rh74>.'.
Job failed, going on with independent jobs.

[Mon Mar 15 11:20:16 2021]
rule combine_emf_and_maf:
    input: ../introgression/release-102/final/2.txt, ../introgression/mafs/split_by_chr_1/2.txt
    output: ../introgression/freq_tables/mikk_1/2.txt
    jobid: 9101
    wildcards: group=1, chr=2

Submitted job 9101 with external jobid 'Job <2550928> is submitted to default queue <research-rh74>.'.

[Mon Mar 15 11:20:16 2021]
rule combine_emf_and_maf:
    input: ../introgression/release-102/final/23.txt, ../introgression/mafs/split_by_chr_1/23.txt
    output: ../introgression/freq_tables/mikk_1/23.txt
    jobid: 9095
    wildcards: group=1, chr=23

Submitted job 9095 with external jobid 'Job <2550929> is submitted to default queue <research-rh74>.'.

[Mon Mar 15 11:20:16 2021]
rule combine_emf_and_maf:
    input: ../introgression/release-102/final/24.txt, ../introgression/mafs/split_by_chr_1/24.txt
    output: ../introgression/freq_tables/mikk_1/24.txt
    jobid: 9103
    wildcards: group=1, chr=24

Submitted job 9103 with external jobid 'Job <2550930> is submitted to default queue <research-rh74>.'.

[Mon Mar 15 11:20:16 2021]
rule combine_emf_and_maf:
    input: ../introgression/release-102/final/16.txt, ../introgression/mafs/split_by_chr_1/16.txt
    output: ../introgression/freq_tables/mikk_1/16.txt
    jobid: 9087
    wildcards: group=1, chr=16

Submitted job 9087 with external jobid 'Job <2550931> is submitted to default queue <research-rh74>.'.

[Mon Mar 15 11:20:16 2021]
rule combine_emf_and_maf:
    input: ../introgression/release-102/final/1.txt, ../introgression/mafs/split_by_chr_1/1.txt
    output: ../introgression/freq_tables/mikk_1/1.txt
    jobid: 9094
    wildcards: group=1, chr=1

Submitted job 9094 with external jobid 'Job <2550932> is submitted to default queue <research-rh74>.'.

[Mon Mar 15 11:20:16 2021]
rule combine_emf_and_maf:
    input: ../introgression/release-102/final/7.txt, ../introgression/mafs/split_by_chr_1/7.txt
    output: ../introgression/freq_tables/mikk_1/7.txt
    jobid: 9102
    wildcards: group=1, chr=7

Submitted job 9102 with external jobid 'Job <2550933> is submitted to default queue <research-rh74>.'.
[Mon Mar 15 11:20:25 2021]
Error in rule combine_emf_and_maf:
    jobid: 9089
    output: ../introgression/freq_tables/mikk_1/13.txt
    cluster_jobid: Job <2550907> is submitted to default queue <research-rh74>.

Error executing rule combine_emf_and_maf on cluster (jobid: 9089, external: Job <2550907> is submitted to default queue <research-rh74>., jobscript: /hps/research1/birney/users/ian/mikk_paper/mikk_genome/.snakemake/tmp.ig3ulinq/snakejob.combine_emf_and_maf.9089.sh). For error details see the cluster log and the log files of the involved rule(s).
Job failed, going on with independent jobs.
[Mon Mar 15 11:20:25 2021]
Error in rule combine_emf_and_maf:
    jobid: 9090
    output: ../introgression/freq_tables/mikk_1/3.txt
    cluster_jobid: Job <2550908> is submitted to default queue <research-rh74>.

Error executing rule combine_emf_and_maf on cluster (jobid: 9090, external: Job <2550908> is submitted to default queue <research-rh74>., jobscript: /hps/research1/birney/users/ian/mikk_paper/mikk_genome/.snakemake/tmp.ig3ulinq/snakejob.combine_emf_and_maf.9090.sh). For error details see the cluster log and the log files of the involved rule(s).
Job failed, going on with independent jobs.
[Mon Mar 15 11:20:25 2021]
Error in rule combine_emf_and_maf:
    jobid: 9105
    output: ../introgression/freq_tables/mikk_1/14.txt
    cluster_jobid: Job <2550909> is submitted to default queue <research-rh74>.

Error executing rule combine_emf_and_maf on cluster (jobid: 9105, external: Job <2550909> is submitted to default queue <research-rh74>., jobscript: /hps/research1/birney/users/ian/mikk_paper/mikk_genome/.snakemake/tmp.ig3ulinq/snakejob.combine_emf_and_maf.9105.sh). For error details see the cluster log and the log files of the involved rule(s).
Job failed, going on with independent jobs.
[Mon Mar 15 11:20:25 2021]
Error in rule combine_emf_and_maf:
    jobid: 9097
    output: ../introgression/freq_tables/mikk_1/20.txt
    cluster_jobid: Job <2550911> is submitted to default queue <research-rh74>.

Error executing rule combine_emf_and_maf on cluster (jobid: 9097, external: Job <2550911> is submitted to default queue <research-rh74>., jobscript: /hps/research1/birney/users/ian/mikk_paper/mikk_genome/.snakemake/tmp.ig3ulinq/snakejob.combine_emf_and_maf.9097.sh). For error details see the cluster log and the log files of the involved rule(s).
Job failed, going on with independent jobs.
[Mon Mar 15 11:20:26 2021]
Error in rule combine_emf_and_maf:
    jobid: 9104
    output: ../introgression/freq_tables/mikk_1/21.txt
    cluster_jobid: Job <2550913> is submitted to default queue <research-rh74>.

Error executing rule combine_emf_and_maf on cluster (jobid: 9104, external: Job <2550913> is submitted to default queue <research-rh74>., jobscript: /hps/research1/birney/users/ian/mikk_paper/mikk_genome/.snakemake/tmp.ig3ulinq/snakejob.combine_emf_and_maf.9104.sh). For error details see the cluster log and the log files of the involved rule(s).
Job failed, going on with independent jobs.
[Mon Mar 15 11:20:26 2021]
Error in rule combine_emf_and_maf:
    jobid: 9096
    output: ../introgression/freq_tables/mikk_1/12.txt
    cluster_jobid: Job <2550914> is submitted to default queue <research-rh74>.

Error executing rule combine_emf_and_maf on cluster (jobid: 9096, external: Job <2550914> is submitted to default queue <research-rh74>., jobscript: /hps/research1/birney/users/ian/mikk_paper/mikk_genome/.snakemake/tmp.ig3ulinq/snakejob.combine_emf_and_maf.9096.sh). For error details see the cluster log and the log files of the involved rule(s).
Job failed, going on with independent jobs.
[Mon Mar 15 11:20:26 2021]
Error in rule combine_emf_and_maf:
    jobid: 9099
    output: ../introgression/freq_tables/mikk_1/4.txt
    cluster_jobid: Job <2550915> is submitted to default queue <research-rh74>.

Error executing rule combine_emf_and_maf on cluster (jobid: 9099, external: Job <2550915> is submitted to default queue <research-rh74>., jobscript: /hps/research1/birney/users/ian/mikk_paper/mikk_genome/.snakemake/tmp.ig3ulinq/snakejob.combine_emf_and_maf.9099.sh). For error details see the cluster log and the log files of the involved rule(s).
Job failed, going on with independent jobs.
[Mon Mar 15 11:20:26 2021]
Error in rule combine_emf_and_maf:
    jobid: 9092
    output: ../introgression/freq_tables/mikk_1/6.txt
    cluster_jobid: Job <2550916> is submitted to default queue <research-rh74>.

Error executing rule combine_emf_and_maf on cluster (jobid: 9092, external: Job <2550916> is submitted to default queue <research-rh74>., jobscript: /hps/research1/birney/users/ian/mikk_paper/mikk_genome/.snakemake/tmp.ig3ulinq/snakejob.combine_emf_and_maf.9092.sh). For error details see the cluster log and the log files of the involved rule(s).
Job failed, going on with independent jobs.
[Mon Mar 15 11:20:26 2021]
Error in rule combine_emf_and_maf:
    jobid: 9086
    output: ../introgression/freq_tables/mikk_1/22.txt
    cluster_jobid: Job <2550917> is submitted to default queue <research-rh74>.

Error executing rule combine_emf_and_maf on cluster (jobid: 9086, external: Job <2550917> is submitted to default queue <research-rh74>., jobscript: /hps/research1/birney/users/ian/mikk_paper/mikk_genome/.snakemake/tmp.ig3ulinq/snakejob.combine_emf_and_maf.9086.sh). For error details see the cluster log and the log files of the involved rule(s).
Job failed, going on with independent jobs.
[Mon Mar 15 11:20:26 2021]
Error in rule combine_emf_and_maf:
    jobid: 9093
    output: ../introgression/freq_tables/mikk_1/15.txt
    cluster_jobid: Job <2550918> is submitted to default queue <research-rh74>.

Error executing rule combine_emf_and_maf on cluster (jobid: 9093, external: Job <2550918> is submitted to default queue <research-rh74>., jobscript: /hps/research1/birney/users/ian/mikk_paper/mikk_genome/.snakemake/tmp.ig3ulinq/snakejob.combine_emf_and_maf.9093.sh). For error details see the cluster log and the log files of the involved rule(s).
Job failed, going on with independent jobs.
[Mon Mar 15 11:20:26 2021]
Error in rule combine_emf_and_maf:
    jobid: 9108
    output: ../introgression/freq_tables/mikk_1/18.txt
    cluster_jobid: Job <2550919> is submitted to default queue <research-rh74>.

Error executing rule combine_emf_and_maf on cluster (jobid: 9108, external: Job <2550919> is submitted to default queue <research-rh74>., jobscript: /hps/research1/birney/users/ian/mikk_paper/mikk_genome/.snakemake/tmp.ig3ulinq/snakejob.combine_emf_and_maf.9108.sh). For error details see the cluster log and the log files of the involved rule(s).
Job failed, going on with independent jobs.
[Mon Mar 15 11:20:26 2021]
Error in rule combine_emf_and_maf:
    jobid: 9107
    output: ../introgression/freq_tables/mikk_1/9.txt
    cluster_jobid: Job <2550920> is submitted to default queue <research-rh74>.

Error executing rule combine_emf_and_maf on cluster (jobid: 9107, external: Job <2550920> is submitted to default queue <research-rh74>., jobscript: /hps/research1/birney/users/ian/mikk_paper/mikk_genome/.snakemake/tmp.ig3ulinq/snakejob.combine_emf_and_maf.9107.sh). For error details see the cluster log and the log files of the involved rule(s).
Job failed, going on with independent jobs.
[Mon Mar 15 11:20:27 2021]
Error in rule combine_emf_and_maf:
    jobid: 9091
    output: ../introgression/freq_tables/mikk_1/17.txt
    cluster_jobid: Job <2550921> is submitted to default queue <research-rh74>.

Error executing rule combine_emf_and_maf on cluster (jobid: 9091, external: Job <2550921> is submitted to default queue <research-rh74>., jobscript: /hps/research1/birney/users/ian/mikk_paper/mikk_genome/.snakemake/tmp.ig3ulinq/snakejob.combine_emf_and_maf.9091.sh). For error details see the cluster log and the log files of the involved rule(s).
Job failed, going on with independent jobs.
[Mon Mar 15 11:20:27 2021]
Error in rule combine_emf_and_maf:
    jobid: 9098
    output: ../introgression/freq_tables/mikk_1/19.txt
    cluster_jobid: Job <2550922> is submitted to default queue <research-rh74>.

Error executing rule combine_emf_and_maf on cluster (jobid: 9098, external: Job <2550922> is submitted to default queue <research-rh74>., jobscript: /hps/research1/birney/users/ian/mikk_paper/mikk_genome/.snakemake/tmp.ig3ulinq/snakejob.combine_emf_and_maf.9098.sh). For error details see the cluster log and the log files of the involved rule(s).
Job failed, going on with independent jobs.
[Mon Mar 15 11:20:27 2021]
Error in rule combine_emf_and_maf:
    jobid: 9106
    output: ../introgression/freq_tables/mikk_1/11.txt
    cluster_jobid: Job <2550923> is submitted to default queue <research-rh74>.

Error executing rule combine_emf_and_maf on cluster (jobid: 9106, external: Job <2550923> is submitted to default queue <research-rh74>., jobscript: /hps/research1/birney/users/ian/mikk_paper/mikk_genome/.snakemake/tmp.ig3ulinq/snakejob.combine_emf_and_maf.9106.sh). For error details see the cluster log and the log files of the involved rule(s).
Job failed, going on with independent jobs.
[Mon Mar 15 11:20:27 2021]
Error in rule combine_emf_and_maf:
    jobid: 9085
    output: ../introgression/freq_tables/mikk_1/8.txt
    cluster_jobid: Job <2550925> is submitted to default queue <research-rh74>.

Error executing rule combine_emf_and_maf on cluster (jobid: 9085, external: Job <2550925> is submitted to default queue <research-rh74>., jobscript: /hps/research1/birney/users/ian/mikk_paper/mikk_genome/.snakemake/tmp.ig3ulinq/snakejob.combine_emf_and_maf.9085.sh). For error details see the cluster log and the log files of the involved rule(s).
Job failed, going on with independent jobs.
[Mon Mar 15 11:20:27 2021]
Error in rule combine_emf_and_maf:
    jobid: 9100
    output: ../introgression/freq_tables/mikk_1/10.txt
    cluster_jobid: Job <2550926> is submitted to default queue <research-rh74>.

Error executing rule combine_emf_and_maf on cluster (jobid: 9100, external: Job <2550926> is submitted to default queue <research-rh74>., jobscript: /hps/research1/birney/users/ian/mikk_paper/mikk_genome/.snakemake/tmp.ig3ulinq/snakejob.combine_emf_and_maf.9100.sh). For error details see the cluster log and the log files of the involved rule(s).
Job failed, going on with independent jobs.
[Mon Mar 15 11:20:27 2021]
Error in rule combine_emf_and_maf:
    jobid: 9112
    output: ../introgression/freq_tables/mikk_2/5.txt
    cluster_jobid: Job <2550892> is submitted to default queue <research-rh74>.

Error executing rule combine_emf_and_maf on cluster (jobid: 9112, external: Job <2550892> is submitted to default queue <research-rh74>., jobscript: /hps/research1/birney/users/ian/mikk_paper/mikk_genome/.snakemake/tmp.ig3ulinq/snakejob.combine_emf_and_maf.9112.sh). For error details see the cluster log and the log files of the involved rule(s).
Job failed, going on with independent jobs.
[Mon Mar 15 11:20:27 2021]
Error in rule combine_emf_and_maf:
    jobid: 9120
    output: ../introgression/freq_tables/mikk_2/12.txt
    cluster_jobid: Job <2550893> is submitted to default queue <research-rh74>.

Error executing rule combine_emf_and_maf on cluster (jobid: 9120, external: Job <2550893> is submitted to default queue <research-rh74>., jobscript: /hps/research1/birney/users/ian/mikk_paper/mikk_genome/.snakemake/tmp.ig3ulinq/snakejob.combine_emf_and_maf.9120.sh). For error details see the cluster log and the log files of the involved rule(s).
Job failed, going on with independent jobs.
[Mon Mar 15 11:20:27 2021]
Error in rule combine_emf_and_maf:
    jobid: 9127
    output: ../introgression/freq_tables/mikk_2/24.txt
    cluster_jobid: Job <2550894> is submitted to default queue <research-rh74>.

Error executing rule combine_emf_and_maf on cluster (jobid: 9127, external: Job <2550894> is submitted to default queue <research-rh74>., jobscript: /hps/research1/birney/users/ian/mikk_paper/mikk_genome/.snakemake/tmp.ig3ulinq/snakejob.combine_emf_and_maf.9127.sh). For error details see the cluster log and the log files of the involved rule(s).
Job failed, going on with independent jobs.
[Mon Mar 15 11:20:28 2021]
Error in rule combine_emf_and_maf:
    jobid: 9113
    output: ../introgression/freq_tables/mikk_2/13.txt
    cluster_jobid: Job <2550896> is submitted to default queue <research-rh74>.

Error executing rule combine_emf_and_maf on cluster (jobid: 9113, external: Job <2550896> is submitted to default queue <research-rh74>., jobscript: /hps/research1/birney/users/ian/mikk_paper/mikk_genome/.snakemake/tmp.ig3ulinq/snakejob.combine_emf_and_maf.9113.sh). For error details see the cluster log and the log files of the involved rule(s).
Job failed, going on with independent jobs.
[Mon Mar 15 11:20:28 2021]
Error in rule combine_emf_and_maf:
    jobid: 9088
    output: ../introgression/freq_tables/mikk_1/5.txt
    cluster_jobid: Job <2550927> is submitted to default queue <research-rh74>.

Error executing rule combine_emf_and_maf on cluster (jobid: 9088, external: Job <2550927> is submitted to default queue <research-rh74>., jobscript: /hps/research1/birney/users/ian/mikk_paper/mikk_genome/.snakemake/tmp.ig3ulinq/snakejob.combine_emf_and_maf.9088.sh). For error details see the cluster log and the log files of the involved rule(s).
Job failed, going on with independent jobs.
[Mon Mar 15 11:20:28 2021]
Error in rule combine_emf_and_maf:
    jobid: 9101
    output: ../introgression/freq_tables/mikk_1/2.txt
    cluster_jobid: Job <2550928> is submitted to default queue <research-rh74>.

Error executing rule combine_emf_and_maf on cluster (jobid: 9101, external: Job <2550928> is submitted to default queue <research-rh74>., jobscript: /hps/research1/birney/users/ian/mikk_paper/mikk_genome/.snakemake/tmp.ig3ulinq/snakejob.combine_emf_and_maf.9101.sh). For error details see the cluster log and the log files of the involved rule(s).
Job failed, going on with independent jobs.
[Mon Mar 15 11:20:28 2021]
Error in rule combine_emf_and_maf:
    jobid: 9095
    output: ../introgression/freq_tables/mikk_1/23.txt
    cluster_jobid: Job <2550929> is submitted to default queue <research-rh74>.

Error executing rule combine_emf_and_maf on cluster (jobid: 9095, external: Job <2550929> is submitted to default queue <research-rh74>., jobscript: /hps/research1/birney/users/ian/mikk_paper/mikk_genome/.snakemake/tmp.ig3ulinq/snakejob.combine_emf_and_maf.9095.sh). For error details see the cluster log and the log files of the involved rule(s).
Job failed, going on with independent jobs.
[Mon Mar 15 11:20:28 2021]
Error in rule combine_emf_and_maf:
    jobid: 9103
    output: ../introgression/freq_tables/mikk_1/24.txt
    cluster_jobid: Job <2550930> is submitted to default queue <research-rh74>.

Error executing rule combine_emf_and_maf on cluster (jobid: 9103, external: Job <2550930> is submitted to default queue <research-rh74>., jobscript: /hps/research1/birney/users/ian/mikk_paper/mikk_genome/.snakemake/tmp.ig3ulinq/snakejob.combine_emf_and_maf.9103.sh). For error details see the cluster log and the log files of the involved rule(s).
Job failed, going on with independent jobs.
[Mon Mar 15 11:20:28 2021]
Error in rule combine_emf_and_maf:
    jobid: 9087
    output: ../introgression/freq_tables/mikk_1/16.txt
    cluster_jobid: Job <2550931> is submitted to default queue <research-rh74>.

Error executing rule combine_emf_and_maf on cluster (jobid: 9087, external: Job <2550931> is submitted to default queue <research-rh74>., jobscript: /hps/research1/birney/users/ian/mikk_paper/mikk_genome/.snakemake/tmp.ig3ulinq/snakejob.combine_emf_and_maf.9087.sh). For error details see the cluster log and the log files of the involved rule(s).
Job failed, going on with independent jobs.
[Mon Mar 15 11:20:28 2021]
Error in rule combine_emf_and_maf:
    jobid: 9094
    output: ../introgression/freq_tables/mikk_1/1.txt
    cluster_jobid: Job <2550932> is submitted to default queue <research-rh74>.

Error executing rule combine_emf_and_maf on cluster (jobid: 9094, external: Job <2550932> is submitted to default queue <research-rh74>., jobscript: /hps/research1/birney/users/ian/mikk_paper/mikk_genome/.snakemake/tmp.ig3ulinq/snakejob.combine_emf_and_maf.9094.sh). For error details see the cluster log and the log files of the involved rule(s).
Job failed, going on with independent jobs.
[Mon Mar 15 11:20:28 2021]
Error in rule combine_emf_and_maf:
    jobid: 9102
    output: ../introgression/freq_tables/mikk_1/7.txt
    cluster_jobid: Job <2550933> is submitted to default queue <research-rh74>.

Error executing rule combine_emf_and_maf on cluster (jobid: 9102, external: Job <2550933> is submitted to default queue <research-rh74>., jobscript: /hps/research1/birney/users/ian/mikk_paper/mikk_genome/.snakemake/tmp.ig3ulinq/snakejob.combine_emf_and_maf.9102.sh). For error details see the cluster log and the log files of the involved rule(s).
Job failed, going on with independent jobs.
Exiting because a job execution failed. Look above for error message
Complete log: /hps/research1/birney/users/ian/mikk_paper/mikk_genome/.snakemake/log/2021-03-15T111509.878200.snakemake.log
