Building DAG of jobs...
Using shell: /usr/local/bin/bash
Provided cluster nodes: 5000
Job counts:
	count	jobs
	1	all
	1	kaga_call_haplotypes
	1	kaga_genotype
	3
Select jobs to execute...

[Wed Mar 24 08:16:53 2021]
rule kaga_call_haplotypes:
    input: ../introgression/bams/kaga_marked.bam, ../refs/Oryzias_latipes.ASM223467v1.dna.toplevel.fa
    output: ../introgression/vcfs/kaga.g.vcf.gz
    jobid: 6


        gatk --java-options "-Xmx12g" HaplotypeCaller              -R ../refs/Oryzias_latipes.ASM223467v1.dna.toplevel.fa             -I ../introgression/bams/kaga_marked.bam             -O ../introgression/vcfs/kaga.g.vcf.gz             -ERC GVCF
        
Submitted job 6 with external jobid 'Job <4470031> is submitted to default queue <research-rh74>.'.
[Wed Mar 24 08:17:12 2021]
Error in rule kaga_call_haplotypes:
    jobid: 6
    output: ../introgression/vcfs/kaga.g.vcf.gz
    shell:
        
        gatk --java-options "-Xmx12g" HaplotypeCaller              -R ../refs/Oryzias_latipes.ASM223467v1.dna.toplevel.fa             -I ../introgression/bams/kaga_marked.bam             -O ../introgression/vcfs/kaga.g.vcf.gz             -ERC GVCF
        
        (one of the commands exited with non-zero exit code; note that snakemake uses bash strict mode!)
    cluster_jobid: Job <4470031> is submitted to default queue <research-rh74>.

Error executing rule kaga_call_haplotypes on cluster (jobid: 6, external: Job <4470031> is submitted to default queue <research-rh74>., jobscript: /hps/research1/birney/users/ian/mikk_paper/mikk_genome/.snakemake/tmp.rr18oy9p/snakejob.kaga_call_haplotypes.6.sh). For error details see the cluster log and the log files of the involved rule(s).
Job failed, going on with independent jobs.
Exiting because a job execution failed. Look above for error message
Complete log: /hps/research1/birney/users/ian/mikk_paper/mikk_genome/.snakemake/log/2021-03-24T081648.174001.snakemake.log
