Building DAG of jobs...
Using shell: /usr/local/bin/bash
Provided cluster nodes: 5000
Job counts:
	count	jobs
	1	all
	72	combine_emf_and_maf
	3	extract_allele_freqs
	72	split_by_chr
	1	split_mikk_file
	3	split_mikk_vcf
	152
Select jobs to execute...

[Mon Mar 15 11:51:31 2021]
rule split_mikk_file:
    input: data/20200914_samples_no-sibs.txt
    output: data/introgression/20200914_abbababa_mikk_all.txt, data/introgression/20200914_abbababa_mikk_1.txt, data/introgression/20200914_abbababa_mikk_2.txt
    jobid: 9032

Submitted job 9032 with external jobid 'Job <2552577> is submitted to default queue <research-rh74>.'.
[Mon Mar 15 11:51:40 2021]
Finished job 9032.
1 of 152 steps (0.66%) done
Select jobs to execute...

[Mon Mar 15 11:51:41 2021]
rule split_mikk_vcf:
    input: ../introgression/vcfs/ill_no-sibs_no-missing.vcf.gz, data/introgression/20200914_abbababa_mikk_all.txt
    output: ../introgression/vcfs/ill_no-sibs_no-missing_bi-snps_with-af_all.vcf.gz
    jobid: 9033
    wildcards: group=all


        bcftools view             --min-alleles 2             --max-alleles 2             --types snps             --samples-file data/introgression/20200914_abbababa_mikk_all.txt             --output-type u             ../introgression/vcfs/ill_no-sibs_no-missing.vcf.gz |             bcftools +fill-tags                 --output-type z                 --output ../introgression/vcfs/ill_no-sibs_no-missing_bi-snps_with-af_all.vcf.gz                 --                 --tags AF
      
Submitted job 9033 with external jobid 'Job <2552588> is submitted to default queue <research-rh74>.'.

[Mon Mar 15 11:51:41 2021]
rule split_mikk_vcf:
    input: ../introgression/vcfs/ill_no-sibs_no-missing.vcf.gz, data/introgression/20200914_abbababa_mikk_1.txt
    output: ../introgression/vcfs/ill_no-sibs_no-missing_bi-snps_with-af_1.vcf.gz
    jobid: 9034
    wildcards: group=1


        bcftools view             --min-alleles 2             --max-alleles 2             --types snps             --samples-file data/introgression/20200914_abbababa_mikk_1.txt             --output-type u             ../introgression/vcfs/ill_no-sibs_no-missing.vcf.gz |             bcftools +fill-tags                 --output-type z                 --output ../introgression/vcfs/ill_no-sibs_no-missing_bi-snps_with-af_1.vcf.gz                 --                 --tags AF
      
Submitted job 9034 with external jobid 'Job <2552589> is submitted to default queue <research-rh74>.'.

[Mon Mar 15 11:51:41 2021]
rule split_mikk_vcf:
    input: ../introgression/vcfs/ill_no-sibs_no-missing.vcf.gz, data/introgression/20200914_abbababa_mikk_2.txt
    output: ../introgression/vcfs/ill_no-sibs_no-missing_bi-snps_with-af_2.vcf.gz
    jobid: 9035
    wildcards: group=2


        bcftools view             --min-alleles 2             --max-alleles 2             --types snps             --samples-file data/introgression/20200914_abbababa_mikk_2.txt             --output-type u             ../introgression/vcfs/ill_no-sibs_no-missing.vcf.gz |             bcftools +fill-tags                 --output-type z                 --output ../introgression/vcfs/ill_no-sibs_no-missing_bi-snps_with-af_2.vcf.gz                 --                 --tags AF
      
Submitted job 9035 with external jobid 'Job <2552590> is submitted to default queue <research-rh74>.'.
[Mon Mar 15 12:07:15 2021]
Finished job 9035.
2 of 152 steps (1%) done
Select jobs to execute...

[Mon Mar 15 12:07:16 2021]
rule extract_allele_freqs:
    input: ../introgression/vcfs/ill_no-sibs_no-missing_bi-snps_with-af_2.vcf.gz
    output: ../introgression/mafs/mikk_2.txt
    jobid: 9038
    wildcards: group=2


        bcftools query             --format '%CHROM	%POS	%REF	%ALT	%INFO/AF
'             --output-file ../introgression/mafs/mikk_2.txt             ../introgression/vcfs/ill_no-sibs_no-missing_bi-snps_with-af_2.vcf.gz
        
Submitted job 9038 with external jobid 'Job <2554718> is submitted to default queue <research-rh74>.'.
[Mon Mar 15 12:08:46 2021]
Finished job 9038.
3 of 152 steps (2%) done
Select jobs to execute...

[Mon Mar 15 12:08:46 2021]
rule split_by_chr:
    input: ../introgression/mafs/mikk_2.txt
    output: ../introgression/mafs/split_by_chr_2/4.txt
    jobid: 9101
    wildcards: group=2, chr=4

RuleException in line 244 of /hps/research1/birney/users/ian/mikk_paper/mikk_genome/code/snakemake/introgression/Snakefile:
NameError: The name 'print $1"' is unknown in this context. Please make sure that you defined that variable. Also note that braces not used for variable access have to be escaped by repeating them, i.e. {{print $1}}
  File "/nfs/research1/birney/users/brettell/anaconda3/envs/snakemake/lib/python3.9/site-packages/snakemake/executors/__init__.py", line 136, in run_jobs
  File "/nfs/research1/birney/users/brettell/anaconda3/envs/snakemake/lib/python3.9/site-packages/snakemake/executors/__init__.py", line 935, in run
  File "/nfs/research1/birney/users/brettell/anaconda3/envs/snakemake/lib/python3.9/site-packages/snakemake/executors/__init__.py", line 722, in _run
  File "/nfs/research1/birney/users/brettell/anaconda3/envs/snakemake/lib/python3.9/site-packages/snakemake/executors/__init__.py", line 230, in _run
  File "/nfs/research1/birney/users/brettell/anaconda3/envs/snakemake/lib/python3.9/site-packages/snakemake/executors/__init__.py", line 156, in _run
  File "/nfs/research1/birney/users/brettell/anaconda3/envs/snakemake/lib/python3.9/site-packages/snakemake/executors/__init__.py", line 162, in printjob
