Building DAG of jobs...
Using shell: /usr/local/bin/bash
Provided cluster nodes: 5000
Job counts:
	count	jobs
	1	all
	24	kaga_call_haplotypes
	24	kaga_genotype
	24	kaga_index_vcf
	73
Select jobs to execute...

[Fri Mar 26 18:17:29 2021]
rule kaga_call_haplotypes:
    input: ../introgression/bams/merged/kaga.bam, ../introgression/bams/merged/kaga.bai
    output: ../introgression/vcfs/gvcfs/kaga_12.g.vcf.gz
    jobid: 42
    wildcards: chr=12


        gatk --java-options "-Xmx12g" HaplotypeCaller              -R ../refs/Oryzias_latipes.ASM223467v1.dna.toplevel.fa             -I ../introgression/bams/merged/kaga.bam             -O ../introgression/vcfs/gvcfs/kaga_12.g.vcf.gz             -L 12             -ERC GVCF             --tmp-dir ../tmp
        
Submitted job 42 with external jobid 'Job <5461017> is submitted to default queue <research-rh74>.'.

[Fri Mar 26 18:17:29 2021]
rule kaga_call_haplotypes:
    input: ../introgression/bams/merged/kaga.bam, ../introgression/bams/merged/kaga.bai
    output: ../introgression/vcfs/gvcfs/kaga_7.g.vcf.gz
    jobid: 27
    wildcards: chr=7


        gatk --java-options "-Xmx12g" HaplotypeCaller              -R ../refs/Oryzias_latipes.ASM223467v1.dna.toplevel.fa             -I ../introgression/bams/merged/kaga.bam             -O ../introgression/vcfs/gvcfs/kaga_7.g.vcf.gz             -L 7             -ERC GVCF             --tmp-dir ../tmp
        
Submitted job 27 with external jobid 'Job <5461020> is submitted to default queue <research-rh74>.'.

[Fri Mar 26 18:17:29 2021]
rule kaga_call_haplotypes:
    input: ../introgression/bams/merged/kaga.bam, ../introgression/bams/merged/kaga.bai
    output: ../introgression/vcfs/gvcfs/kaga_6.g.vcf.gz
    jobid: 34
    wildcards: chr=6


        gatk --java-options "-Xmx12g" HaplotypeCaller              -R ../refs/Oryzias_latipes.ASM223467v1.dna.toplevel.fa             -I ../introgression/bams/merged/kaga.bam             -O ../introgression/vcfs/gvcfs/kaga_6.g.vcf.gz             -L 6             -ERC GVCF             --tmp-dir ../tmp
        
Submitted job 34 with external jobid 'Job <5461025> is submitted to default queue <research-rh74>.'.

[Fri Mar 26 18:17:30 2021]
rule kaga_call_haplotypes:
    input: ../introgression/bams/merged/kaga.bam, ../introgression/bams/merged/kaga.bai
    output: ../introgression/vcfs/gvcfs/kaga_2.g.vcf.gz
    jobid: 49
    wildcards: chr=2


        gatk --java-options "-Xmx12g" HaplotypeCaller              -R ../refs/Oryzias_latipes.ASM223467v1.dna.toplevel.fa             -I ../introgression/bams/merged/kaga.bam             -O ../introgression/vcfs/gvcfs/kaga_2.g.vcf.gz             -L 2             -ERC GVCF             --tmp-dir ../tmp
        
Submitted job 49 with external jobid 'Job <5461064> is submitted to default queue <research-rh74>.'.

[Fri Mar 26 18:17:30 2021]
rule kaga_call_haplotypes:
    input: ../introgression/bams/merged/kaga.bam, ../introgression/bams/merged/kaga.bai
    output: ../introgression/vcfs/gvcfs/kaga_9.g.vcf.gz
    jobid: 28
    wildcards: chr=9


        gatk --java-options "-Xmx12g" HaplotypeCaller              -R ../refs/Oryzias_latipes.ASM223467v1.dna.toplevel.fa             -I ../introgression/bams/merged/kaga.bam             -O ../introgression/vcfs/gvcfs/kaga_9.g.vcf.gz             -L 9             -ERC GVCF             --tmp-dir ../tmp
        
Submitted job 28 with external jobid 'Job <5461066> is submitted to default queue <research-rh74>.'.

[Fri Mar 26 18:17:30 2021]
rule kaga_call_haplotypes:
    input: ../introgression/bams/merged/kaga.bam, ../introgression/bams/merged/kaga.bai
    output: ../introgression/vcfs/gvcfs/kaga_15.g.vcf.gz
    jobid: 35
    wildcards: chr=15


        gatk --java-options "-Xmx12g" HaplotypeCaller              -R ../refs/Oryzias_latipes.ASM223467v1.dna.toplevel.fa             -I ../introgression/bams/merged/kaga.bam             -O ../introgression/vcfs/gvcfs/kaga_15.g.vcf.gz             -L 15             -ERC GVCF             --tmp-dir ../tmp
        
Submitted job 35 with external jobid 'Job <5461069> is submitted to default queue <research-rh74>.'.

[Fri Mar 26 18:17:31 2021]
rule kaga_call_haplotypes:
    input: ../introgression/bams/merged/kaga.bam, ../introgression/bams/merged/kaga.bai
    output: ../introgression/vcfs/gvcfs/kaga_21.g.vcf.gz
    jobid: 43
    wildcards: chr=21


        gatk --java-options "-Xmx12g" HaplotypeCaller              -R ../refs/Oryzias_latipes.ASM223467v1.dna.toplevel.fa             -I ../introgression/bams/merged/kaga.bam             -O ../introgression/vcfs/gvcfs/kaga_21.g.vcf.gz             -L 21             -ERC GVCF             --tmp-dir ../tmp
        
Submitted job 43 with external jobid 'Job <5461076> is submitted to default queue <research-rh74>.'.

[Fri Mar 26 18:17:31 2021]
rule kaga_call_haplotypes:
    input: ../introgression/bams/merged/kaga.bam, ../introgression/bams/merged/kaga.bai
    output: ../introgression/vcfs/gvcfs/kaga_17.g.vcf.gz
    jobid: 50
    wildcards: chr=17


        gatk --java-options "-Xmx12g" HaplotypeCaller              -R ../refs/Oryzias_latipes.ASM223467v1.dna.toplevel.fa             -I ../introgression/bams/merged/kaga.bam             -O ../introgression/vcfs/gvcfs/kaga_17.g.vcf.gz             -L 17             -ERC GVCF             --tmp-dir ../tmp
        
Submitted job 50 with external jobid 'Job <5461082> is submitted to default queue <research-rh74>.'.

[Fri Mar 26 18:17:31 2021]
rule kaga_call_haplotypes:
    input: ../introgression/bams/merged/kaga.bam, ../introgression/bams/merged/kaga.bai
    output: ../introgression/vcfs/gvcfs/kaga_14.g.vcf.gz
    jobid: 29
    wildcards: chr=14


        gatk --java-options "-Xmx12g" HaplotypeCaller              -R ../refs/Oryzias_latipes.ASM223467v1.dna.toplevel.fa             -I ../introgression/bams/merged/kaga.bam             -O ../introgression/vcfs/gvcfs/kaga_14.g.vcf.gz             -L 14             -ERC GVCF             --tmp-dir ../tmp
        
Submitted job 29 with external jobid 'Job <5461085> is submitted to default queue <research-rh74>.'.

[Fri Mar 26 18:17:31 2021]
rule kaga_call_haplotypes:
    input: ../introgression/bams/merged/kaga.bam, ../introgression/bams/merged/kaga.bai
    output: ../introgression/vcfs/gvcfs/kaga_11.g.vcf.gz
    jobid: 36
    wildcards: chr=11


        gatk --java-options "-Xmx12g" HaplotypeCaller              -R ../refs/Oryzias_latipes.ASM223467v1.dna.toplevel.fa             -I ../introgression/bams/merged/kaga.bam             -O ../introgression/vcfs/gvcfs/kaga_11.g.vcf.gz             -L 11             -ERC GVCF             --tmp-dir ../tmp
        
Submitted job 36 with external jobid 'Job <5461093> is submitted to default queue <research-rh74>.'.

[Fri Mar 26 18:17:33 2021]
rule kaga_call_haplotypes:
    input: ../introgression/bams/merged/kaga.bam, ../introgression/bams/merged/kaga.bai
    output: ../introgression/vcfs/gvcfs/kaga_20.g.vcf.gz
    jobid: 44
    wildcards: chr=20


        gatk --java-options "-Xmx12g" HaplotypeCaller              -R ../refs/Oryzias_latipes.ASM223467v1.dna.toplevel.fa             -I ../introgression/bams/merged/kaga.bam             -O ../introgression/vcfs/gvcfs/kaga_20.g.vcf.gz             -L 20             -ERC GVCF             --tmp-dir ../tmp
        
Submitted job 44 with external jobid 'Job <5461139> is submitted to default queue <research-rh74>.'.

[Fri Mar 26 18:17:33 2021]
rule kaga_call_haplotypes:
    input: ../introgression/bams/merged/kaga.bam, ../introgression/bams/merged/kaga.bai
    output: ../introgression/vcfs/gvcfs/kaga_16.g.vcf.gz
    jobid: 30
    wildcards: chr=16


        gatk --java-options "-Xmx12g" HaplotypeCaller              -R ../refs/Oryzias_latipes.ASM223467v1.dna.toplevel.fa             -I ../introgression/bams/merged/kaga.bam             -O ../introgression/vcfs/gvcfs/kaga_16.g.vcf.gz             -L 16             -ERC GVCF             --tmp-dir ../tmp
        
Submitted job 30 with external jobid 'Job <5461153> is submitted to default queue <research-rh74>.'.

[Fri Mar 26 18:17:33 2021]
rule kaga_call_haplotypes:
    input: ../introgression/bams/merged/kaga.bam, ../introgression/bams/merged/kaga.bai
    output: ../introgression/vcfs/gvcfs/kaga_22.g.vcf.gz
    jobid: 37
    wildcards: chr=22


        gatk --java-options "-Xmx12g" HaplotypeCaller              -R ../refs/Oryzias_latipes.ASM223467v1.dna.toplevel.fa             -I ../introgression/bams/merged/kaga.bam             -O ../introgression/vcfs/gvcfs/kaga_22.g.vcf.gz             -L 22             -ERC GVCF             --tmp-dir ../tmp
        
Submitted job 37 with external jobid 'Job <5461159> is submitted to default queue <research-rh74>.'.

[Fri Mar 26 18:17:34 2021]
rule kaga_call_haplotypes:
    input: ../introgression/bams/merged/kaga.bam, ../introgression/bams/merged/kaga.bai
    output: ../introgression/vcfs/gvcfs/kaga_8.g.vcf.gz
    jobid: 45
    wildcards: chr=8


        gatk --java-options "-Xmx12g" HaplotypeCaller              -R ../refs/Oryzias_latipes.ASM223467v1.dna.toplevel.fa             -I ../introgression/bams/merged/kaga.bam             -O ../introgression/vcfs/gvcfs/kaga_8.g.vcf.gz             -L 8             -ERC GVCF             --tmp-dir ../tmp
        
Submitted job 45 with external jobid 'Job <5461163> is submitted to default queue <research-rh74>.'.

[Fri Mar 26 18:17:34 2021]
rule kaga_call_haplotypes:
    input: ../introgression/bams/merged/kaga.bam, ../introgression/bams/merged/kaga.bai
    output: ../introgression/vcfs/gvcfs/kaga_3.g.vcf.gz
    jobid: 31
    wildcards: chr=3


        gatk --java-options "-Xmx12g" HaplotypeCaller              -R ../refs/Oryzias_latipes.ASM223467v1.dna.toplevel.fa             -I ../introgression/bams/merged/kaga.bam             -O ../introgression/vcfs/gvcfs/kaga_3.g.vcf.gz             -L 3             -ERC GVCF             --tmp-dir ../tmp
        
Submitted job 31 with external jobid 'Job <5461167> is submitted to default queue <research-rh74>.'.

[Fri Mar 26 18:17:34 2021]
rule kaga_call_haplotypes:
    input: ../introgression/bams/merged/kaga.bam, ../introgression/bams/merged/kaga.bai
    output: ../introgression/vcfs/gvcfs/kaga_24.g.vcf.gz
    jobid: 38
    wildcards: chr=24


        gatk --java-options "-Xmx12g" HaplotypeCaller              -R ../refs/Oryzias_latipes.ASM223467v1.dna.toplevel.fa             -I ../introgression/bams/merged/kaga.bam             -O ../introgression/vcfs/gvcfs/kaga_24.g.vcf.gz             -L 24             -ERC GVCF             --tmp-dir ../tmp
        
Submitted job 38 with external jobid 'Job <5461171> is submitted to default queue <research-rh74>.'.

[Fri Mar 26 18:17:34 2021]
rule kaga_call_haplotypes:
    input: ../introgression/bams/merged/kaga.bam, ../introgression/bams/merged/kaga.bai
    output: ../introgression/vcfs/gvcfs/kaga_10.g.vcf.gz
    jobid: 46
    wildcards: chr=10


        gatk --java-options "-Xmx12g" HaplotypeCaller              -R ../refs/Oryzias_latipes.ASM223467v1.dna.toplevel.fa             -I ../introgression/bams/merged/kaga.bam             -O ../introgression/vcfs/gvcfs/kaga_10.g.vcf.gz             -L 10             -ERC GVCF             --tmp-dir ../tmp
        
Submitted job 46 with external jobid 'Job <5461174> is submitted to default queue <research-rh74>.'.

[Fri Mar 26 18:17:34 2021]
rule kaga_call_haplotypes:
    input: ../introgression/bams/merged/kaga.bam, ../introgression/bams/merged/kaga.bai
    output: ../introgression/vcfs/gvcfs/kaga_4.g.vcf.gz
    jobid: 32
    wildcards: chr=4


        gatk --java-options "-Xmx12g" HaplotypeCaller              -R ../refs/Oryzias_latipes.ASM223467v1.dna.toplevel.fa             -I ../introgression/bams/merged/kaga.bam             -O ../introgression/vcfs/gvcfs/kaga_4.g.vcf.gz             -L 4             -ERC GVCF             --tmp-dir ../tmp
        
Submitted job 32 with external jobid 'Job <5461179> is submitted to default queue <research-rh74>.'.

[Fri Mar 26 18:17:36 2021]
rule kaga_call_haplotypes:
    input: ../introgression/bams/merged/kaga.bam, ../introgression/bams/merged/kaga.bai
    output: ../introgression/vcfs/gvcfs/kaga_13.g.vcf.gz
    jobid: 39
    wildcards: chr=13


        gatk --java-options "-Xmx12g" HaplotypeCaller              -R ../refs/Oryzias_latipes.ASM223467v1.dna.toplevel.fa             -I ../introgression/bams/merged/kaga.bam             -O ../introgression/vcfs/gvcfs/kaga_13.g.vcf.gz             -L 13             -ERC GVCF             --tmp-dir ../tmp
        
Submitted job 39 with external jobid 'Job <5461227> is submitted to default queue <research-rh74>.'.

[Fri Mar 26 18:17:36 2021]
rule kaga_call_haplotypes:
    input: ../introgression/bams/merged/kaga.bam, ../introgression/bams/merged/kaga.bai
    output: ../introgression/vcfs/gvcfs/kaga_1.g.vcf.gz
    jobid: 47
    wildcards: chr=1


        gatk --java-options "-Xmx12g" HaplotypeCaller              -R ../refs/Oryzias_latipes.ASM223467v1.dna.toplevel.fa             -I ../introgression/bams/merged/kaga.bam             -O ../introgression/vcfs/gvcfs/kaga_1.g.vcf.gz             -L 1             -ERC GVCF             --tmp-dir ../tmp
        
Submitted job 47 with external jobid 'Job <5461231> is submitted to default queue <research-rh74>.'.

[Fri Mar 26 18:17:36 2021]
rule kaga_call_haplotypes:
    input: ../introgression/bams/merged/kaga.bam, ../introgression/bams/merged/kaga.bai
    output: ../introgression/vcfs/gvcfs/kaga_19.g.vcf.gz
    jobid: 33
    wildcards: chr=19


        gatk --java-options "-Xmx12g" HaplotypeCaller              -R ../refs/Oryzias_latipes.ASM223467v1.dna.toplevel.fa             -I ../introgression/bams/merged/kaga.bam             -O ../introgression/vcfs/gvcfs/kaga_19.g.vcf.gz             -L 19             -ERC GVCF             --tmp-dir ../tmp
        
Submitted job 33 with external jobid 'Job <5461238> is submitted to default queue <research-rh74>.'.

[Fri Mar 26 18:17:37 2021]
rule kaga_call_haplotypes:
    input: ../introgression/bams/merged/kaga.bam, ../introgression/bams/merged/kaga.bai
    output: ../introgression/vcfs/gvcfs/kaga_23.g.vcf.gz
    jobid: 40
    wildcards: chr=23


        gatk --java-options "-Xmx12g" HaplotypeCaller              -R ../refs/Oryzias_latipes.ASM223467v1.dna.toplevel.fa             -I ../introgression/bams/merged/kaga.bam             -O ../introgression/vcfs/gvcfs/kaga_23.g.vcf.gz             -L 23             -ERC GVCF             --tmp-dir ../tmp
        
Submitted job 40 with external jobid 'Job <5461257> is submitted to default queue <research-rh74>.'.

[Fri Mar 26 18:17:37 2021]
rule kaga_call_haplotypes:
    input: ../introgression/bams/merged/kaga.bam, ../introgression/bams/merged/kaga.bai
    output: ../introgression/vcfs/gvcfs/kaga_18.g.vcf.gz
    jobid: 48
    wildcards: chr=18


        gatk --java-options "-Xmx12g" HaplotypeCaller              -R ../refs/Oryzias_latipes.ASM223467v1.dna.toplevel.fa             -I ../introgression/bams/merged/kaga.bam             -O ../introgression/vcfs/gvcfs/kaga_18.g.vcf.gz             -L 18             -ERC GVCF             --tmp-dir ../tmp
        
Submitted job 48 with external jobid 'Job <5461262> is submitted to default queue <research-rh74>.'.

[Fri Mar 26 18:17:37 2021]
rule kaga_call_haplotypes:
    input: ../introgression/bams/merged/kaga.bam, ../introgression/bams/merged/kaga.bai
    output: ../introgression/vcfs/gvcfs/kaga_5.g.vcf.gz
    jobid: 41
    wildcards: chr=5


        gatk --java-options "-Xmx12g" HaplotypeCaller              -R ../refs/Oryzias_latipes.ASM223467v1.dna.toplevel.fa             -I ../introgression/bams/merged/kaga.bam             -O ../introgression/vcfs/gvcfs/kaga_5.g.vcf.gz             -L 5             -ERC GVCF             --tmp-dir ../tmp
        
Submitted job 41 with external jobid 'Job <5461268> is submitted to default queue <research-rh74>.'.
[Sat Mar 27 02:21:23 2021]
Finished job 38.
1 of 73 steps (1%) done
Select jobs to execute...

[Sat Mar 27 02:21:24 2021]
rule kaga_genotype:
    input: ../introgression/vcfs/gvcfs/kaga_24.g.vcf.gz
    output: ../introgression/vcfs/final/kaga_24.vcf.gz
    jobid: 62
    wildcards: chr=24


        gatk --java-options "-Xmx12g" GenotypeGVCFs             -R ../refs/Oryzias_latipes.ASM223467v1.dna.toplevel.fa             -V ../introgression/vcfs/gvcfs/kaga_24.g.vcf.gz             -O ../introgression/vcfs/final/kaga_24.vcf.gz
        
Submitted job 62 with external jobid 'Job <5587365> is submitted to default queue <research-rh74>.'.
[Sat Mar 27 02:23:52 2021]
Finished job 62.
2 of 73 steps (3%) done
Select jobs to execute...

[Sat Mar 27 02:23:57 2021]
rule kaga_index_vcf:
    input: ../introgression/vcfs/final/kaga_24.vcf.gz
    output: ../introgression/vcfs/final/kaga_24.vcf.gz.tbi
    jobid: 86
    wildcards: chr=24


        bcftools index --tbi ../introgression/vcfs/final/kaga_24.vcf.gz
        
Submitted job 86 with external jobid 'Job <5587957> is submitted to default queue <research-rh74>.'.
[Sat Mar 27 02:25:33 2021]
Finished job 86.
3 of 73 steps (4%) done
[Sat Mar 27 03:07:01 2021]
Finished job 33.
4 of 73 steps (5%) done
Select jobs to execute...

[Sat Mar 27 03:07:03 2021]
rule kaga_genotype:
    input: ../introgression/vcfs/gvcfs/kaga_19.g.vcf.gz
    output: ../introgression/vcfs/final/kaga_19.vcf.gz
    jobid: 57
    wildcards: chr=19


        gatk --java-options "-Xmx12g" GenotypeGVCFs             -R ../refs/Oryzias_latipes.ASM223467v1.dna.toplevel.fa             -V ../introgression/vcfs/gvcfs/kaga_19.g.vcf.gz             -O ../introgression/vcfs/final/kaga_19.vcf.gz
        
Submitted job 57 with external jobid 'Job <5597637> is submitted to default queue <research-rh74>.'.
[Sat Mar 27 03:09:36 2021]
Finished job 57.
5 of 73 steps (7%) done
Select jobs to execute...

[Sat Mar 27 03:09:37 2021]
rule kaga_index_vcf:
    input: ../introgression/vcfs/final/kaga_19.vcf.gz
    output: ../introgression/vcfs/final/kaga_19.vcf.gz.tbi
    jobid: 81
    wildcards: chr=19


        bcftools index --tbi ../introgression/vcfs/final/kaga_19.vcf.gz
        
Submitted job 81 with external jobid 'Job <5598255> is submitted to default queue <research-rh74>.'.
[Sat Mar 27 03:10:02 2021]
Finished job 81.
6 of 73 steps (8%) done
[Sat Mar 27 03:24:06 2021]
Finished job 40.
7 of 73 steps (10%) done
Select jobs to execute...

[Sat Mar 27 03:24:06 2021]
rule kaga_genotype:
    input: ../introgression/vcfs/gvcfs/kaga_23.g.vcf.gz
    output: ../introgression/vcfs/final/kaga_23.vcf.gz
    jobid: 64
    wildcards: chr=23


        gatk --java-options "-Xmx12g" GenotypeGVCFs             -R ../refs/Oryzias_latipes.ASM223467v1.dna.toplevel.fa             -V ../introgression/vcfs/gvcfs/kaga_23.g.vcf.gz             -O ../introgression/vcfs/final/kaga_23.vcf.gz
        
Submitted job 64 with external jobid 'Job <5601553> is submitted to default queue <research-rh74>.'.
[Sat Mar 27 03:26:18 2021]
Finished job 64.
8 of 73 steps (11%) done
Select jobs to execute...

[Sat Mar 27 03:26:19 2021]
rule kaga_index_vcf:
    input: ../introgression/vcfs/final/kaga_23.vcf.gz
    output: ../introgression/vcfs/final/kaga_23.vcf.gz.tbi
    jobid: 88
    wildcards: chr=23


        bcftools index --tbi ../introgression/vcfs/final/kaga_23.vcf.gz
        
Submitted job 88 with external jobid 'Job <5602005> is submitted to default queue <research-rh74>.'.
[Sat Mar 27 03:26:32 2021]
Finished job 88.
9 of 73 steps (12%) done
[Sat Mar 27 04:00:26 2021]
Finished job 49.
10 of 73 steps (14%) done
Select jobs to execute...

[Sat Mar 27 04:00:27 2021]
rule kaga_genotype:
    input: ../introgression/vcfs/gvcfs/kaga_2.g.vcf.gz
    output: ../introgression/vcfs/final/kaga_2.vcf.gz
    jobid: 73
    wildcards: chr=2


        gatk --java-options "-Xmx12g" GenotypeGVCFs             -R ../refs/Oryzias_latipes.ASM223467v1.dna.toplevel.fa             -V ../introgression/vcfs/gvcfs/kaga_2.g.vcf.gz             -O ../introgression/vcfs/final/kaga_2.vcf.gz
        
Submitted job 73 with external jobid 'Job <5610204> is submitted to default queue <research-rh74>.'.
[Sat Mar 27 04:02:17 2021]
Finished job 73.
11 of 73 steps (15%) done
Select jobs to execute...

[Sat Mar 27 04:02:18 2021]
rule kaga_index_vcf:
    input: ../introgression/vcfs/final/kaga_2.vcf.gz
    output: ../introgression/vcfs/final/kaga_2.vcf.gz.tbi
    jobid: 97
    wildcards: chr=2


        bcftools index --tbi ../introgression/vcfs/final/kaga_2.vcf.gz
        
Submitted job 97 with external jobid 'Job <5610903> is submitted to default queue <research-rh74>.'.
[Sat Mar 27 04:02:30 2021]
Finished job 97.
12 of 73 steps (16%) done
[Sat Mar 27 04:18:41 2021]
Finished job 45.
13 of 73 steps (18%) done
Select jobs to execute...

[Sat Mar 27 04:18:42 2021]
rule kaga_genotype:
    input: ../introgression/vcfs/gvcfs/kaga_8.g.vcf.gz
    output: ../introgression/vcfs/final/kaga_8.vcf.gz
    jobid: 69
    wildcards: chr=8


        gatk --java-options "-Xmx12g" GenotypeGVCFs             -R ../refs/Oryzias_latipes.ASM223467v1.dna.toplevel.fa             -V ../introgression/vcfs/gvcfs/kaga_8.g.vcf.gz             -O ../introgression/vcfs/final/kaga_8.vcf.gz
        
Submitted job 69 with external jobid 'Job <5614893> is submitted to default queue <research-rh74>.'.
[Sat Mar 27 04:20:29 2021]
Finished job 69.
14 of 73 steps (19%) done
Select jobs to execute...

[Sat Mar 27 04:20:30 2021]
rule kaga_index_vcf:
    input: ../introgression/vcfs/final/kaga_8.vcf.gz
    output: ../introgression/vcfs/final/kaga_8.vcf.gz.tbi
    jobid: 93
    wildcards: chr=8


        bcftools index --tbi ../introgression/vcfs/final/kaga_8.vcf.gz
        
Submitted job 93 with external jobid 'Job <5615301> is submitted to default queue <research-rh74>.'.
[Sat Mar 27 04:20:42 2021]
Finished job 93.
15 of 73 steps (21%) done
[Sat Mar 27 04:47:06 2021]
Finished job 36.
16 of 73 steps (22%) done
Select jobs to execute...

[Sat Mar 27 04:47:07 2021]
rule kaga_genotype:
    input: ../introgression/vcfs/gvcfs/kaga_11.g.vcf.gz
    output: ../introgression/vcfs/final/kaga_11.vcf.gz
    jobid: 60
    wildcards: chr=11


        gatk --java-options "-Xmx12g" GenotypeGVCFs             -R ../refs/Oryzias_latipes.ASM223467v1.dna.toplevel.fa             -V ../introgression/vcfs/gvcfs/kaga_11.g.vcf.gz             -O ../introgression/vcfs/final/kaga_11.vcf.gz
        
Submitted job 60 with external jobid 'Job <5621364> is submitted to default queue <research-rh74>.'.
[Sat Mar 27 04:49:54 2021]
Finished job 60.
17 of 73 steps (23%) done
Select jobs to execute...

[Sat Mar 27 04:49:55 2021]
rule kaga_index_vcf:
    input: ../introgression/vcfs/final/kaga_11.vcf.gz
    output: ../introgression/vcfs/final/kaga_11.vcf.gz.tbi
    jobid: 84
    wildcards: chr=11


        bcftools index --tbi ../introgression/vcfs/final/kaga_11.vcf.gz
        
Submitted job 84 with external jobid 'Job <5621967> is submitted to default queue <research-rh74>.'.
[Sat Mar 27 04:50:17 2021]
Finished job 84.
18 of 73 steps (25%) done
[Sat Mar 27 04:59:21 2021]
Finished job 37.
19 of 73 steps (26%) done
Select jobs to execute...

[Sat Mar 27 04:59:22 2021]
rule kaga_genotype:
    input: ../introgression/vcfs/gvcfs/kaga_22.g.vcf.gz
    output: ../introgression/vcfs/final/kaga_22.vcf.gz
    jobid: 61
    wildcards: chr=22


        gatk --java-options "-Xmx12g" GenotypeGVCFs             -R ../refs/Oryzias_latipes.ASM223467v1.dna.toplevel.fa             -V ../introgression/vcfs/gvcfs/kaga_22.g.vcf.gz             -O ../introgression/vcfs/final/kaga_22.vcf.gz
        
Submitted job 61 with external jobid 'Job <5624178> is submitted to default queue <research-rh74>.'.
[Sat Mar 27 05:01:46 2021]
Finished job 61.
20 of 73 steps (27%) done
Select jobs to execute...

[Sat Mar 27 05:01:47 2021]
rule kaga_index_vcf:
    input: ../introgression/vcfs/final/kaga_22.vcf.gz
    output: ../introgression/vcfs/final/kaga_22.vcf.gz.tbi
    jobid: 85
    wildcards: chr=22


        bcftools index --tbi ../introgression/vcfs/final/kaga_22.vcf.gz
        
Submitted job 85 with external jobid 'Job <5625204> is submitted to default queue <research-rh74>.'.
[Sat Mar 27 05:02:08 2021]
Finished job 85.
21 of 73 steps (29%) done
[Sat Mar 27 05:40:56 2021]
Finished job 46.
22 of 73 steps (30%) done
Select jobs to execute...

[Sat Mar 27 05:40:57 2021]
rule kaga_genotype:
    input: ../introgression/vcfs/gvcfs/kaga_10.g.vcf.gz
    output: ../introgression/vcfs/final/kaga_10.vcf.gz
    jobid: 70
    wildcards: chr=10


        gatk --java-options "-Xmx12g" GenotypeGVCFs             -R ../refs/Oryzias_latipes.ASM223467v1.dna.toplevel.fa             -V ../introgression/vcfs/gvcfs/kaga_10.g.vcf.gz             -O ../introgression/vcfs/final/kaga_10.vcf.gz
        
Submitted job 70 with external jobid 'Job <5634472> is submitted to default queue <research-rh74>.'.
[Sat Mar 27 05:42:58 2021]
Finished job 70.
23 of 73 steps (32%) done
Select jobs to execute...

[Sat Mar 27 05:42:59 2021]
rule kaga_index_vcf:
    input: ../introgression/vcfs/final/kaga_10.vcf.gz
    output: ../introgression/vcfs/final/kaga_10.vcf.gz.tbi
    jobid: 94
    wildcards: chr=10


        bcftools index --tbi ../introgression/vcfs/final/kaga_10.vcf.gz
        
Submitted job 94 with external jobid 'Job <5634971> is submitted to default queue <research-rh74>.'.
[Sat Mar 27 05:43:21 2021]
Finished job 94.
24 of 73 steps (33%) done
[Sat Mar 27 05:56:16 2021]
Finished job 29.
25 of 73 steps (34%) done
Select jobs to execute...

[Sat Mar 27 05:56:17 2021]
rule kaga_genotype:
    input: ../introgression/vcfs/gvcfs/kaga_14.g.vcf.gz
    output: ../introgression/vcfs/final/kaga_14.vcf.gz
    jobid: 53
    wildcards: chr=14


        gatk --java-options "-Xmx12g" GenotypeGVCFs             -R ../refs/Oryzias_latipes.ASM223467v1.dna.toplevel.fa             -V ../introgression/vcfs/gvcfs/kaga_14.g.vcf.gz             -O ../introgression/vcfs/final/kaga_14.vcf.gz
        
Submitted job 53 with external jobid 'Job <5638050> is submitted to default queue <research-rh74>.'.
[Sat Mar 27 05:58:19 2021]
Finished job 53.
26 of 73 steps (36%) done
Select jobs to execute...

[Sat Mar 27 05:58:19 2021]
rule kaga_index_vcf:
    input: ../introgression/vcfs/final/kaga_14.vcf.gz
    output: ../introgression/vcfs/final/kaga_14.vcf.gz.tbi
    jobid: 77
    wildcards: chr=14


        bcftools index --tbi ../introgression/vcfs/final/kaga_14.vcf.gz
        
Submitted job 77 with external jobid 'Job <5638499> is submitted to default queue <research-rh74>.'.
[Sat Mar 27 05:58:41 2021]
Finished job 77.
27 of 73 steps (37%) done
[Sat Mar 27 06:20:37 2021]
Finished job 50.
28 of 73 steps (38%) done
Select jobs to execute...

[Sat Mar 27 06:20:38 2021]
rule kaga_genotype:
    input: ../introgression/vcfs/gvcfs/kaga_17.g.vcf.gz
    output: ../introgression/vcfs/final/kaga_17.vcf.gz
    jobid: 74
    wildcards: chr=17


        gatk --java-options "-Xmx12g" GenotypeGVCFs             -R ../refs/Oryzias_latipes.ASM223467v1.dna.toplevel.fa             -V ../introgression/vcfs/gvcfs/kaga_17.g.vcf.gz             -O ../introgression/vcfs/final/kaga_17.vcf.gz
        
Submitted job 74 with external jobid 'Job <5643808> is submitted to default queue <research-rh74>.'.
[Sat Mar 27 06:21:33 2021]
Finished job 43.
29 of 73 steps (40%) done
Select jobs to execute...

[Sat Mar 27 06:21:34 2021]
rule kaga_genotype:
    input: ../introgression/vcfs/gvcfs/kaga_21.g.vcf.gz
    output: ../introgression/vcfs/final/kaga_21.vcf.gz
    jobid: 67
    wildcards: chr=21


        gatk --java-options "-Xmx12g" GenotypeGVCFs             -R ../refs/Oryzias_latipes.ASM223467v1.dna.toplevel.fa             -V ../introgression/vcfs/gvcfs/kaga_21.g.vcf.gz             -O ../introgression/vcfs/final/kaga_21.vcf.gz
        
Submitted job 67 with external jobid 'Job <5644003> is submitted to default queue <research-rh74>.'.
[Sat Mar 27 06:22:52 2021]
Finished job 74.
30 of 73 steps (41%) done
Select jobs to execute...

[Sat Mar 27 06:22:53 2021]
rule kaga_index_vcf:
    input: ../introgression/vcfs/final/kaga_17.vcf.gz
    output: ../introgression/vcfs/final/kaga_17.vcf.gz.tbi
    jobid: 98
    wildcards: chr=17


        bcftools index --tbi ../introgression/vcfs/final/kaga_17.vcf.gz
        
Submitted job 98 with external jobid 'Job <5644327> is submitted to default queue <research-rh74>.'.
[Sat Mar 27 06:23:15 2021]
Finished job 98.
31 of 73 steps (42%) done
[Sat Mar 27 06:24:23 2021]
Finished job 67.
32 of 73 steps (44%) done
Select jobs to execute...

[Sat Mar 27 06:24:25 2021]
rule kaga_index_vcf:
    input: ../introgression/vcfs/final/kaga_21.vcf.gz
    output: ../introgression/vcfs/final/kaga_21.vcf.gz.tbi
    jobid: 91
    wildcards: chr=21


        bcftools index --tbi ../introgression/vcfs/final/kaga_21.vcf.gz
        
Submitted job 91 with external jobid 'Job <5644634> is submitted to default queue <research-rh74>.'.
[Sat Mar 27 06:24:34 2021]
Finished job 42.
33 of 73 steps (45%) done
Select jobs to execute...

[Sat Mar 27 06:24:35 2021]
rule kaga_genotype:
    input: ../introgression/vcfs/gvcfs/kaga_12.g.vcf.gz
    output: ../introgression/vcfs/final/kaga_12.vcf.gz
    jobid: 66
    wildcards: chr=12


        gatk --java-options "-Xmx12g" GenotypeGVCFs             -R ../refs/Oryzias_latipes.ASM223467v1.dna.toplevel.fa             -V ../introgression/vcfs/gvcfs/kaga_12.g.vcf.gz             -O ../introgression/vcfs/final/kaga_12.vcf.gz
        
Submitted job 66 with external jobid 'Job <5644676> is submitted to default queue <research-rh74>.'.
[Sat Mar 27 06:24:46 2021]
Finished job 91.
34 of 73 steps (47%) done
[Sat Mar 27 06:27:22 2021]
Finished job 66.
35 of 73 steps (48%) done
Select jobs to execute...

[Sat Mar 27 06:27:23 2021]
rule kaga_index_vcf:
    input: ../introgression/vcfs/final/kaga_12.vcf.gz
    output: ../introgression/vcfs/final/kaga_12.vcf.gz.tbi
    jobid: 90
    wildcards: chr=12


        bcftools index --tbi ../introgression/vcfs/final/kaga_12.vcf.gz
        
Submitted job 90 with external jobid 'Job <5645272> is submitted to default queue <research-rh74>.'.
[Sat Mar 27 06:27:35 2021]
Finished job 90.
36 of 73 steps (49%) done
[Sat Mar 27 06:36:05 2021]
Finished job 28.
37 of 73 steps (51%) done
Select jobs to execute...
[Sat Mar 27 06:36:05 2021]
Finished job 35.
38 of 73 steps (52%) done

[Sat Mar 27 06:36:06 2021]
rule kaga_genotype:
    input: ../introgression/vcfs/gvcfs/kaga_9.g.vcf.gz
    output: ../introgression/vcfs/final/kaga_9.vcf.gz
    jobid: 52
    wildcards: chr=9


        gatk --java-options "-Xmx12g" GenotypeGVCFs             -R ../refs/Oryzias_latipes.ASM223467v1.dna.toplevel.fa             -V ../introgression/vcfs/gvcfs/kaga_9.g.vcf.gz             -O ../introgression/vcfs/final/kaga_9.vcf.gz
        
Submitted job 52 with external jobid 'Job <5647272> is submitted to default queue <research-rh74>.'.
Select jobs to execute...

[Sat Mar 27 06:36:07 2021]
rule kaga_genotype:
    input: ../introgression/vcfs/gvcfs/kaga_15.g.vcf.gz
    output: ../introgression/vcfs/final/kaga_15.vcf.gz
    jobid: 59
    wildcards: chr=15


        gatk --java-options "-Xmx12g" GenotypeGVCFs             -R ../refs/Oryzias_latipes.ASM223467v1.dna.toplevel.fa             -V ../introgression/vcfs/gvcfs/kaga_15.g.vcf.gz             -O ../introgression/vcfs/final/kaga_15.vcf.gz
        
Submitted job 59 with external jobid 'Job <5647274> is submitted to default queue <research-rh74>.'.
[Sat Mar 27 06:37:59 2021]
Finished job 52.
39 of 73 steps (53%) done
Select jobs to execute...
[Sat Mar 27 06:37:59 2021]
Finished job 59.
40 of 73 steps (55%) done

[Sat Mar 27 06:37:59 2021]
rule kaga_index_vcf:
    input: ../introgression/vcfs/final/kaga_9.vcf.gz
    output: ../introgression/vcfs/final/kaga_9.vcf.gz.tbi
    jobid: 76
    wildcards: chr=9


        bcftools index --tbi ../introgression/vcfs/final/kaga_9.vcf.gz
        
Submitted job 76 with external jobid 'Job <5647758> is submitted to default queue <research-rh74>.'.
Select jobs to execute...

[Sat Mar 27 06:38:00 2021]
rule kaga_index_vcf:
    input: ../introgression/vcfs/final/kaga_15.vcf.gz
    output: ../introgression/vcfs/final/kaga_15.vcf.gz.tbi
    jobid: 83
    wildcards: chr=15


        bcftools index --tbi ../introgression/vcfs/final/kaga_15.vcf.gz
        
Submitted job 83 with external jobid 'Job <5647769> is submitted to default queue <research-rh74>.'.
[Sat Mar 27 06:38:10 2021]
Finished job 83.
41 of 73 steps (56%) done
[Sat Mar 27 06:38:22 2021]
Finished job 76.
42 of 73 steps (58%) done
[Sat Mar 27 06:47:12 2021]
Finished job 27.
43 of 73 steps (59%) done
Select jobs to execute...

[Sat Mar 27 06:47:13 2021]
rule kaga_genotype:
    input: ../introgression/vcfs/gvcfs/kaga_7.g.vcf.gz
    output: ../introgression/vcfs/final/kaga_7.vcf.gz
    jobid: 51
    wildcards: chr=7


        gatk --java-options "-Xmx12g" GenotypeGVCFs             -R ../refs/Oryzias_latipes.ASM223467v1.dna.toplevel.fa             -V ../introgression/vcfs/gvcfs/kaga_7.g.vcf.gz             -O ../introgression/vcfs/final/kaga_7.vcf.gz
        
Submitted job 51 with external jobid 'Job <5649968> is submitted to default queue <research-rh74>.'.
[Sat Mar 27 06:50:21 2021]
Finished job 51.
44 of 73 steps (60%) done
Select jobs to execute...

[Sat Mar 27 06:50:22 2021]
rule kaga_index_vcf:
    input: ../introgression/vcfs/final/kaga_7.vcf.gz
    output: ../introgression/vcfs/final/kaga_7.vcf.gz.tbi
    jobid: 75
    wildcards: chr=7


        bcftools index --tbi ../introgression/vcfs/final/kaga_7.vcf.gz
        
Submitted job 75 with external jobid 'Job <5650660> is submitted to default queue <research-rh74>.'.
[Sat Mar 27 06:50:43 2021]
Finished job 48.
45 of 73 steps (62%) done
Select jobs to execute...
[Sat Mar 27 06:50:43 2021]
Finished job 75.
46 of 73 steps (63%) done

[Sat Mar 27 06:50:44 2021]
rule kaga_genotype:
    input: ../introgression/vcfs/gvcfs/kaga_18.g.vcf.gz
    output: ../introgression/vcfs/final/kaga_18.vcf.gz
    jobid: 72
    wildcards: chr=18


        gatk --java-options "-Xmx12g" GenotypeGVCFs             -R ../refs/Oryzias_latipes.ASM223467v1.dna.toplevel.fa             -V ../introgression/vcfs/gvcfs/kaga_18.g.vcf.gz             -O ../introgression/vcfs/final/kaga_18.vcf.gz
        
Submitted job 72 with external jobid 'Job <5650799> is submitted to default queue <research-rh74>.'.
[Sat Mar 27 06:51:04 2021]
Finished job 41.
47 of 73 steps (64%) done
Select jobs to execute...

[Sat Mar 27 06:51:04 2021]
rule kaga_genotype:
    input: ../introgression/vcfs/gvcfs/kaga_5.g.vcf.gz
    output: ../introgression/vcfs/final/kaga_5.vcf.gz
    jobid: 65
    wildcards: chr=5


        gatk --java-options "-Xmx12g" GenotypeGVCFs             -R ../refs/Oryzias_latipes.ASM223467v1.dna.toplevel.fa             -V ../introgression/vcfs/gvcfs/kaga_5.g.vcf.gz             -O ../introgression/vcfs/final/kaga_5.vcf.gz
        
Submitted job 65 with external jobid 'Job <5650849> is submitted to default queue <research-rh74>.'.
[Sat Mar 27 06:52:55 2021]
Finished job 72.
48 of 73 steps (66%) done
Select jobs to execute...

[Sat Mar 27 06:52:56 2021]
rule kaga_index_vcf:
    input: ../introgression/vcfs/final/kaga_18.vcf.gz
    output: ../introgression/vcfs/final/kaga_18.vcf.gz.tbi
    jobid: 96
    wildcards: chr=18


        bcftools index --tbi ../introgression/vcfs/final/kaga_18.vcf.gz
        
Submitted job 96 with external jobid 'Job <5651277> is submitted to default queue <research-rh74>.'.
[Sat Mar 27 06:53:05 2021]
Finished job 65.
49 of 73 steps (67%) done
Select jobs to execute...
[Sat Mar 27 06:53:05 2021]
Finished job 96.
50 of 73 steps (68%) done

[Sat Mar 27 06:53:06 2021]
rule kaga_index_vcf:
    input: ../introgression/vcfs/final/kaga_5.vcf.gz
    output: ../introgression/vcfs/final/kaga_5.vcf.gz.tbi
    jobid: 89
    wildcards: chr=5


        bcftools index --tbi ../introgression/vcfs/final/kaga_5.vcf.gz
        
Submitted job 89 with external jobid 'Job <5651301> is submitted to default queue <research-rh74>.'.
[Sat Mar 27 06:53:15 2021]
Finished job 89.
51 of 73 steps (70%) done
[Sat Mar 27 07:04:53 2021]
Finished job 39.
52 of 73 steps (71%) done
Select jobs to execute...

[Sat Mar 27 07:04:54 2021]
rule kaga_genotype:
    input: ../introgression/vcfs/gvcfs/kaga_13.g.vcf.gz
    output: ../introgression/vcfs/final/kaga_13.vcf.gz
    jobid: 63
    wildcards: chr=13


        gatk --java-options "-Xmx12g" GenotypeGVCFs             -R ../refs/Oryzias_latipes.ASM223467v1.dna.toplevel.fa             -V ../introgression/vcfs/gvcfs/kaga_13.g.vcf.gz             -O ../introgression/vcfs/final/kaga_13.vcf.gz
        
Submitted job 63 with external jobid 'Job <5653862> is submitted to default queue <research-rh74>.'.
[Sat Mar 27 07:06:43 2021]
Finished job 63.
53 of 73 steps (73%) done
Select jobs to execute...

[Sat Mar 27 07:06:44 2021]
rule kaga_index_vcf:
    input: ../introgression/vcfs/final/kaga_13.vcf.gz
    output: ../introgression/vcfs/final/kaga_13.vcf.gz.tbi
    jobid: 87
    wildcards: chr=13


        bcftools index --tbi ../introgression/vcfs/final/kaga_13.vcf.gz
        
Submitted job 87 with external jobid 'Job <5654269> is submitted to default queue <research-rh74>.'.
[Sat Mar 27 07:07:04 2021]
Finished job 87.
54 of 73 steps (74%) done
[Sat Mar 27 07:38:54 2021]
Finished job 34.
55 of 73 steps (75%) done
Select jobs to execute...

[Sat Mar 27 07:38:55 2021]
rule kaga_genotype:
    input: ../introgression/vcfs/gvcfs/kaga_6.g.vcf.gz
    output: ../introgression/vcfs/final/kaga_6.vcf.gz
    jobid: 58
    wildcards: chr=6


        gatk --java-options "-Xmx12g" GenotypeGVCFs             -R ../refs/Oryzias_latipes.ASM223467v1.dna.toplevel.fa             -V ../introgression/vcfs/gvcfs/kaga_6.g.vcf.gz             -O ../introgression/vcfs/final/kaga_6.vcf.gz
        
Submitted job 58 with external jobid 'Job <5661054> is submitted to default queue <research-rh74>.'.
[Sat Mar 27 07:40:55 2021]
Finished job 58.
56 of 73 steps (77%) done
Select jobs to execute...

[Sat Mar 27 07:40:56 2021]
rule kaga_index_vcf:
    input: ../introgression/vcfs/final/kaga_6.vcf.gz
    output: ../introgression/vcfs/final/kaga_6.vcf.gz.tbi
    jobid: 82
    wildcards: chr=6


        bcftools index --tbi ../introgression/vcfs/final/kaga_6.vcf.gz
        
Submitted job 82 with external jobid 'Job <5661469> is submitted to default queue <research-rh74>.'.
[Sat Mar 27 07:41:05 2021]
Finished job 82.
57 of 73 steps (78%) done
[Sat Mar 27 07:53:09 2021]
Finished job 32.
58 of 73 steps (79%) done
Select jobs to execute...

[Sat Mar 27 07:53:10 2021]
rule kaga_genotype:
    input: ../introgression/vcfs/gvcfs/kaga_4.g.vcf.gz
    output: ../introgression/vcfs/final/kaga_4.vcf.gz
    jobid: 56
    wildcards: chr=4


        gatk --java-options "-Xmx12g" GenotypeGVCFs             -R ../refs/Oryzias_latipes.ASM223467v1.dna.toplevel.fa             -V ../introgression/vcfs/gvcfs/kaga_4.g.vcf.gz             -O ../introgression/vcfs/final/kaga_4.vcf.gz
        
Submitted job 56 with external jobid 'Job <5663820> is submitted to default queue <research-rh74>.'.
[Sat Mar 27 07:54:59 2021]
Finished job 56.
59 of 73 steps (81%) done
Select jobs to execute...

[Sat Mar 27 07:55:00 2021]
rule kaga_index_vcf:
    input: ../introgression/vcfs/final/kaga_4.vcf.gz
    output: ../introgression/vcfs/final/kaga_4.vcf.gz.tbi
    jobid: 80
    wildcards: chr=4


        bcftools index --tbi ../introgression/vcfs/final/kaga_4.vcf.gz
        
Submitted job 80 with external jobid 'Job <5664178> is submitted to default queue <research-rh74>.'.
[Sat Mar 27 07:55:19 2021]
Finished job 80.
60 of 73 steps (82%) done
[Sat Mar 27 08:44:48 2021]
Finished job 31.
61 of 73 steps (84%) done
Select jobs to execute...

[Sat Mar 27 08:44:49 2021]
rule kaga_genotype:
    input: ../introgression/vcfs/gvcfs/kaga_3.g.vcf.gz
    output: ../introgression/vcfs/final/kaga_3.vcf.gz
    jobid: 55
    wildcards: chr=3


        gatk --java-options "-Xmx12g" GenotypeGVCFs             -R ../refs/Oryzias_latipes.ASM223467v1.dna.toplevel.fa             -V ../introgression/vcfs/gvcfs/kaga_3.g.vcf.gz             -O ../introgression/vcfs/final/kaga_3.vcf.gz
        
Submitted job 55 with external jobid 'Job <5676051> is submitted to default queue <research-rh74>.'.
[Sat Mar 27 08:46:50 2021]
Finished job 55.
62 of 73 steps (85%) done
Select jobs to execute...

[Sat Mar 27 08:46:50 2021]
rule kaga_index_vcf:
    input: ../introgression/vcfs/final/kaga_3.vcf.gz
    output: ../introgression/vcfs/final/kaga_3.vcf.gz.tbi
    jobid: 79
    wildcards: chr=3


        bcftools index --tbi ../introgression/vcfs/final/kaga_3.vcf.gz
        
Submitted job 79 with external jobid 'Job <5676533> is submitted to default queue <research-rh74>.'.
[Sat Mar 27 08:47:10 2021]
Finished job 79.
63 of 73 steps (86%) done
[Sat Mar 27 09:22:20 2021]
Finished job 44.
64 of 73 steps (88%) done
Select jobs to execute...

[Sat Mar 27 09:22:20 2021]
rule kaga_genotype:
    input: ../introgression/vcfs/gvcfs/kaga_20.g.vcf.gz
    output: ../introgression/vcfs/final/kaga_20.vcf.gz
    jobid: 68
    wildcards: chr=20


        gatk --java-options "-Xmx12g" GenotypeGVCFs             -R ../refs/Oryzias_latipes.ASM223467v1.dna.toplevel.fa             -V ../introgression/vcfs/gvcfs/kaga_20.g.vcf.gz             -O ../introgression/vcfs/final/kaga_20.vcf.gz
        
Submitted job 68 with external jobid 'Job <5684402> is submitted to default queue <research-rh74>.'.
[Sat Mar 27 09:23:50 2021]
Finished job 68.
65 of 73 steps (89%) done
Select jobs to execute...

[Sat Mar 27 09:23:51 2021]
rule kaga_index_vcf:
    input: ../introgression/vcfs/final/kaga_20.vcf.gz
    output: ../introgression/vcfs/final/kaga_20.vcf.gz.tbi
    jobid: 92
    wildcards: chr=20


        bcftools index --tbi ../introgression/vcfs/final/kaga_20.vcf.gz
        
Submitted job 92 with external jobid 'Job <5684741> is submitted to default queue <research-rh74>.'.
[Sat Mar 27 09:24:00 2021]
Finished job 92.
66 of 73 steps (90%) done
[Sat Mar 27 11:18:09 2021]
Finished job 47.
67 of 73 steps (92%) done
Select jobs to execute...

[Sat Mar 27 11:18:10 2021]
rule kaga_genotype:
    input: ../introgression/vcfs/gvcfs/kaga_1.g.vcf.gz
    output: ../introgression/vcfs/final/kaga_1.vcf.gz
    jobid: 71
    wildcards: chr=1


        gatk --java-options "-Xmx12g" GenotypeGVCFs             -R ../refs/Oryzias_latipes.ASM223467v1.dna.toplevel.fa             -V ../introgression/vcfs/gvcfs/kaga_1.g.vcf.gz             -O ../introgression/vcfs/final/kaga_1.vcf.gz
        
Submitted job 71 with external jobid 'Job <5711369> is submitted to default queue <research-rh74>.'.
[Sat Mar 27 11:20:19 2021]
Finished job 71.
68 of 73 steps (93%) done
Select jobs to execute...

[Sat Mar 27 11:20:20 2021]
rule kaga_index_vcf:
    input: ../introgression/vcfs/final/kaga_1.vcf.gz
    output: ../introgression/vcfs/final/kaga_1.vcf.gz.tbi
    jobid: 95
    wildcards: chr=1


        bcftools index --tbi ../introgression/vcfs/final/kaga_1.vcf.gz
        
Submitted job 95 with external jobid 'Job <5711783> is submitted to default queue <research-rh74>.'.
[Sat Mar 27 11:20:30 2021]
Finished job 95.
69 of 73 steps (95%) done
[Sat Mar 27 12:23:03 2021]
Finished job 30.
70 of 73 steps (96%) done
Select jobs to execute...

[Sat Mar 27 12:23:04 2021]
rule kaga_genotype:
    input: ../introgression/vcfs/gvcfs/kaga_16.g.vcf.gz
    output: ../introgression/vcfs/final/kaga_16.vcf.gz
    jobid: 54
    wildcards: chr=16


        gatk --java-options "-Xmx12g" GenotypeGVCFs             -R ../refs/Oryzias_latipes.ASM223467v1.dna.toplevel.fa             -V ../introgression/vcfs/gvcfs/kaga_16.g.vcf.gz             -O ../introgression/vcfs/final/kaga_16.vcf.gz
        
Submitted job 54 with external jobid 'Job <5725463> is submitted to default queue <research-rh74>.'.
[Sat Mar 27 12:24:54 2021]
Finished job 54.
71 of 73 steps (97%) done
Select jobs to execute...

[Sat Mar 27 12:24:55 2021]
rule kaga_index_vcf:
    input: ../introgression/vcfs/final/kaga_16.vcf.gz
    output: ../introgression/vcfs/final/kaga_16.vcf.gz.tbi
    jobid: 78
    wildcards: chr=16


        bcftools index --tbi ../introgression/vcfs/final/kaga_16.vcf.gz
        
Submitted job 78 with external jobid 'Job <5725833> is submitted to default queue <research-rh74>.'.
[Sat Mar 27 12:25:16 2021]
Finished job 78.
72 of 73 steps (99%) done
Select jobs to execute...

[Sat Mar 27 12:25:17 2021]
localrule all:
    input: ../introgression/fastas/DRR002225_1.fastq.gz, ../introgression/fastas/DRR002225_2.fastq.gz, ../introgression/fastas/DRR002226_1.fastq.gz, ../introgression/fastas/DRR002226_2.fastq.gz, ../introgression/fastas/DRR002227_1.fastq.gz, ../introgression/fastas/DRR002227_2.fastq.gz, ../introgression/fastas/DRR002228_1.fastq.gz, ../introgression/fastas/DRR002228_2.fastq.gz, ../introgression/sams/DRR002225.sam, ../introgression/sams/DRR002226.sam, ../introgression/sams/DRR002227.sam, ../introgression/sams/DRR002228.sam, ../introgression/sams/DRR002225_withRGs.sam, ../introgression/sams/DRR002226_withRGs.sam, ../introgression/sams/DRR002227_withRGs.sam, ../introgression/sams/DRR002228_withRGs.sam, ../introgression/bams/sorted/DRR002225.bam, ../introgression/bams/sorted/DRR002226.bam, ../introgression/bams/sorted/DRR002227.bam, ../introgression/bams/sorted/DRR002228.bam, ../introgression/bams/marked/DRR002225.bam, ../introgression/bams/marked/DRR002226.bam, ../introgression/bams/marked/DRR002227.bam, ../introgression/bams/marked/DRR002228.bam, ../introgression/bams/merged/kaga.bam, ../introgression/bams/merged/kaga.bai, ../introgression/vcfs/gvcfs/kaga_7.g.vcf.gz, ../introgression/vcfs/gvcfs/kaga_9.g.vcf.gz, ../introgression/vcfs/gvcfs/kaga_14.g.vcf.gz, ../introgression/vcfs/gvcfs/kaga_16.g.vcf.gz, ../introgression/vcfs/gvcfs/kaga_3.g.vcf.gz, ../introgression/vcfs/gvcfs/kaga_4.g.vcf.gz, ../introgression/vcfs/gvcfs/kaga_19.g.vcf.gz, ../introgression/vcfs/gvcfs/kaga_6.g.vcf.gz, ../introgression/vcfs/gvcfs/kaga_15.g.vcf.gz, ../introgression/vcfs/gvcfs/kaga_11.g.vcf.gz, ../introgression/vcfs/gvcfs/kaga_22.g.vcf.gz, ../introgression/vcfs/gvcfs/kaga_24.g.vcf.gz, ../introgression/vcfs/gvcfs/kaga_13.g.vcf.gz, ../introgression/vcfs/gvcfs/kaga_23.g.vcf.gz, ../introgression/vcfs/gvcfs/kaga_5.g.vcf.gz, ../introgression/vcfs/gvcfs/kaga_12.g.vcf.gz, ../introgression/vcfs/gvcfs/kaga_21.g.vcf.gz, ../introgression/vcfs/gvcfs/kaga_20.g.vcf.gz, ../introgression/vcfs/gvcfs/kaga_8.g.vcf.gz, ../introgression/vcfs/gvcfs/kaga_10.g.vcf.gz, ../introgression/vcfs/gvcfs/kaga_1.g.vcf.gz, ../introgression/vcfs/gvcfs/kaga_18.g.vcf.gz, ../introgression/vcfs/gvcfs/kaga_2.g.vcf.gz, ../introgression/vcfs/gvcfs/kaga_17.g.vcf.gz, ../introgression/vcfs/final/kaga_7.vcf.gz, ../introgression/vcfs/final/kaga_9.vcf.gz, ../introgression/vcfs/final/kaga_14.vcf.gz, ../introgression/vcfs/final/kaga_16.vcf.gz, ../introgression/vcfs/final/kaga_3.vcf.gz, ../introgression/vcfs/final/kaga_4.vcf.gz, ../introgression/vcfs/final/kaga_19.vcf.gz, ../introgression/vcfs/final/kaga_6.vcf.gz, ../introgression/vcfs/final/kaga_15.vcf.gz, ../introgression/vcfs/final/kaga_11.vcf.gz, ../introgression/vcfs/final/kaga_22.vcf.gz, ../introgression/vcfs/final/kaga_24.vcf.gz, ../introgression/vcfs/final/kaga_13.vcf.gz, ../introgression/vcfs/final/kaga_23.vcf.gz, ../introgression/vcfs/final/kaga_5.vcf.gz, ../introgression/vcfs/final/kaga_12.vcf.gz, ../introgression/vcfs/final/kaga_21.vcf.gz, ../introgression/vcfs/final/kaga_20.vcf.gz, ../introgression/vcfs/final/kaga_8.vcf.gz, ../introgression/vcfs/final/kaga_10.vcf.gz, ../introgression/vcfs/final/kaga_1.vcf.gz, ../introgression/vcfs/final/kaga_18.vcf.gz, ../introgression/vcfs/final/kaga_2.vcf.gz, ../introgression/vcfs/final/kaga_17.vcf.gz, ../introgression/vcfs/final/kaga_7.vcf.gz.tbi, ../introgression/vcfs/final/kaga_9.vcf.gz.tbi, ../introgression/vcfs/final/kaga_14.vcf.gz.tbi, ../introgression/vcfs/final/kaga_16.vcf.gz.tbi, ../introgression/vcfs/final/kaga_3.vcf.gz.tbi, ../introgression/vcfs/final/kaga_4.vcf.gz.tbi, ../introgression/vcfs/final/kaga_19.vcf.gz.tbi, ../introgression/vcfs/final/kaga_6.vcf.gz.tbi, ../introgression/vcfs/final/kaga_15.vcf.gz.tbi, ../introgression/vcfs/final/kaga_11.vcf.gz.tbi, ../introgression/vcfs/final/kaga_22.vcf.gz.tbi, ../introgression/vcfs/final/kaga_24.vcf.gz.tbi, ../introgression/vcfs/final/kaga_13.vcf.gz.tbi, ../introgression/vcfs/final/kaga_23.vcf.gz.tbi, ../introgression/vcfs/final/kaga_5.vcf.gz.tbi, ../introgression/vcfs/final/kaga_12.vcf.gz.tbi, ../introgression/vcfs/final/kaga_21.vcf.gz.tbi, ../introgression/vcfs/final/kaga_20.vcf.gz.tbi, ../introgression/vcfs/final/kaga_8.vcf.gz.tbi, ../introgression/vcfs/final/kaga_10.vcf.gz.tbi, ../introgression/vcfs/final/kaga_1.vcf.gz.tbi, ../introgression/vcfs/final/kaga_18.vcf.gz.tbi, ../introgression/vcfs/final/kaga_2.vcf.gz.tbi, ../introgression/vcfs/final/kaga_17.vcf.gz.tbi
    jobid: 0

[Sat Mar 27 12:25:17 2021]
Finished job 0.
73 of 73 steps (100%) done
Complete log: /hps/research1/birney/users/ian/mikk_paper/mikk_genome/.snakemake/log/2021-03-26T181721.790837.snakemake.log
